#
# A fatal error has been detected by the Java Runtime Environment:
#
#  SIGSEGV (0xb) at pc=0x00007fed849c7ed6, pid=27322, tid=140656489219840
#
# JRE version: Java(TM) SE Runtime Environment (8.0_77-b03) (build 1.8.0_77-b03)
# Java VM: Java HotSpot(TM) 64-Bit Server VM (25.77-b03 mixed mode linux-amd64 compressed oops)
# Problematic frame:
# V  [libjvm.so+0x6ceed6]  jni_invoke_nonstatic(JNIEnv_*, JavaValue*, _jobject*, JNICallType, _jmethodID*, JNI_ArgumentPusher*, Thread*)+0xa26
#
# Failed to write core dump. Core dumps have been disabled. To enable core dumping, try "ulimit -c unlimited" before starting Java again
#
# If you would like to submit a bug report, please visit:
#   http://bugreport.java.com/bugreport/crash.jsp
#

---------------  T H R E A D  ---------------

Current thread (0x00007fed280ef000):  JavaThread "JavaFX Application Thread" [_thread_in_vm, id=27359, stack(0x00007fed24034000,0x00007fed24135000)]

siginfo: si_signo: 11 (SIGSEGV), si_code: 1 (SEGV_MAPERR), si_addr: 0x000000677327b611

Registers:
RAX=0x00007fed8527a830, RBX=0x0000000000000005, RCX=0x0000000000000001, RDX=0x00007fed81a81fd0
RSP=0x00007fed24133090, RBP=0x00007fed24133210, RSI=0x00000001000a9b80, RDI=0x00007fed280ef1f8
R8 =0x000000000000002c, R9 =0x00007fed24133240, R10=0x00007fed04000a70, R11=0x00007fed6d360e20
R12=0x000000677327b609, R13=0x00007fed2805b4e8, R14=0x0000000000000000, R15=0x00007fed280ee928
RIP=0x00007fed849c7ed6, EFLAGS=0x0000000000010202, CSGSFS=0x0000000000000033, ERR=0x0000000000000004
  TRAPNO=0x000000000000000e

Top of Stack: (sp=0x00007fed24133090)
0x00007fed24133090:   00007fed24133760 00007fed241333b0
0x00007fed241330a0:   00007fed241330f0 00007fed24133170
0x00007fed241330b0:   00007fed24133240 00007fed241332a0
0x00007fed241330c0:   00007fed280ef1f8 00007fed849e6d80
0x00007fed241330d0:   00007fed3c008a70 00007fed3c008a80
0x00007fed241330e0:   00007fed3c008e58 00000000000003d8
0x00007fed241330f0:   0000000000000000 00000000d7f4d1d0
0x00007fed24133100:   00007fed0000006f 00007fed0000000a
0x00007fed24133110:   00000000d85acad0 0000000100000000
0x00007fed24133120:   00007fed241331d0 00007fed28085040
0x00007fed24133130:   00007fed81a77ef8 0000000100000100
0x00007fed24133140:   00007fed28085040 00007fed241330f8
0x00007fed24133150:   00007fed24133139 0000000800000005
0x00007fed24133160:   00007fed28087b00 00007fed280eea00
0x00007fed24133170:   00007fed85249830 00007fed85d35470
0x00007fed24133180:   00000000280ee890 00007fed280ef000
0x00007fed24133190:   0000000000000000 00007fed849c78bb
0x00007fed241331a0:   00007fed81a81fd0 00007fed280ef000
0x00007fed241331b0:   00007fed81a81fd0 00007fed280ef000
0x00007fed241331c0:   00007fed24133350 00007fed81a81fd0
0x00007fed241331d0:   00007fed81a81fd0 00007fed81a81fd0
0x00007fed241331e0:   00007fed3c008a70 00007fed24133240
0x00007fed241331f0:   00007fed280ef000 00007fed24133280
0x00007fed24133200:   00007fed2805b4e8 00007fed280ef1f8
0x00007fed24133210:   00007fed24133300 00007fed849cbc8f
0x00007fed24133220:   00007fed280ef000 00007fed28085040
0x00007fed24133230:   00007fed24133318 00000000d8c08760
0x00007fed24133240:   00007fed8524a490 00007fed85d35470
0x00007fed24133250:   0000000004117e70 00007fed00000063
0x00007fed24133260:   0000000000000000 0000003000000018
0x00007fed24133270:   00007fed241333f0 00007fed24133330
0x00007fed24133280:   00007fed280ef000 0000000000000000 

Instructions: (pc=0x00007fed849c7ed6)
0x00007fed849c7eb6:   48 8b 70 08 e8 b1 b8 03 00 48 8b 95 a8 fe ff ff
0x00007fed849c7ec6:   48 89 42 08 e9 8c fd ff ff 48 8b 05 72 39 89 00
0x00007fed849c7ed6:   41 8b 54 24 08 8b 48 08 48 d3 e2 48 03 10 e9 fe
0x00007fed849c7ee6:   fe ff ff 48 8b 7b 18 48 85 ff 0f 84 55 fc ff ff 

Register to memory mapping:

RAX=0x00007fed8527a830: <offset 0xf81830> in /usr/lib/jvm/java-8-oracle/jre/lib/amd64/server/libjvm.so at 0x00007fed842f9000
RBX=0x0000000000000005 is an unknown value
RCX=0x0000000000000001 is an unknown value
RDX={method} {0x00007fed81a81fd0} 'notifyKey' '(II[CI)V' in 'com/sun/glass/ui/View'
RSP=0x00007fed24133090 is pointing into the stack for thread: 0x00007fed280ef000
RBP=0x00007fed24133210 is pointing into the stack for thread: 0x00007fed280ef000
RSI=0x00000001000a9b80 is pointing into metadata
RDI=0x00007fed280ef1f8 is an unknown value
R8 =0x000000000000002c is an unknown value
R9 =0x00007fed24133240 is pointing into the stack for thread: 0x00007fed280ef000
R10=0x00007fed04000a70 is an unknown value
R11=0x00007fed6d360e20 is at entry_point+32 in (nmethod*)0x00007fed6d360c90
R12=0x000000677327b609 is an unknown value
R13=0x00007fed2805b4e8 is an unknown value
R14=0x0000000000000000 is an unknown value
R15=0x00007fed280ee928 is an unknown value


Stack: [0x00007fed24034000,0x00007fed24135000],  sp=0x00007fed24133090,  free space=1020k
Native frames: (J=compiled Java code, j=interpreted, Vv=VM code, C=native code)
V  [libjvm.so+0x6ceed6]  jni_invoke_nonstatic(JNIEnv_*, JavaValue*, _jobject*, JNICallType, _jmethodID*, JNI_ArgumentPusher*, Thread*)+0xa26
V  [libjvm.so+0x6d2c8f]  jni_CallVoidMethodV+0x10f
C  [libglass.so+0x18641]  JNIEnv_::CallVoidMethod(_jobject*, _jmethodID*, ...)+0x81
C  [libglass.so+0x14f0f]  WindowContextBase::process_key(_GdkEventKey*)+0x20f
C  [libglass.so+0x19f60]  WindowContextBase::im_filter_keypress(_GdkEventKey*)+0x1c0
C  [libglass.so+0x1a91c]  process_events(_GdkEvent*, void*)+0x22c
C  [libgdk-x11-2.0.so.0+0x593ec]

Java frames: (J=compiled Java code, j=interpreted, Vv=VM code)
j  com.sun.glass.ui.gtk.GtkApplication._runLoop(Ljava/lang/Runnable;Z)V+0
j  com.sun.glass.ui.gtk.GtkApplication.lambda$null$49(Ljava/lang/Runnable;Z)V+7
j  com.sun.glass.ui.gtk.GtkApplication$$Lambda$43.run()V+12
j  java.lang.Thread.run()V+11
v  ~StubRoutines::call_stub

---------------  P R O C E S S  ---------------

Java Threads: ( => current thread )
  0x00007fed04192000 JavaThread "Prism Font Disposer" daemon [_thread_blocked, id=27361, stack(0x00007fed1a29c000,0x00007fed1a39d000)]
=>0x00007fed280ef000 JavaThread "JavaFX Application Thread" [_thread_in_vm, id=27359, stack(0x00007fed24034000,0x00007fed24135000)]
  0x00007fed280eb000 JavaThread "Thread-2" daemon [_thread_blocked, id=27358, stack(0x00007fed30080000,0x00007fed30181000)]
  0x00007fed28048800 JavaThread "QuantumRenderer-0" daemon [_thread_blocked, id=27349, stack(0x00007fed33ce8000,0x00007fed33de9000)]
  0x00007fed7c202800 JavaThread "JavaFX-Launcher" [_thread_blocked, id=27339, stack(0x00007fed68050000,0x00007fed68151000)]
  0x00007fed7c13b800 JavaThread "Monitor Ctrl-Break" daemon [_thread_in_native, id=27338, stack(0x00007fed68218000,0x00007fed68319000)]
  0x00007fed7c0d3000 JavaThread "Service Thread" daemon [_thread_blocked, id=27336, stack(0x00007fed68649000,0x00007fed6874a000)]
  0x00007fed7c0be000 JavaThread "C1 CompilerThread2" daemon [_thread_blocked, id=27335, stack(0x00007fed6874a000,0x00007fed6884b000)]
  0x00007fed7c0bc000 JavaThread "C2 CompilerThread1" daemon [_thread_in_native, id=27334, stack(0x00007fed6884b000,0x00007fed6894c000)]
  0x00007fed7c0b9000 JavaThread "C2 CompilerThread0" daemon [_thread_blocked, id=27333, stack(0x00007fed6894c000,0x00007fed68a4d000)]
  0x00007fed7c0b8000 JavaThread "Signal Dispatcher" daemon [_thread_blocked, id=27332, stack(0x00007fed68a4d000,0x00007fed68b4e000)]
  0x00007fed7c084800 JavaThread "Finalizer" daemon [_thread_blocked, id=27331, stack(0x00007fed80013000,0x00007fed80114000)]
  0x00007fed7c080000 JavaThread "Reference Handler" daemon [_thread_blocked, id=27330, stack(0x00007fed80114000,0x00007fed80215000)]
  0x00007fed7c00a800 JavaThread "main" [_thread_blocked, id=27324, stack(0x00007fed85dd9000,0x00007fed85eda000)]

Other Threads:
  0x00007fed7c078000 VMThread [stack: 0x00007fed80215000,0x00007fed80316000] [id=27329]
  0x00007fed7c0d6000 WatcherThread [stack: 0x00007fed68548000,0x00007fed68649000] [id=27337]

VM state:not at safepoint (normal execution)

VM Mutex/Monitor currently owned by a thread: None

Heap:
 PSYoungGen      total 36864K, used 7034K [0x00000000d6d00000, 0x00000000d9600000, 0x0000000100000000)
  eden space 31744K, 6% used [0x00000000d6d00000,0x00000000d6ee21e0,0x00000000d8c00000)
  from space 5120K, 99% used [0x00000000d8c00000,0x00000000d90fc6c0,0x00000000d9100000)
  to   space 5120K, 0% used [0x00000000d9100000,0x00000000d9100000,0x00000000d9600000)
 ParOldGen       total 84992K, used 184K [0x0000000084600000, 0x0000000089900000, 0x00000000d6d00000)
  object space 84992K, 0% used [0x0000000084600000,0x000000008462e018,0x0000000089900000)
 Metaspace       used 15001K, capacity 15936K, committed 16128K, reserved 1062912K
  class space    used 2289K, capacity 2480K, committed 2560K, reserved 1048576K

Card table byte_map: [0x00007fed827bb000,0x00007fed82b99000] byte_map_base: 0x00007fed82398000

Marking Bits: (ParMarkBitMap*) 0x00007fed852ae100
 Begin Bits: [0x00007fed69230000, 0x00007fed6b118000)
 End Bits:   [0x00007fed6b118000, 0x00007fed6d000000)

Polling page: 0x00007fed85ef5000

CodeCache: size=245760Kb used=4104Kb max_used=4104Kb free=241655Kb
 bounds [0x00007fed6d000000, 0x00007fed6d410000, 0x00007fed7c000000]
 total_blobs=1838 nmethods=1215 adapters=537
 compilation: enabled

Compilation events (10 events):
Event: 3.220 Thread 0x00007fed7c0be000 nmethod 1210 0x00007fed6d401b10 code [0x00007fed6d401c60, 0x00007fed6d401d70]
Event: 3.220 Thread 0x00007fed7c0be000 1211       1       com.sun.javafx.geom.transform.BaseTransform::getMyy (2 bytes)
Event: 3.220 Thread 0x00007fed7c0be000 nmethod 1211 0x00007fed6d401dd0 code [0x00007fed6d401f40, 0x00007fed6d402050]
Event: 3.220 Thread 0x00007fed7c0be000 1213       3       sun.invoke.util.BytecodeDescriptor::unparseMethod (68 bytes)
Event: 3.221 Thread 0x00007fed7c0be000 nmethod 1213 0x00007fed6d4020d0 code [0x00007fed6d402320, 0x00007fed6d4031d8]
Event: 3.221 Thread 0x00007fed7c0be000 1214       3       jdk.internal.org.objectweb.asm.ClassWriter::visit (121 bytes)
Event: 3.229 Thread 0x00007fed7c0be000 nmethod 1214 0x00007fed6d403990 code [0x00007fed6d403b80, 0x00007fed6d404258]
Event: 3.229 Thread 0x00007fed7c0be000 1215       3       jdk.internal.org.objectweb.asm.ClassVisitor::<init> (35 bytes)
Event: 3.229 Thread 0x00007fed7c0be000 nmethod 1215 0x00007fed6d4046d0 code [0x00007fed6d404860, 0x00007fed6d404b68]
Event: 3.233 Thread 0x00007fed7c0be000 1216       3       javafx.beans.property.IntegerPropertyBase::get (29 bytes)

GC Heap History (2 events):
Event: 3.159 GC heap before
{Heap before GC invocations=1 (full 0):
 PSYoungGen      total 36864K, used 31744K [0x00000000d6d00000, 0x00000000d9600000, 0x0000000100000000)
  eden space 31744K, 100% used [0x00000000d6d00000,0x00000000d8c00000,0x00000000d8c00000)
  from space 5120K, 0% used [0x00000000d9100000,0x00000000d9100000,0x00000000d9600000)
  to   space 5120K, 0% used [0x00000000d8c00000,0x00000000d8c00000,0x00000000d9100000)
 ParOldGen       total 84992K, used 0K [0x0000000084600000, 0x0000000089900000, 0x00000000d6d00000)
  object space 84992K, 0% used [0x0000000084600000,0x0000000084600000,0x0000000089900000)
 Metaspace       used 14673K, capacity 15622K, committed 15744K, reserved 1062912K
  class space    used 2245K, capacity 2427K, committed 2432K, reserved 1048576K
Event: 3.171 GC heap after
Heap after GC invocations=1 (full 0):
 PSYoungGen      total 36864K, used 5105K [0x00000000d6d00000, 0x00000000d9600000, 0x0000000100000000)
  eden space 31744K, 0% used [0x00000000d6d00000,0x00000000d6d00000,0x00000000d8c00000)
  from space 5120K, 99% used [0x00000000d8c00000,0x00000000d90fc6c0,0x00000000d9100000)
  to   space 5120K, 0% used [0x00000000d9100000,0x00000000d9100000,0x00000000d9600000)
 ParOldGen       total 84992K, used 184K [0x0000000084600000, 0x0000000089900000, 0x00000000d6d00000)
  object space 84992K, 0% used [0x0000000084600000,0x000000008462e018,0x0000000089900000)
 Metaspace       used 14673K, capacity 15622K, committed 15744K, reserved 1062912K
  class space    used 2245K, capacity 2427K, committed 2432K, reserved 1048576K
}

Deoptimization events (10 events):
Event: 1.108 Thread 0x00007fed280ef000 Uncommon trap: reason=class_check action=maybe_recompile pc=0x00007fed6d11c2f8 method=java.lang.String.equals(Ljava/lang/Object;)Z @ 8
Event: 1.235 Thread 0x00007fed280ef000 Uncommon trap: reason=class_check action=maybe_recompile pc=0x00007fed6d11c2f8 method=java.lang.String.equals(Ljava/lang/Object;)Z @ 8
Event: 1.362 Thread 0x00007fed280ef000 Uncommon trap: reason=unstable_if action=reinterpret pc=0x00007fed6d27afd0 method=sun.net.www.ParseUtil.encodePath(Ljava/lang/String;Z)Ljava/lang/String; @ 109
Event: 1.378 Thread 0x00007fed280ef000 Uncommon trap: reason=unstable_if action=reinterpret pc=0x00007fed6d2c5880 method=sun.misc.URLClassPath$JarLoader.ensureOpen()V @ 4
Event: 1.491 Thread 0x00007fed280ef000 Uncommon trap: reason=unstable_if action=reinterpret pc=0x00007fed6d2d8364 method=jdk.internal.org.objectweb.asm.Type.getArgumentsAndReturnSizes(Ljava/lang/String;)I @ 47
Event: 2.416 Thread 0x00007fed280ef000 Uncommon trap: reason=class_check action=maybe_recompile pc=0x00007fed6d2a7e50 method=sun.misc.URLClassPath.getLoader(I)Lsun/misc/URLClassPath$Loader; @ 193
Event: 3.003 Thread 0x00007fed280ef000 Uncommon trap: reason=class_check action=maybe_recompile pc=0x00007fed6d2a7e50 method=sun.misc.URLClassPath.getLoader(I)Lsun/misc/URLClassPath$Loader; @ 193
Event: 3.031 Thread 0x00007fed280ef000 Uncommon trap: reason=unstable_if action=reinterpret pc=0x00007fed6d36c800 method=java.lang.StrictMath.floorOrCeil(DDDD)D @ 38
Event: 3.176 Thread 0x00007fed7c084800 Uncommon trap: reason=unstable_if action=reinterpret pc=0x00007fed6d3db4fc method=java.lang.ref.ReferenceQueue.poll()Ljava/lang/ref/Reference; @ 4
Event: 3.229 Thread 0x00007fed280ef000 Uncommon trap: reason=class_check action=maybe_recompile pc=0x00007fed6d2a7e50 method=sun.misc.URLClassPath.getLoader(I)Lsun/misc/URLClassPath$Loader; @ 193

Internal exceptions (10 events):
Event: 0.268 Thread 0x00007fed7c00a800 Exception <a 'java/lang/NoSuchFieldError': method resolution failed> (0x00000000d704ea38) thrown at [/HUDSON/workspace/8-2-build-linux-amd64/jdk8u77/6540/hotspot/src/share/vm/prims/methodHandles.cpp, line 1146]
Event: 0.272 Thread 0x00007fed7c00a800 Exception <a 'java/lang/NoSuchFieldError': method resolution failed> (0x00000000d705bdb8) thrown at [/HUDSON/workspace/8-2-build-linux-amd64/jdk8u77/6540/hotspot/src/share/vm/prims/methodHandles.cpp, line 1146]
Event: 0.308 Thread 0x00007fed7c202800 Exception <a 'java/security/PrivilegedActionException'> (0x00000000d7174a78) thrown at [/HUDSON/workspace/8-2-build-linux-amd64/jdk8u77/6540/hotspot/src/share/vm/prims/jvm.cpp, line 1386]
Event: 0.309 Thread 0x00007fed7c202800 Exception <a 'java/security/PrivilegedActionException'> (0x00000000d7174c88) thrown at [/HUDSON/workspace/8-2-build-linux-amd64/jdk8u77/6540/hotspot/src/share/vm/prims/jvm.cpp, line 1386]
Event: 0.309 Thread 0x00007fed7c202800 Exception <a 'java/security/PrivilegedActionException'> (0x00000000d71770c8) thrown at [/HUDSON/workspace/8-2-build-linux-amd64/jdk8u77/6540/hotspot/src/share/vm/prims/jvm.cpp, line 1386]
Event: 0.309 Thread 0x00007fed7c202800 Exception <a 'java/security/PrivilegedActionException'> (0x00000000d71772d8) thrown at [/HUDSON/workspace/8-2-build-linux-amd64/jdk8u77/6540/hotspot/src/share/vm/prims/jvm.cpp, line 1386]
Event: 0.309 Thread 0x00007fed7c202800 Exception <a 'java/lang/NullPointerException'> (0x00000000d71778b0) thrown at [/HUDSON/workspace/8-2-build-linux-amd64/jdk8u77/6540/hotspot/src/share/vm/interpreter/linkResolver.cpp, line 1178]
Event: 0.671 Thread 0x00007fed280ef000 Exception <a 'java/lang/NullPointerException'> (0x00000000d7845910) thrown at [/HUDSON/workspace/8-2-build-linux-amd64/jdk8u77/6540/hotspot/src/share/vm/interpreter/linkResolver.cpp, line 1178]
Event: 0.671 Thread 0x00007fed280ef000 Exception <a 'java/lang/NullPointerException'> (0x00000000d7845910) thrown at [/HUDSON/workspace/8-2-build-linux-amd64/jdk8u77/6540/hotspot/src/share/vm/prims/jvm.cpp, line 1390]
Event: 1.378 Thread 0x00007fed280ef000 Implicit null exception at 0x00007fed6d2c472e to 0x00007fed6d2c5859

Events (10 events):
Event: 3.222 loading class com/sun/javafx/tk/quantum/WindowStage done
Event: 3.229 loading class server/InitializeConnection
Event: 3.229 loading class server/InitializeConnection done
Event: 3.229 Thread 0x00007fed280ef000 Uncommon trap: trap_request=0xffffffde fr.pc=0x00007fed6d2a7e50
Event: 3.229 Thread 0x00007fed280ef000 DEOPT PACKING pc=0x00007fed6d2a7e50 sp=0x00007fed2412f340
Event: 3.229 Thread 0x00007fed280ef000 DEOPT UNPACKING pc=0x00007fed6d005229 sp=0x00007fed2412f298 mode 2
Event: 3.231 Thread 0x00007fed04216000 Thread added: 0x00007fed04216000
Event: 3.231 loading class com/sun/javafx/scene/KeyboardShortcutsHandler$1
Event: 3.231 loading class com/sun/javafx/scene/KeyboardShortcutsHandler$1 done
Event: 3.232 Thread 0x00007fed04216000 Thread exited: 0x00007fed04216000


Dynamic libraries:
00400000-00401000 r-xp 00000000 08:01 6297170                            /usr/lib/jvm/java-8-oracle/bin/java
00600000-00601000 rw-p 00000000 08:01 6297170                            /usr/lib/jvm/java-8-oracle/bin/java
0248b000-024ac000 rw-p 00000000 00:00 0                                  [heap]
84600000-89900000 rw-p 00000000 00:00 0 
89900000-d6d00000 ---p 00000000 00:00 0 
d6d00000-d9600000 rw-p 00000000 00:00 0 
d9600000-100000000 ---p 00000000 00:00 0 
100000000-100280000 rw-p 00000000 00:00 0 
100280000-140000000 ---p 00000000 00:00 0 
7fecfc000000-7fecfc021000 rw-p 00000000 00:00 0 
7fecfc021000-7fed00000000 ---p 00000000 00:00 0 
7fed04000000-7fed04512000 rw-p 00000000 00:00 0 
7fed04512000-7fed08000000 ---p 00000000 00:00 0 
7fed08000000-7fed08021000 rw-p 00000000 00:00 0 
7fed08021000-7fed0c000000 ---p 00000000 00:00 0 
7fed0c000000-7fed0c022000 rw-p 00000000 00:00 0 
7fed0c022000-7fed10000000 ---p 00000000 00:00 0 
7fed10000000-7fed10021000 rw-p 00000000 00:00 0 
7fed10021000-7fed14000000 ---p 00000000 00:00 0 
7fed14000000-7fed14021000 rw-p 00000000 00:00 0 
7fed14021000-7fed18000000 ---p 00000000 00:00 0 
7fed199bf000-7fed199c2000 ---p 00000000 00:00 0 
7fed199c2000-7fed19c00000 rw-p 00000000 00:00 0 
7fed19c00000-7fed19cc0000 ---p 00000000 00:00 0 
7fed19cc0000-7fed19cc8000 rw-s 00000000 00:05 415564                     /drm mm object (deleted)
7fed19cc8000-7fed19d28000 rw-s 1094eb000 00:06 1553                      /dev/dri/card0
7fed19d28000-7fed19d58000 rw-s 109803000 00:06 1553                      /dev/dri/card0
7fed19d58000-7fed19ed8000 rw-s 108634000 00:06 1553                      /dev/dri/card0
7fed19edc000-7fed19eec000 rw-s 1097f3000 00:06 1553                      /dev/dri/card0
7fed19ef0000-7fed1a070000 rw-s 109673000 00:06 1553                      /dev/dri/card0
7fed1a070000-7fed1a080000 rw-s 109663000 00:06 1553                      /dev/dri/card0
7fed1a080000-7fed1a08c000 rw-s 00000000 00:05 415546                     /drm mm object (deleted)
7fed1a08c000-7fed1a09c000 rw-s 10960f000 00:06 1553                      /dev/dri/card0
7fed1a09c000-7fed1a29c000 rw-p 00000000 00:00 0 
7fed1a29c000-7fed1a29f000 ---p 00000000 00:00 0 
7fed1a29f000-7fed1a39d000 rw-p 00000000 00:00 0                          [stack:27361]
7fed1a39d000-7fed1a453000 r--p 00000000 08:01 133636                     /usr/share/fonts/truetype/dejavu/DejaVuSans.ttf
7fed1a453000-7fed1a48f000 r--p 00000000 08:01 6304671                    /usr/lib/jvm/java-8-oracle/jre/lib/fonts/LucidaTypewriterRegular.ttf
7fed1a48f000-7fed1a4a2000 r--p 00000000 08:01 6304669                    /usr/lib/jvm/java-8-oracle/jre/lib/fonts/LucidaBrightDemiBold.ttf
7fed1a4a2000-7fed1a54d000 r--p 00000000 08:01 6304668                    /usr/lib/jvm/java-8-oracle/jre/lib/fonts/LucidaSansRegular.ttf
7fed1a54d000-7fed1a59b000 r--p 00000000 08:01 6304664                    /usr/lib/jvm/java-8-oracle/jre/lib/fonts/LucidaSansDemiBold.ttf
7fed1a59b000-7fed1a5d5000 r--p 00000000 08:01 6304663                    /usr/lib/jvm/java-8-oracle/jre/lib/fonts/LucidaTypewriterBold.ttf
7fed1a5d5000-7fed1a62a000 r--p 00000000 08:01 6304662                    /usr/lib/jvm/java-8-oracle/jre/lib/fonts/LucidaBrightRegular.ttf
7fed1a62a000-7fed1a62e000 r-xp 00000000 08:01 6304590                    /usr/lib/jvm/java-8-oracle/jre/lib/amd64/libjavafx_font_pango.so
7fed1a62e000-7fed1a82d000 ---p 00004000 08:01 6304590                    /usr/lib/jvm/java-8-oracle/jre/lib/amd64/libjavafx_font_pango.so
7fed1a82d000-7fed1a82e000 rw-p 00003000 08:01 6304590                    /usr/lib/jvm/java-8-oracle/jre/lib/amd64/libjavafx_font_pango.so
7fed1a82e000-7fed1aa2e000 rw-p 00000000 00:00 0 
7fed1aa2e000-7fed1aa33000 r-xp 00000000 08:01 6304610                    /usr/lib/jvm/java-8-oracle/jre/lib/amd64/libjavafx_font_freetype.so
7fed1aa33000-7fed1ac32000 ---p 00005000 08:01 6304610                    /usr/lib/jvm/java-8-oracle/jre/lib/amd64/libjavafx_font_freetype.so
7fed1ac32000-7fed1ac33000 rw-p 00004000 08:01 6304610                    /usr/lib/jvm/java-8-oracle/jre/lib/amd64/libjavafx_font_freetype.so
7fed1ac33000-7fed1ac36000 r-xp 00000000 08:01 6304582                    /usr/lib/jvm/java-8-oracle/jre/lib/amd64/libjavafx_font.so
7fed1ac36000-7fed1ae35000 ---p 00003000 08:01 6304582                    /usr/lib/jvm/java-8-oracle/jre/lib/amd64/libjavafx_font.so
7fed1ae35000-7fed1ae36000 rw-p 00002000 08:01 6304582                    /usr/lib/jvm/java-8-oracle/jre/lib/amd64/libjavafx_font.so
7fed1ae36000-7fed1ae37000 ---p 00000000 00:00 0 
7fed1ae37000-7fed1b637000 rw-p 00000000 00:00 0                          [stack:27357]
7fed1b637000-7fed1b638000 ---p 00000000 00:00 0 
7fed1b638000-7fed1be38000 rw-p 00000000 00:00 0                          [stack:27356]
7fed1be38000-7fed1be43000 r-xp 00000000 08:01 6685091                    /usr/lib/x86_64-linux-gnu/gio/modules/libdconfsettings.so
7fed1be43000-7fed1c043000 ---p 0000b000 08:01 6685091                    /usr/lib/x86_64-linux-gnu/gio/modules/libdconfsettings.so
7fed1c043000-7fed1c044000 r--p 0000b000 08:01 6685091                    /usr/lib/x86_64-linux-gnu/gio/modules/libdconfsettings.so
7fed1c044000-7fed1c045000 rw-p 0000c000 08:01 6685091                    /usr/lib/x86_64-linux-gnu/gio/modules/libdconfsettings.so
7fed1c045000-7fed1c04c000 r-xp 00000000 08:01 6300384                    /usr/lib/x86_64-linux-gnu/libogg.so.0.8.1
7fed1c04c000-7fed1c24c000 ---p 00007000 08:01 6300384                    /usr/lib/x86_64-linux-gnu/libogg.so.0.8.1
7fed1c24c000-7fed1c24d000 r--p 00007000 08:01 6300384                    /usr/lib/x86_64-linux-gnu/libogg.so.0.8.1
7fed1c24d000-7fed1c24e000 rw-p 00008000 08:01 6300384                    /usr/lib/x86_64-linux-gnu/libogg.so.0.8.1
7fed1c24e000-7fed1c27a000 r-xp 00000000 08:01 6300658                    /usr/lib/x86_64-linux-gnu/libvorbis.so.0.4.5
7fed1c27a000-7fed1c479000 ---p 0002c000 08:01 6300658                    /usr/lib/x86_64-linux-gnu/libvorbis.so.0.4.5
7fed1c479000-7fed1c47a000 r--p 0002b000 08:01 6300658                    /usr/lib/x86_64-linux-gnu/libvorbis.so.0.4.5
7fed1c47a000-7fed1c47b000 rw-p 0002c000 08:01 6300658                    /usr/lib/x86_64-linux-gnu/libvorbis.so.0.4.5
7fed1c47b000-7fed1c484000 r-xp 00000000 08:01 6300290                    /usr/lib/x86_64-linux-gnu/libltdl.so.7.3.0
7fed1c484000-7fed1c683000 ---p 00009000 08:01 6300290                    /usr/lib/x86_64-linux-gnu/libltdl.so.7.3.0
7fed1c683000-7fed1c684000 r--p 00008000 08:01 6300290                    /usr/lib/x86_64-linux-gnu/libltdl.so.7.3.0
7fed1c684000-7fed1c685000 rw-p 00009000 08:01 6300290                    /usr/lib/x86_64-linux-gnu/libltdl.so.7.3.0
7fed1c685000-7fed1c696000 r-xp 00000000 08:01 6300579                    /usr/lib/x86_64-linux-gnu/libtdb.so.1.2.12
7fed1c696000-7fed1c895000 ---p 00011000 08:01 6300579                    /usr/lib/x86_64-linux-gnu/libtdb.so.1.2.12
7fed1c895000-7fed1c896000 r--p 00010000 08:01 6300579                    /usr/lib/x86_64-linux-gnu/libtdb.so.1.2.12
7fed1c896000-7fed1c897000 rw-p 00011000 08:01 6300579                    /usr/lib/x86_64-linux-gnu/libtdb.so.1.2.12
7fed1c897000-7fed1c89e000 r-xp 00000000 08:01 6300662                    /usr/lib/x86_64-linux-gnu/libvorbisfile.so.3.3.4
7fed1c89e000-7fed1ca9d000 ---p 00007000 08:01 6300662                    /usr/lib/x86_64-linux-gnu/libvorbisfile.so.3.3.4
7fed1ca9d000-7fed1ca9e000 r--p 00006000 08:01 6300662                    /usr/lib/x86_64-linux-gnu/libvorbisfile.so.3.3.4
7fed1ca9e000-7fed1ca9f000 rw-p 00007000 08:01 6300662                    /usr/lib/x86_64-linux-gnu/libvorbisfile.so.3.3.4
7fed1ca9f000-7fed1caae000 r-xp 00000000 08:01 6299804                    /usr/lib/x86_64-linux-gnu/libcanberra.so.0.2.5
7fed1caae000-7fed1ccad000 ---p 0000f000 08:01 6299804                    /usr/lib/x86_64-linux-gnu/libcanberra.so.0.2.5
7fed1ccad000-7fed1ccae000 r--p 0000e000 08:01 6299804                    /usr/lib/x86_64-linux-gnu/libcanberra.so.0.2.5
7fed1ccae000-7fed1ccaf000 rw-p 0000f000 08:01 6299804                    /usr/lib/x86_64-linux-gnu/libcanberra.so.0.2.5
7fed1ccaf000-7fed1ccb3000 r-xp 00000000 08:01 6299800                    /usr/lib/x86_64-linux-gnu/libcanberra-gtk.so.0.1.9
7fed1ccb3000-7fed1ceb2000 ---p 00004000 08:01 6299800                    /usr/lib/x86_64-linux-gnu/libcanberra-gtk.so.0.1.9
7fed1ceb2000-7fed1ceb3000 r--p 00003000 08:01 6299800                    /usr/lib/x86_64-linux-gnu/libcanberra-gtk.so.0.1.9
7fed1ceb3000-7fed1ceb4000 rw-p 00004000 08:01 6299800                    /usr/lib/x86_64-linux-gnu/libcanberra-gtk.so.0.1.9
7fed1ceb4000-7fed1ceb9000 r-xp 00000000 08:01 6685125                    /usr/lib/x86_64-linux-gnu/gtk-2.0/modules/libcanberra-gtk-module.so
7fed1ceb9000-7fed1d0b8000 ---p 00005000 08:01 6685125                    /usr/lib/x86_64-linux-gnu/gtk-2.0/modules/libcanberra-gtk-module.so
7fed1d0b8000-7fed1d0b9000 r--p 00004000 08:01 6685125                    /usr/lib/x86_64-linux-gnu/gtk-2.0/modules/libcanberra-gtk-module.so
7fed1d0b9000-7fed1d0ba000 rw-p 00005000 08:01 6685125                    /usr/lib/x86_64-linux-gnu/gtk-2.0/modules/libcanberra-gtk-module.so
7fed1d0ba000-7fed1d0e9000 r-xp 00000000 08:01 6685107                    /usr/lib/x86_64-linux-gnu/gtk-2.0/2.10.0/engines/libmurrine.so
7fed1d0e9000-7fed1d2e9000 ---p 0002f000 08:01 6685107                    /usr/lib/x86_64-linux-gnu/gtk-2.0/2.10.0/engines/libmurrine.so
7fed1d2e9000-7fed1d2ea000 r--p 0002f000 08:01 6685107                    /usr/lib/x86_64-linux-gnu/gtk-2.0/2.10.0/engines/libmurrine.so
7fed1d2ea000-7fed1d2eb000 rw-p 00030000 08:01 6685107                    /usr/lib/x86_64-linux-gnu/gtk-2.0/2.10.0/engines/libmurrine.so
7fed1d2eb000-7fed1d2fb000 r-xp 00000000 08:01 6300628                    /usr/lib/x86_64-linux-gnu/libunity-gtk2-parser.so.0.0.0
7fed1d2fb000-7fed1d4fa000 ---p 00010000 08:01 6300628                    /usr/lib/x86_64-linux-gnu/libunity-gtk2-parser.so.0.0.0
7fed1d4fa000-7fed1d4fb000 r--p 0000f000 08:01 6300628                    /usr/lib/x86_64-linux-gnu/libunity-gtk2-parser.so.0.0.0
7fed1d4fb000-7fed1d4fc000 rw-p 00010000 08:01 6300628                    /usr/lib/x86_64-linux-gnu/libunity-gtk2-parser.so.0.0.0
7fed1d4fc000-7fed1d501000 r-xp 00000000 08:01 6685129                    /usr/lib/x86_64-linux-gnu/gtk-2.0/modules/libunity-gtk-module.so
7fed1d501000-7fed1d700000 ---p 00005000 08:01 6685129                    /usr/lib/x86_64-linux-gnu/gtk-2.0/modules/libunity-gtk-module.so
7fed1d700000-7fed1d701000 r--p 00004000 08:01 6685129                    /usr/lib/x86_64-linux-gnu/gtk-2.0/modules/libunity-gtk-module.so
7fed1d701000-7fed1d702000 rw-p 00005000 08:01 6685129                    /usr/lib/x86_64-linux-gnu/gtk-2.0/modules/libunity-gtk-module.so
7fed1d702000-7fed1d713000 r-xp 00000000 08:01 6685128                    /usr/lib/x86_64-linux-gnu/gtk-2.0/modules/liboverlay-scrollbar.so
7fed1d713000-7fed1d912000 ---p 00011000 08:01 6685128                    /usr/lib/x86_64-linux-gnu/gtk-2.0/modules/liboverlay-scrollbar.so
7fed1d912000-7fed1d913000 r--p 00010000 08:01 6685128                    /usr/lib/x86_64-linux-gnu/gtk-2.0/modules/liboverlay-scrollbar.so
7fed1d913000-7fed1d914000 rw-p 00011000 08:01 6685128                    /usr/lib/x86_64-linux-gnu/gtk-2.0/modules/liboverlay-scrollbar.so
7fed1d914000-7fed1d93d000 r-xp 00000000 08:01 6304640                    /usr/lib/jvm/java-8-oracle/jre/lib/amd64/libglass.so
7fed1d93d000-7fed1db3c000 ---p 00029000 08:01 6304640                    /usr/lib/jvm/java-8-oracle/jre/lib/amd64/libglass.so
7fed1db3c000-7fed1db3f000 rw-p 00028000 08:01 6304640                    /usr/lib/jvm/java-8-oracle/jre/lib/amd64/libglass.so
7fed1db3f000-7fed1db76000 r-xp 00000000 08:01 6300611                    /usr/lib/x86_64-linux-gnu/libtxc_dxtn_s2tc.so.0.0.0
7fed1db76000-7fed1dd75000 ---p 00037000 08:01 6300611                    /usr/lib/x86_64-linux-gnu/libtxc_dxtn_s2tc.so.0.0.0
7fed1dd75000-7fed1dd76000 r--p 00036000 08:01 6300611                    /usr/lib/x86_64-linux-gnu/libtxc_dxtn_s2tc.so.0.0.0
7fed1dd76000-7fed1dd77000 rw-p 00037000 08:01 6300611                    /usr/lib/x86_64-linux-gnu/libtxc_dxtn_s2tc.so.0.0.0
7fed1dd77000-7fed1dd7f000 r-xp 00000000 08:01 6300416                    /usr/lib/x86_64-linux-gnu/libpciaccess.so.0.11.1
7fed1dd7f000-7fed1df7e000 ---p 00008000 08:01 6300416                    /usr/lib/x86_64-linux-gnu/libpciaccess.so.0.11.1
7fed1df7e000-7fed1df7f000 r--p 00007000 08:01 6300416                    /usr/lib/x86_64-linux-gnu/libpciaccess.so.0.11.1
7fed1df7f000-7fed1df80000 rw-p 00008000 08:01 6300416                    /usr/lib/x86_64-linux-gnu/libpciaccess.so.0.11.1
7fed1df80000-7fed1df8b000 r-xp 00000000 08:01 6299910                    /usr/lib/x86_64-linux-gnu/libdrm_radeon.so.1.0.1
7fed1df8b000-7fed1e18a000 ---p 0000b000 08:01 6299910                    /usr/lib/x86_64-linux-gnu/libdrm_radeon.so.1.0.1
7fed1e18a000-7fed1e18b000 r--p 0000a000 08:01 6299910                    /usr/lib/x86_64-linux-gnu/libdrm_radeon.so.1.0.1
7fed1e18b000-7fed1e18c000 rw-p 0000b000 08:01 6299910                    /usr/lib/x86_64-linux-gnu/libdrm_radeon.so.1.0.1
7fed1e18c000-7fed1e192000 r-xp 00000000 08:01 6299908                    /usr/lib/x86_64-linux-gnu/libdrm_nouveau.so.2.0.0
7fed1e192000-7fed1e391000 ---p 00006000 08:01 6299908                    /usr/lib/x86_64-linux-gnu/libdrm_nouveau.so.2.0.0
7fed1e391000-7fed1e392000 r--p 00005000 08:01 6299908                    /usr/lib/x86_64-linux-gnu/libdrm_nouveau.so.2.0.0
7fed1e392000-7fed1e393000 rw-p 00006000 08:01 6299908                    /usr/lib/x86_64-linux-gnu/libdrm_nouveau.so.2.0.0
7fed1e393000-7fed1e3b2000 r-xp 00000000 08:01 6306366                    /usr/lib/x86_64-linux-gnu/libdrm_intel.so.1.0.0
7fed1e3b2000-7fed1e5b1000 ---p 0001f000 08:01 6306366                    /usr/lib/x86_64-linux-gnu/libdrm_intel.so.1.0.0
7fed1e5b1000-7fed1e5b2000 r--p 0001e000 08:01 6306366                    /usr/lib/x86_64-linux-gnu/libdrm_intel.so.1.0.0
7fed1e5b2000-7fed1e5b3000 rw-p 0001f000 08:01 6306366                    /usr/lib/x86_64-linux-gnu/libdrm_intel.so.1.0.0
7fed1e5b3000-7fed1eb07000 r-xp 00000000 08:01 6554684                    /usr/lib/x86_64-linux-gnu/dri/i965_dri.so
7fed1eb07000-7fed1ed07000 ---p 00554000 08:01 6554684                    /usr/lib/x86_64-linux-gnu/dri/i965_dri.so
7fed1ed07000-7fed1ed28000 r--p 00554000 08:01 6554684                    /usr/lib/x86_64-linux-gnu/dri/i965_dri.so
7fed1ed28000-7fed1ed2f000 rw-p 00575000 08:01 6554684                    /usr/lib/x86_64-linux-gnu/dri/i965_dri.so
7fed1ed2f000-7fed1ed36000 rw-p 00000000 00:00 0 
7fed1ed36000-7fed1ed7a000 r-xp 00000000 08:01 5771557                    /lib/x86_64-linux-gnu/libdbus-1.so.3.7.6
7fed1ed7a000-7fed1ef79000 ---p 00044000 08:01 5771557                    /lib/x86_64-linux-gnu/libdbus-1.so.3.7.6
7fed1ef79000-7fed1ef7a000 r--p 00043000 08:01 5771557                    /lib/x86_64-linux-gnu/libdbus-1.so.3.7.6
7fed1ef7a000-7fed1ef7b000 rw-p 00044000 08:01 5771557                    /lib/x86_64-linux-gnu/libdbus-1.so.3.7.6
7fed1ef7b000-7fed1ef83000 r-xp 00000000 08:01 5771605                    /lib/x86_64-linux-gnu/libnih-dbus.so.1.0.0
7fed1ef83000-7fed1f183000 ---p 00008000 08:01 5771605                    /lib/x86_64-linux-gnu/libnih-dbus.so.1.0.0
7fed1f183000-7fed1f184000 r--p 00008000 08:01 5771605                    /lib/x86_64-linux-gnu/libnih-dbus.so.1.0.0
7fed1f184000-7fed1f185000 rw-p 00009000 08:01 5771605                    /lib/x86_64-linux-gnu/libnih-dbus.so.1.0.0
7fed1f185000-7fed1f19c000 r-xp 00000000 08:01 5771607                    /lib/x86_64-linux-gnu/libnih.so.1.0.0
7fed1f19c000-7fed1f39b000 ---p 00017000 08:01 5771607                    /lib/x86_64-linux-gnu/libnih.so.1.0.0
7fed1f39b000-7fed1f39c000 r--p 00016000 08:01 5771607                    /lib/x86_64-linux-gnu/libnih.so.1.0.0
7fed1f39c000-7fed1f39d000 rw-p 00017000 08:01 5771607                    /lib/x86_64-linux-gnu/libnih.so.1.0.0
7fed1f39d000-7fed1f3b6000 r-xp 00000000 08:01 5767271                    /lib/x86_64-linux-gnu/libcgmanager.so.0.0.0
7fed1f3b6000-7fed1f5b5000 ---p 00019000 08:01 5767271                    /lib/x86_64-linux-gnu/libcgmanager.so.0.0.0
7fed1f5b5000-7fed1f5b7000 r--p 00018000 08:01 5767271                    /lib/x86_64-linux-gnu/libcgmanager.so.0.0.0
7fed1f5b7000-7fed1f5b8000 rw-p 0001a000 08:01 5767271                    /lib/x86_64-linux-gnu/libcgmanager.so.0.0.0
7fed1f5b8000-7fed1f5c8000 r-xp 00000000 08:01 5771503                    /lib/x86_64-linux-gnu/libudev.so.1.3.5
7fed1f5c8000-7fed1f7c7000 ---p 00010000 08:01 5771503                    /lib/x86_64-linux-gnu/libudev.so.1.3.5
7fed1f7c7000-7fed1f7c8000 r--p 0000f000 08:01 5771503                    /lib/x86_64-linux-gnu/libudev.so.1.3.5
7fed1f7c8000-7fed1f7c9000 rw-p 00010000 08:01 5771503                    /lib/x86_64-linux-gnu/libudev.so.1.3.5
7fed1f7c9000-7fed1f7cf000 r-xp 00000000 08:01 6299868                    /usr/lib/x86_64-linux-gnu/libdatrie.so.1.3.1
7fed1f7cf000-7fed1f9ce000 ---p 00006000 08:01 6299868                    /usr/lib/x86_64-linux-gnu/libdatrie.so.1.3.1
7fed1f9ce000-7fed1f9cf000 r--p 00005000 08:01 6299868                    /usr/lib/x86_64-linux-gnu/libdatrie.so.1.3.1
7fed1f9cf000-7fed1f9d0000 rw-p 00006000 08:01 6299868                    /usr/lib/x86_64-linux-gnu/libdatrie.so.1.3.1
7fed1f9d0000-7fed1f9d5000 r-xp 00000000 08:01 6299676                    /usr/lib/x86_64-linux-gnu/libXdmcp.so.6.0.0
7fed1f9d5000-7fed1fbd4000 ---p 00005000 08:01 6299676                    /usr/lib/x86_64-linux-gnu/libXdmcp.so.6.0.0
7fed1fbd4000-7fed1fbd5000 r--p 00004000 08:01 6299676                    /usr/lib/x86_64-linux-gnu/libXdmcp.so.6.0.0
7fed1fbd5000-7fed1fbd6000 rw-p 00005000 08:01 6299676                    /usr/lib/x86_64-linux-gnu/libXdmcp.so.6.0.0
7fed1fbd6000-7fed1fbd8000 r-xp 00000000 08:01 6299665                    /usr/lib/x86_64-linux-gnu/libXau.so.6.0.0
7fed1fbd8000-7fed1fdd8000 ---p 00002000 08:01 6299665                    /usr/lib/x86_64-linux-gnu/libXau.so.6.0.0
7fed1fdd8000-7fed1fdd9000 r--p 00002000 08:01 6299665                    /usr/lib/x86_64-linux-gnu/libXau.so.6.0.0
7fed1fdd9000-7fed1fdda000 rw-p 00003000 08:01 6299665                    /usr/lib/x86_64-linux-gnu/libXau.so.6.0.0
7fed1fdda000-7fed1fdfe000 r-xp 00000000 08:01 6303487                    /usr/lib/x86_64-linux-gnu/libgraphite2.so.3.0.1
7fed1fdfe000-7fed1fffd000 ---p 00024000 08:01 6303487                    /usr/lib/x86_64-linux-gnu/libgraphite2.so.3.0.1
7fed1fffd000-7fed1ffff000 r--p 00023000 08:01 6303487                    /usr/lib/x86_64-linux-gnu/libgraphite2.so.3.0.1
7fed1ffff000-7fed20000000 rw-p 00025000 08:01 6303487                    /usr/lib/x86_64-linux-gnu/libgraphite2.so.3.0.1
7fed20000000-7fed219fc000 rw-p 00000000 00:00 0 
7fed219fc000-7fed24000000 ---p 00000000 00:00 0 
7fed24003000-7fed24006000 rw-p 00000000 00:00 0 
7fed24006000-7fed24007000 rw-s 00000000 00:05 412562                     /drm mm object (deleted)
7fed24007000-7fed2401a000 r--p 00000000 08:01 6304667                    /usr/lib/jvm/java-8-oracle/jre/lib/fonts/LucidaBrightDemiItalic.ttf
7fed2401a000-7fed2402e000 r--p 00000000 08:01 6304665                    /usr/lib/jvm/java-8-oracle/jre/lib/fonts/LucidaBrightItalic.ttf
7fed2402e000-7fed24033000 r--s 00084000 08:01 6312109                    /usr/lib/jvm/java-8-oracle/jre/lib/jfr.jar
7fed24033000-7fed24034000 r--s 00000000 08:01 2097495                    /var/cache/fontconfig/c05880de57d1f5e948fdfacc138775d9-le64.cache-4
7fed24034000-7fed24037000 ---p 00000000 00:00 0 
7fed24037000-7fed24135000 rw-p 00000000 00:00 0                          [stack:27359]
7fed24135000-7fed24142000 r-xp 00000000 08:01 6306363                    /usr/lib/x86_64-linux-gnu/libdrm.so.2.4.0
7fed24142000-7fed24341000 ---p 0000d000 08:01 6306363                    /usr/lib/x86_64-linux-gnu/libdrm.so.2.4.0
7fed24341000-7fed24342000 r--p 0000c000 08:01 6306363                    /usr/lib/x86_64-linux-gnu/libdrm.so.2.4.0
7fed24342000-7fed24343000 rw-p 0000d000 08:01 6306363                    /usr/lib/x86_64-linux-gnu/libdrm.so.2.4.0
7fed24343000-7fed24344000 r-xp 00000000 08:01 6300741                    /usr/lib/x86_64-linux-gnu/libxshmfence.so.1.0.0
7fed24344000-7fed24543000 ---p 00001000 08:01 6300741                    /usr/lib/x86_64-linux-gnu/libxshmfence.so.1.0.0
7fed24543000-7fed24544000 r--p 00000000 08:01 6300741                    /usr/lib/x86_64-linux-gnu/libxshmfence.so.1.0.0
7fed24544000-7fed24545000 rw-p 00001000 08:01 6300741                    /usr/lib/x86_64-linux-gnu/libxshmfence.so.1.0.0
7fed24545000-7fed2454a000 r-xp 00000000 08:01 6300723                    /usr/lib/x86_64-linux-gnu/libxcb-sync.so.1.0.0
7fed2454a000-7fed24749000 ---p 00005000 08:01 6300723                    /usr/lib/x86_64-linux-gnu/libxcb-sync.so.1.0.0
7fed24749000-7fed2474a000 r--p 00004000 08:01 6300723                    /usr/lib/x86_64-linux-gnu/libxcb-sync.so.1.0.0
7fed2474a000-7fed2474b000 rw-p 00005000 08:01 6300723                    /usr/lib/x86_64-linux-gnu/libxcb-sync.so.1.0.0
7fed2474b000-7fed2474d000 r-xp 00000000 08:01 6300711                    /usr/lib/x86_64-linux-gnu/libxcb-present.so.0.0.0
7fed2474d000-7fed2494c000 ---p 00002000 08:01 6300711                    /usr/lib/x86_64-linux-gnu/libxcb-present.so.0.0.0
7fed2494c000-7fed2494d000 r--p 00001000 08:01 6300711                    /usr/lib/x86_64-linux-gnu/libxcb-present.so.0.0.0
7fed2494d000-7fed2494e000 rw-p 00002000 08:01 6300711                    /usr/lib/x86_64-linux-gnu/libxcb-present.so.0.0.0
7fed2494e000-7fed24950000 r-xp 00000000 08:01 6300701                    /usr/lib/x86_64-linux-gnu/libxcb-dri3.so.0.0.0
7fed24950000-7fed24b4f000 ---p 00002000 08:01 6300701                    /usr/lib/x86_64-linux-gnu/libxcb-dri3.so.0.0.0
7fed24b4f000-7fed24b50000 r--p 00001000 08:01 6300701                    /usr/lib/x86_64-linux-gnu/libxcb-dri3.so.0.0.0
7fed24b50000-7fed24b51000 rw-p 00002000 08:01 6300701                    /usr/lib/x86_64-linux-gnu/libxcb-dri3.so.0.0.0
7fed24b51000-7fed24b54000 r-xp 00000000 08:01 6300699                    /usr/lib/x86_64-linux-gnu/libxcb-dri2.so.0.0.0
7fed24b54000-7fed24d54000 ---p 00003000 08:01 6300699                    /usr/lib/x86_64-linux-gnu/libxcb-dri2.so.0.0.0
7fed24d54000-7fed24d55000 r--p 00003000 08:01 6300699                    /usr/lib/x86_64-linux-gnu/libxcb-dri2.so.0.0.0
7fed24d55000-7fed24d56000 rw-p 00004000 08:01 6300699                    /usr/lib/x86_64-linux-gnu/libxcb-dri2.so.0.0.0
7fed24d56000-7fed24d6b000 r-xp 00000000 08:01 6300703                    /usr/lib/x86_64-linux-gnu/libxcb-glx.so.0.0.0
7fed24d6b000-7fed24f6a000 ---p 00015000 08:01 6300703                    /usr/lib/x86_64-linux-gnu/libxcb-glx.so.0.0.0
7fed24f6a000-7fed24f6c000 r--p 00014000 08:01 6300703                    /usr/lib/x86_64-linux-gnu/libxcb-glx.so.0.0.0
7fed24f6c000-7fed24f6d000 rw-p 00016000 08:01 6300703                    /usr/lib/x86_64-linux-gnu/libxcb-glx.so.0.0.0
7fed24f6d000-7fed24f6e000 r-xp 00000000 08:01 6299659                    /usr/lib/x86_64-linux-gnu/libX11-xcb.so.1.0.0
7fed24f6e000-7fed2516d000 ---p 00001000 08:01 6299659                    /usr/lib/x86_64-linux-gnu/libX11-xcb.so.1.0.0
7fed2516d000-7fed2516e000 r--p 00000000 08:01 6299659                    /usr/lib/x86_64-linux-gnu/libX11-xcb.so.1.0.0
7fed2516e000-7fed2516f000 rw-p 00001000 08:01 6299659                    /usr/lib/x86_64-linux-gnu/libX11-xcb.so.1.0.0
7fed2516f000-7fed25194000 r-xp 00000000 08:01 6295193                    /usr/lib/x86_64-linux-gnu/libglapi.so.0.0.0
7fed25194000-7fed25394000 ---p 00025000 08:01 6295193                    /usr/lib/x86_64-linux-gnu/libglapi.so.0.0.0
7fed25394000-7fed25397000 r--p 00025000 08:01 6295193                    /usr/lib/x86_64-linux-gnu/libglapi.so.0.0.0
7fed25397000-7fed25398000 rw-p 00028000 08:01 6295193                    /usr/lib/x86_64-linux-gnu/libglapi.so.0.0.0
7fed25398000-7fed25399000 rw-p 00000000 00:00 0 
7fed25399000-7fed253d6000 r-xp 00000000 08:01 5767269                    /lib/x86_64-linux-gnu/libpcre.so.3.13.1
7fed253d6000-7fed255d5000 ---p 0003d000 08:01 5767269                    /lib/x86_64-linux-gnu/libpcre.so.3.13.1
7fed255d5000-7fed255d6000 r--p 0003c000 08:01 5767269                    /lib/x86_64-linux-gnu/libpcre.so.3.13.1
7fed255d6000-7fed255d7000 rw-p 0003d000 08:01 5767269                    /lib/x86_64-linux-gnu/libpcre.so.3.13.1
7fed255d7000-7fed255de000 r-xp 00000000 08:01 6291835                    /usr/lib/x86_64-linux-gnu/libffi.so.6.0.1
7fed255de000-7fed257dd000 ---p 00007000 08:01 6291835                    /usr/lib/x86_64-linux-gnu/libffi.so.6.0.1
7fed257dd000-7fed257de000 r--p 00006000 08:01 6291835                    /usr/lib/x86_64-linux-gnu/libffi.so.6.0.1
7fed257de000-7fed257df000 rw-p 00007000 08:01 6291835                    /usr/lib/x86_64-linux-gnu/libffi.so.6.0.1
7fed257df000-7fed25806000 r-xp 00000000 08:01 5767265                    /lib/x86_64-linux-gnu/libexpat.so.1.6.0
7fed25806000-7fed25a06000 ---p 00027000 08:01 5767265                    /lib/x86_64-linux-gnu/libexpat.so.1.6.0
7fed25a06000-7fed25a08000 r--p 00027000 08:01 5767265                    /lib/x86_64-linux-gnu/libexpat.so.1.6.0
7fed25a08000-7fed25a09000 rw-p 00029000 08:01 5767265                    /lib/x86_64-linux-gnu/libexpat.so.1.6.0
7fed25a09000-7fed25a11000 r-xp 00000000 08:01 6300591                    /usr/lib/x86_64-linux-gnu/libthai.so.0.2.0
7fed25a11000-7fed25c10000 ---p 00008000 08:01 6300591                    /usr/lib/x86_64-linux-gnu/libthai.so.0.2.0
7fed25c10000-7fed25c11000 r--p 00007000 08:01 6300591                    /usr/lib/x86_64-linux-gnu/libthai.so.0.2.0
7fed25c11000-7fed25c12000 rw-p 00008000 08:01 6300591                    /usr/lib/x86_64-linux-gnu/libthai.so.0.2.0
7fed25c12000-7fed25c2f000 r-xp 00000000 08:01 6300731                    /usr/lib/x86_64-linux-gnu/libxcb.so.1.1.0
7fed25c2f000-7fed25e2f000 ---p 0001d000 08:01 6300731                    /usr/lib/x86_64-linux-gnu/libxcb.so.1.1.0
7fed25e2f000-7fed25e30000 r--p 0001d000 08:01 6300731                    /usr/lib/x86_64-linux-gnu/libxcb.so.1.1.0
7fed25e30000-7fed25e31000 rw-p 0001e000 08:01 6300731                    /usr/lib/x86_64-linux-gnu/libxcb.so.1.1.0
7fed25e31000-7fed25e39000 r-xp 00000000 08:01 6300717                    /usr/lib/x86_64-linux-gnu/libxcb-render.so.0.0.0
7fed25e39000-7fed26038000 ---p 00008000 08:01 6300717                    /usr/lib/x86_64-linux-gnu/libxcb-render.so.0.0.0
7fed26038000-7fed26039000 r--p 00007000 08:01 6300717                    /usr/lib/x86_64-linux-gnu/libxcb-render.so.0.0.0
7fed26039000-7fed2603a000 rw-p 00008000 08:01 6300717                    /usr/lib/x86_64-linux-gnu/libxcb-render.so.0.0.0
7fed2603a000-7fed2603c000 r-xp 00000000 08:01 6300721                    /usr/lib/x86_64-linux-gnu/libxcb-shm.so.0.0.0
7fed2603c000-7fed2623b000 ---p 00002000 08:01 6300721                    /usr/lib/x86_64-linux-gnu/libxcb-shm.so.0.0.0
7fed2623b000-7fed2623c000 r--p 00001000 08:01 6300721                    /usr/lib/x86_64-linux-gnu/libxcb-shm.so.0.0.0
7fed2623c000-7fed2623d000 rw-p 00002000 08:01 6300721                    /usr/lib/x86_64-linux-gnu/libxcb-shm.so.0.0.0
7fed2623d000-7fed26262000 r-xp 00000000 08:01 5776345                    /lib/x86_64-linux-gnu/libpng12.so.0.50.0
7fed26262000-7fed26461000 ---p 00025000 08:01 5776345                    /lib/x86_64-linux-gnu/libpng12.so.0.50.0
7fed26461000-7fed26462000 r--p 00024000 08:01 5776345                    /lib/x86_64-linux-gnu/libpng12.so.0.50.0
7fed26462000-7fed26463000 rw-p 00025000 08:01 5776345                    /lib/x86_64-linux-gnu/libpng12.so.0.50.0
7fed26463000-7fed26503000 r-xp 00000000 08:01 6297232                    /usr/lib/x86_64-linux-gnu/libpixman-1.so.0.30.2
7fed26503000-7fed26703000 ---p 000a0000 08:01 6297232                    /usr/lib/x86_64-linux-gnu/libpixman-1.so.0.30.2
7fed26703000-7fed2670a000 r--p 000a0000 08:01 6297232                    /usr/lib/x86_64-linux-gnu/libpixman-1.so.0.30.2
7fed2670a000-7fed2670b000 rw-p 000a7000 08:01 6297232                    /usr/lib/x86_64-linux-gnu/libpixman-1.so.0.30.2
7fed2670b000-7fed2675e000 r-xp 00000000 08:01 6300207                    /usr/lib/x86_64-linux-gnu/libharfbuzz.so.0.927.0
7fed2675e000-7fed2695e000 ---p 00053000 08:01 6300207                    /usr/lib/x86_64-linux-gnu/libharfbuzz.so.0.927.0
7fed2695e000-7fed2695f000 r--p 00053000 08:01 6300207                    /usr/lib/x86_64-linux-gnu/libharfbuzz.so.0.927.0
7fed2695f000-7fed26960000 rw-p 00054000 08:01 6300207                    /usr/lib/x86_64-linux-gnu/libharfbuzz.so.0.927.0
7fed26960000-7fed26977000 r-xp 00000000 08:01 5771466                    /lib/x86_64-linux-gnu/libresolv-2.19.so
7fed26977000-7fed26b77000 ---p 00017000 08:01 5771466                    /lib/x86_64-linux-gnu/libresolv-2.19.so
7fed26b77000-7fed26b78000 r--p 00017000 08:01 5771466                    /lib/x86_64-linux-gnu/libresolv-2.19.so
7fed26b78000-7fed26b79000 rw-p 00018000 08:01 5771466                    /lib/x86_64-linux-gnu/libresolv-2.19.so
7fed26b79000-7fed26b7b000 rw-p 00000000 00:00 0 
7fed26b7b000-7fed26b9b000 r-xp 00000000 08:01 5771673                    /lib/x86_64-linux-gnu/libselinux.so.1
7fed26b9b000-7fed26d9a000 ---p 00020000 08:01 5771673                    /lib/x86_64-linux-gnu/libselinux.so.1
7fed26d9a000-7fed26d9b000 r--p 0001f000 08:01 5771673                    /lib/x86_64-linux-gnu/libselinux.so.1
7fed26d9b000-7fed26d9c000 rw-p 00020000 08:01 5771673                    /lib/x86_64-linux-gnu/libselinux.so.1
7fed26d9c000-7fed26d9e000 rw-p 00000000 00:00 0 
7fed26d9e000-7fed26db6000 r-xp 00000000 08:01 5771706                    /lib/x86_64-linux-gnu/libz.so.1.2.8
7fed26db6000-7fed26fb5000 ---p 00018000 08:01 5771706                    /lib/x86_64-linux-gnu/libz.so.1.2.8
7fed26fb5000-7fed26fb6000 r--p 00017000 08:01 5771706                    /lib/x86_64-linux-gnu/libz.so.1.2.8
7fed26fb6000-7fed26fb7000 rw-p 00018000 08:01 5771706                    /lib/x86_64-linux-gnu/libz.so.1.2.8
7fed26fb7000-7fed26fc8000 r-xp 00000000 08:01 6299678                    /usr/lib/x86_64-linux-gnu/libXext.so.6.4.0
7fed26fc8000-7fed271c7000 ---p 00011000 08:01 6299678                    /usr/lib/x86_64-linux-gnu/libXext.so.6.4.0
7fed271c7000-7fed271c8000 r--p 00010000 08:01 6299678                    /usr/lib/x86_64-linux-gnu/libXext.so.6.4.0
7fed271c8000-7fed271c9000 rw-p 00011000 08:01 6299678                    /usr/lib/x86_64-linux-gnu/libXext.so.6.4.0
7fed271c9000-7fed271cb000 r-xp 00000000 08:01 6299674                    /usr/lib/x86_64-linux-gnu/libXdamage.so.1.1.0
7fed271cb000-7fed273ca000 ---p 00002000 08:01 6299674                    /usr/lib/x86_64-linux-gnu/libXdamage.so.1.1.0
7fed273ca000-7fed273cb000 r--p 00001000 08:01 6299674                    /usr/lib/x86_64-linux-gnu/libXdamage.so.1.1.0
7fed273cb000-7fed273cc000 rw-p 00002000 08:01 6299674                    /usr/lib/x86_64-linux-gnu/libXdamage.so.1.1.0
7fed273cc000-7fed273ce000 r-xp 00000000 08:01 6299670                    /usr/lib/x86_64-linux-gnu/libXcomposite.so.1.0.0
7fed273ce000-7fed275cd000 ---p 00002000 08:01 6299670                    /usr/lib/x86_64-linux-gnu/libXcomposite.so.1.0.0
7fed275cd000-7fed275ce000 r--p 00001000 08:01 6299670                    /usr/lib/x86_64-linux-gnu/libXcomposite.so.1.0.0
7fed275ce000-7fed275cf000 rw-p 00002000 08:01 6299670                    /usr/lib/x86_64-linux-gnu/libXcomposite.so.1.0.0
7fed275cf000-7fed275d8000 r-xp 00000000 08:01 6299672                    /usr/lib/x86_64-linux-gnu/libXcursor.so.1.0.2
7fed275d8000-7fed277d7000 ---p 00009000 08:01 6299672                    /usr/lib/x86_64-linux-gnu/libXcursor.so.1.0.2
7fed277d7000-7fed277d8000 r--p 00008000 08:01 6299672                    /usr/lib/x86_64-linux-gnu/libXcursor.so.1.0.2
7fed277d8000-7fed277d9000 rw-p 00009000 08:01 6299672                    /usr/lib/x86_64-linux-gnu/libXcursor.so.1.0.2
7fed277d9000-7fed277e2000 r-xp 00000000 08:01 6299698                    /usr/lib/x86_64-linux-gnu/libXrandr.so.2.2.0
7fed277e2000-7fed279e1000 ---p 00009000 08:01 6299698                    /usr/lib/x86_64-linux-gnu/libXrandr.so.2.2.0
7fed279e1000-7fed279e2000 r--p 00008000 08:01 6299698                    /usr/lib/x86_64-linux-gnu/libXrandr.so.2.2.0
7fed279e2000-7fed279e3000 rw-p 00009000 08:01 6299698                    /usr/lib/x86_64-linux-gnu/libXrandr.so.2.2.0
7fed279e3000-7fed279f2000 r-xp 00000000 08:01 6299686                    /usr/lib/x86_64-linux-gnu/libXi.so.6.1.0
7fed279f2000-7fed27bf1000 ---p 0000f000 08:01 6299686                    /usr/lib/x86_64-linux-gnu/libXi.so.6.1.0
7fed27bf1000-7fed27bf2000 r--p 0000e000 08:01 6299686                    /usr/lib/x86_64-linux-gnu/libXi.so.6.1.0
7fed27bf2000-7fed27bf3000 rw-p 0000f000 08:01 6299686                    /usr/lib/x86_64-linux-gnu/libXi.so.6.1.0
7fed27bf3000-7fed27bf5000 r-xp 00000000 08:01 6299688                    /usr/lib/x86_64-linux-gnu/libXinerama.so.1.0.0
7fed27bf5000-7fed27df4000 ---p 00002000 08:01 6299688                    /usr/lib/x86_64-linux-gnu/libXinerama.so.1.0.0
7fed27df4000-7fed27df5000 r--p 00001000 08:01 6299688                    /usr/lib/x86_64-linux-gnu/libXinerama.so.1.0.0
7fed27df5000-7fed27df6000 rw-p 00002000 08:01 6299688                    /usr/lib/x86_64-linux-gnu/libXinerama.so.1.0.0
7fed27df6000-7fed27dff000 r-xp 00000000 08:01 6299700                    /usr/lib/x86_64-linux-gnu/libXrender.so.1.3.0
7fed27dff000-7fed27ffe000 ---p 00009000 08:01 6299700                    /usr/lib/x86_64-linux-gnu/libXrender.so.1.3.0
7fed27ffe000-7fed27fff000 r--p 00008000 08:01 6299700                    /usr/lib/x86_64-linux-gnu/libXrender.so.1.3.0
7fed27fff000-7fed28000000 rw-p 00009000 08:01 6299700                    /usr/lib/x86_64-linux-gnu/libXrender.so.1.3.0
7fed28000000-7fed280f2000 rw-p 00000000 00:00 0 
7fed280f2000-7fed2c000000 ---p 00000000 00:00 0 
7fed2c000000-7fed2c021000 rw-p 00000000 00:00 0 
7fed2c021000-7fed30000000 ---p 00000000 00:00 0 
7fed30000000-7fed3000b000 r--s 00000000 08:01 2097489                    /var/cache/fontconfig/945677eb7aeaf62f1d50efc3fb3ec7d8-le64.cache-4
7fed3000b000-7fed30011000 r--s 00000000 08:01 2097475                    /var/cache/fontconfig/2cd17615ca594fa2959ae173292e504c-le64.cache-4
7fed30011000-7fed30012000 r--s 00000000 08:01 2097505                    /var/cache/fontconfig/e7071f4a29fa870f4323321c154eba04-le64.cache-4
7fed30012000-7fed30013000 r--s 00000000 08:01 2097472                    /var/cache/fontconfig/0d8c3b2ac0904cb8a57a757ad11a4a08-le64.cache-4
7fed30013000-7fed3001a000 r--s 00000000 08:01 2097492                    /var/cache/fontconfig/a755afe4a08bf5b97852ceb7400b47bc-le64.cache-4
7fed3001a000-7fed3001e000 r--s 00000000 08:01 2108911                    /var/cache/fontconfig/de156ccd2eddbdc19d37a45b8b2aac9c-le64.cache-4
7fed3001e000-7fed30032000 r--s 00000000 08:01 2097470                    /var/cache/fontconfig/04aabc0a78ac019cf9454389977116d2-le64.cache-4
7fed30032000-7fed30033000 r--s 00000000 08:01 2097474                    /var/cache/fontconfig/1ac9eb803944fde146138c791f5cc56a-le64.cache-4
7fed30033000-7fed30037000 r--s 00000000 08:01 2097478                    /var/cache/fontconfig/385c0604a188198f04d133e54aba7fe7-le64.cache-4
7fed30037000-7fed30038000 r--s 00000000 08:01 2097502                    /var/cache/fontconfig/dc05db6664285cc2f12bf69c139ae4c3-le64.cache-4
7fed30038000-7fed3003a000 r--s 00000000 08:01 2097486                    /var/cache/fontconfig/767a8244fc0220cfb567a839d0392e0b-le64.cache-4
7fed3003a000-7fed3003f000 r--s 00000000 08:01 2097488                    /var/cache/fontconfig/8801497958630a81b71ace7c5f9b32a8-le64.cache-4
7fed3003f000-7fed30046000 r--s 00000000 08:01 2097476                    /var/cache/fontconfig/3047814df9a2f067bd2d96a2b9c36e5a-le64.cache-4
7fed30046000-7fed3004c000 r--s 00000000 08:01 2097493                    /var/cache/fontconfig/b47c4e1ecd0709278f4910c18777a504-le64.cache-4
7fed3004c000-7fed3005f000 r--s 00000000 08:01 2097499                    /var/cache/fontconfig/d52a8644073d54c13679302ca1180695-le64.cache-4
7fed3005f000-7fed30068000 r--s 00000000 08:01 2097479                    /var/cache/fontconfig/3f7329c5293ffd510edef78f73874cfd-le64.cache-4
7fed30068000-7fed30073000 r--s 00000000 08:01 2107718                    /var/cache/fontconfig/d589a48862398ed80a3d6066f4f56f4c-le64.cache-4
7fed30073000-7fed30080000 r--s 00000000 08:01 2098635                    /var/cache/fontconfig/e13b20fdb08344e0e664864cc2ede53d-le64.cache-4
7fed30080000-7fed30083000 ---p 00000000 00:00 0 
7fed30083000-7fed30181000 rw-p 00000000 00:00 0                          [stack:27358]
7fed30181000-7fed30186000 r-xp 00000000 08:01 6299680                    /usr/lib/x86_64-linux-gnu/libXfixes.so.3.1.0
7fed30186000-7fed30385000 ---p 00005000 08:01 6299680                    /usr/lib/x86_64-linux-gnu/libXfixes.so.3.1.0
7fed30385000-7fed30386000 r--p 00004000 08:01 6299680                    /usr/lib/x86_64-linux-gnu/libXfixes.so.3.1.0
7fed30386000-7fed30387000 rw-p 00005000 08:01 6299680                    /usr/lib/x86_64-linux-gnu/libXfixes.so.3.1.0
7fed30387000-7fed3039d000 r-xp 00000000 08:01 5771519                    /lib/x86_64-linux-gnu/libgcc_s.so.1
7fed3039d000-7fed3059c000 ---p 00016000 08:01 5771519                    /lib/x86_64-linux-gnu/libgcc_s.so.1
7fed3059c000-7fed3059d000 r--p 00015000 08:01 5771519                    /lib/x86_64-linux-gnu/libgcc_s.so.1
7fed3059d000-7fed3059e000 rw-p 00016000 08:01 5771519                    /lib/x86_64-linux-gnu/libgcc_s.so.1
7fed3059e000-7fed3069f000 r-xp 00000000 08:01 6312042                    /usr/lib/x86_64-linux-gnu/libstdc++.so.6.0.21
7fed3069f000-7fed3089f000 ---p 00101000 08:01 6312042                    /usr/lib/x86_64-linux-gnu/libstdc++.so.6.0.21
7fed3089f000-7fed308a6000 r--p 00101000 08:01 6312042                    /usr/lib/x86_64-linux-gnu/libstdc++.so.6.0.21
7fed308a6000-7fed308a8000 rw-p 00108000 08:01 6312042                    /usr/lib/x86_64-linux-gnu/libstdc++.so.6.0.21
7fed308a8000-7fed308ab000 rw-p 00000000 00:00 0 
7fed308ab000-7fed30939000 r-xp 00000000 08:01 6554694                    /usr/lib/x86_64-linux-gnu/mesa/libGL.so.1.2.0
7fed30939000-7fed30b38000 ---p 0008e000 08:01 6554694                    /usr/lib/x86_64-linux-gnu/mesa/libGL.so.1.2.0
7fed30b38000-7fed30b3b000 r--p 0008d000 08:01 6554694                    /usr/lib/x86_64-linux-gnu/mesa/libGL.so.1.2.0
7fed30b3b000-7fed30b3c000 rw-p 00090000 08:01 6554694                    /usr/lib/x86_64-linux-gnu/mesa/libGL.so.1.2.0
7fed30b3c000-7fed30b3d000 rw-p 00000000 00:00 0 
7fed30b3d000-7fed30b41000 r-xp 00000000 08:01 6299716                    /usr/lib/x86_64-linux-gnu/libXxf86vm.so.1.0.0
7fed30b41000-7fed30d41000 ---p 00004000 08:01 6299716                    /usr/lib/x86_64-linux-gnu/libXxf86vm.so.1.0.0
7fed30d41000-7fed30d42000 r--p 00004000 08:01 6299716                    /usr/lib/x86_64-linux-gnu/libXxf86vm.so.1.0.0
7fed30d42000-7fed30d43000 rw-p 00005000 08:01 6299716                    /usr/lib/x86_64-linux-gnu/libXxf86vm.so.1.0.0
7fed30d43000-7fed30e73000 r-xp 00000000 08:01 6299661                    /usr/lib/x86_64-linux-gnu/libX11.so.6.3.0
7fed30e73000-7fed31073000 ---p 00130000 08:01 6299661                    /usr/lib/x86_64-linux-gnu/libX11.so.6.3.0
7fed31073000-7fed31074000 r--p 00130000 08:01 6299661                    /usr/lib/x86_64-linux-gnu/libX11.so.6.3.0
7fed31074000-7fed31078000 rw-p 00131000 08:01 6299661                    /usr/lib/x86_64-linux-gnu/libX11.so.6.3.0
7fed31078000-7fed3107d000 r-xp 00000000 08:01 6299706                    /usr/lib/x86_64-linux-gnu/libXtst.so.6.1.0
7fed3107d000-7fed3127c000 ---p 00005000 08:01 6299706                    /usr/lib/x86_64-linux-gnu/libXtst.so.6.1.0
7fed3127c000-7fed3127d000 r--p 00004000 08:01 6299706                    /usr/lib/x86_64-linux-gnu/libXtst.so.6.1.0
7fed3127d000-7fed3127e000 rw-p 00005000 08:01 6299706                    /usr/lib/x86_64-linux-gnu/libXtst.so.6.1.0
7fed3127e000-7fed31384000 r-xp 00000000 08:01 5771574                    /lib/x86_64-linux-gnu/libglib-2.0.so.0.4002.0
7fed31384000-7fed31583000 ---p 00106000 08:01 5771574                    /lib/x86_64-linux-gnu/libglib-2.0.so.0.4002.0
7fed31583000-7fed31584000 r--p 00105000 08:01 5771574                    /lib/x86_64-linux-gnu/libglib-2.0.so.0.4002.0
7fed31584000-7fed31585000 rw-p 00106000 08:01 5771574                    /lib/x86_64-linux-gnu/libglib-2.0.so.0.4002.0
7fed31585000-7fed31586000 rw-p 00000000 00:00 0 
7fed31586000-7fed31587000 r-xp 00000000 08:01 6300183                    /usr/lib/x86_64-linux-gnu/libgthread-2.0.so.0.4002.0
7fed31587000-7fed31786000 ---p 00001000 08:01 6300183                    /usr/lib/x86_64-linux-gnu/libgthread-2.0.so.0.4002.0
7fed31786000-7fed31787000 r--p 00000000 08:01 6300183                    /usr/lib/x86_64-linux-gnu/libgthread-2.0.so.0.4002.0
7fed31787000-7fed31788000 rw-p 00001000 08:01 6300183                    /usr/lib/x86_64-linux-gnu/libgthread-2.0.so.0.4002.0
7fed31788000-7fed3178b000 r-xp 00000000 08:01 6300060                    /usr/lib/x86_64-linux-gnu/libgmodule-2.0.so.0.4002.0
7fed3178b000-7fed3198a000 ---p 00003000 08:01 6300060                    /usr/lib/x86_64-linux-gnu/libgmodule-2.0.so.0.4002.0
7fed3198a000-7fed3198b000 r--p 00002000 08:01 6300060                    /usr/lib/x86_64-linux-gnu/libgmodule-2.0.so.0.4002.0
7fed3198b000-7fed3198c000 rw-p 00003000 08:01 6300060                    /usr/lib/x86_64-linux-gnu/libgmodule-2.0.so.0.4002.0
7fed3198c000-7fed319db000 r-xp 00000000 08:01 6300076                    /usr/lib/x86_64-linux-gnu/libgobject-2.0.so.0.4002.0
7fed319db000-7fed31bdb000 ---p 0004f000 08:01 6300076                    /usr/lib/x86_64-linux-gnu/libgobject-2.0.so.0.4002.0
7fed31bdb000-7fed31bdc000 r--p 0004f000 08:01 6300076                    /usr/lib/x86_64-linux-gnu/libgobject-2.0.so.0.4002.0
7fed31bdc000-7fed31bdd000 rw-p 00050000 08:01 6300076                    /usr/lib/x86_64-linux-gnu/libgobject-2.0.so.0.4002.0
7fed31bdd000-7fed31c17000 r-xp 00000000 08:01 6299961                    /usr/lib/x86_64-linux-gnu/libfontconfig.so.1.8.0
7fed31c17000-7fed31e16000 ---p 0003a000 08:01 6299961                    /usr/lib/x86_64-linux-gnu/libfontconfig.so.1.8.0
7fed31e16000-7fed31e18000 r--p 00039000 08:01 6299961                    /usr/lib/x86_64-linux-gnu/libfontconfig.so.1.8.0
7fed31e18000-7fed31e19000 rw-p 0003b000 08:01 6299961                    /usr/lib/x86_64-linux-gnu/libfontconfig.so.1.8.0
7fed31e19000-7fed31eb6000 r-xp 00000000 08:01 6299102                    /usr/lib/x86_64-linux-gnu/libfreetype.so.6.11.1
7fed31eb6000-7fed320b5000 ---p 0009d000 08:01 6299102                    /usr/lib/x86_64-linux-gnu/libfreetype.so.6.11.1
7fed320b5000-7fed320bb000 r--p 0009c000 08:01 6299102                    /usr/lib/x86_64-linux-gnu/libfreetype.so.6.11.1
7fed320bb000-7fed320bc000 rw-p 000a2000 08:01 6299102                    /usr/lib/x86_64-linux-gnu/libfreetype.so.6.11.1
7fed320bc000-7fed32106000 r-xp 00000000 08:01 6300400                    /usr/lib/x86_64-linux-gnu/libpango-1.0.so.0.3600.3
7fed32106000-7fed32306000 ---p 0004a000 08:01 6300400                    /usr/lib/x86_64-linux-gnu/libpango-1.0.so.0.3600.3
7fed32306000-7fed32308000 r--p 0004a000 08:01 6300400                    /usr/lib/x86_64-linux-gnu/libpango-1.0.so.0.3600.3
7fed32308000-7fed32309000 rw-p 0004c000 08:01 6300400                    /usr/lib/x86_64-linux-gnu/libpango-1.0.so.0.3600.3
7fed32309000-7fed3240f000 r-xp 00000000 08:01 6299796                    /usr/lib/x86_64-linux-gnu/libcairo.so.2.11301.0
7fed3240f000-7fed3260e000 ---p 00106000 08:01 6299796                    /usr/lib/x86_64-linux-gnu/libcairo.so.2.11301.0
7fed3260e000-7fed32611000 r--p 00105000 08:01 6299796                    /usr/lib/x86_64-linux-gnu/libcairo.so.2.11301.0
7fed32611000-7fed32612000 rw-p 00108000 08:01 6299796                    /usr/lib/x86_64-linux-gnu/libcairo.so.2.11301.0
7fed32612000-7fed32614000 rw-p 00000000 00:00 0 
7fed32614000-7fed3261f000 r-xp 00000000 08:01 6300402                    /usr/lib/x86_64-linux-gnu/libpangocairo-1.0.so.0.3600.3
7fed3261f000-7fed3281f000 ---p 0000b000 08:01 6300402                    /usr/lib/x86_64-linux-gnu/libpangocairo-1.0.so.0.3600.3
7fed3281f000-7fed32820000 r--p 0000b000 08:01 6300402                    /usr/lib/x86_64-linux-gnu/libpangocairo-1.0.so.0.3600.3
7fed32820000-7fed32821000 rw-p 0000c000 08:01 6300402                    /usr/lib/x86_64-linux-gnu/libpangocairo-1.0.so.0.3600.3
7fed32821000-7fed32841000 r-xp 00000000 08:01 6292383                    /usr/lib/x86_64-linux-gnu/libgdk_pixbuf-2.0.so.0.3000.7
7fed32841000-7fed32a40000 ---p 00020000 08:01 6292383                    /usr/lib/x86_64-linux-gnu/libgdk_pixbuf-2.0.so.0.3000.7
7fed32a40000-7fed32a41000 r--p 0001f000 08:01 6292383                    /usr/lib/x86_64-linux-gnu/libgdk_pixbuf-2.0.so.0.3000.7
7fed32a41000-7fed32a42000 rw-p 00020000 08:01 6292383                    /usr/lib/x86_64-linux-gnu/libgdk_pixbuf-2.0.so.0.3000.7
7fed32a42000-7fed32a56000 r-xp 00000000 08:01 6300404                    /usr/lib/x86_64-linux-gnu/libpangoft2-1.0.so.0.3600.3
7fed32a56000-7fed32c55000 ---p 00014000 08:01 6300404                    /usr/lib/x86_64-linux-gnu/libpangoft2-1.0.so.0.3600.3
7fed32c55000-7fed32c56000 r--p 00013000 08:01 6300404                    /usr/lib/x86_64-linux-gnu/libpangoft2-1.0.so.0.3600.3
7fed32c56000-7fed32c57000 rw-p 00014000 08:01 6300404                    /usr/lib/x86_64-linux-gnu/libpangoft2-1.0.so.0.3600.3
7fed32c57000-7fed32dc3000 r-xp 00000000 08:01 6300048                    /usr/lib/x86_64-linux-gnu/libgio-2.0.so.0.4002.0
7fed32dc3000-7fed32fc2000 ---p 0016c000 08:01 6300048                    /usr/lib/x86_64-linux-gnu/libgio-2.0.so.0.4002.0
7fed32fc2000-7fed32fc6000 r--p 0016b000 08:01 6300048                    /usr/lib/x86_64-linux-gnu/libgio-2.0.so.0.4002.0
7fed32fc6000-7fed32fc8000 rw-p 0016f000 08:01 6300048                    /usr/lib/x86_64-linux-gnu/libgio-2.0.so.0.4002.0
7fed32fc8000-7fed32fca000 rw-p 00000000 00:00 0 
7fed32fca000-7fed32fe9000 r-xp 00000000 08:01 6299757                    /usr/lib/x86_64-linux-gnu/libatk-1.0.so.0.21009.1
7fed32fe9000-7fed331e9000 ---p 0001f000 08:01 6299757                    /usr/lib/x86_64-linux-gnu/libatk-1.0.so.0.21009.1
7fed331e9000-7fed331eb000 r--p 0001f000 08:01 6299757                    /usr/lib/x86_64-linux-gnu/libatk-1.0.so.0.21009.1
7fed331eb000-7fed331ec000 rw-p 00021000 08:01 6299757                    /usr/lib/x86_64-linux-gnu/libatk-1.0.so.0.21009.1
7fed331ec000-7fed33299000 r-xp 00000000 08:01 6291938                    /usr/lib/x86_64-linux-gnu/libgdk-x11-2.0.so.0.2400.23
7fed33299000-7fed33499000 ---p 000ad000 08:01 6291938                    /usr/lib/x86_64-linux-gnu/libgdk-x11-2.0.so.0.2400.23
7fed33499000-7fed3349d000 r--p 000ad000 08:01 6291938                    /usr/lib/x86_64-linux-gnu/libgdk-x11-2.0.so.0.2400.23
7fed3349d000-7fed3349f000 rw-p 000b1000 08:01 6291938                    /usr/lib/x86_64-linux-gnu/libgdk-x11-2.0.so.0.2400.23
7fed3349f000-7fed338cf000 r-xp 00000000 08:01 6295168                    /usr/lib/x86_64-linux-gnu/libgtk-x11-2.0.so.0.2400.23
7fed338cf000-7fed33ace000 ---p 00430000 08:01 6295168                    /usr/lib/x86_64-linux-gnu/libgtk-x11-2.0.so.0.2400.23
7fed33ace000-7fed33ad5000 r--p 0042f000 08:01 6295168                    /usr/lib/x86_64-linux-gnu/libgtk-x11-2.0.so.0.2400.23
7fed33ad5000-7fed33ad9000 rw-p 00436000 08:01 6295168                    /usr/lib/x86_64-linux-gnu/libgtk-x11-2.0.so.0.2400.23
7fed33ad9000-7fed33adc000 rw-p 00000000 00:00 0 
7fed33adc000-7fed33ae8000 r-xp 00000000 08:01 6304629                    /usr/lib/jvm/java-8-oracle/jre/lib/amd64/libprism_es2.so
7fed33ae8000-7fed33ce7000 ---p 0000c000 08:01 6304629                    /usr/lib/jvm/java-8-oracle/jre/lib/amd64/libprism_es2.so
7fed33ce7000-7fed33ce8000 rw-p 0000b000 08:01 6304629                    /usr/lib/jvm/java-8-oracle/jre/lib/amd64/libprism_es2.so
7fed33ce8000-7fed33ceb000 ---p 00000000 00:00 0 
7fed33ceb000-7fed33de9000 rw-p 00000000 00:00 0                          [stack:27349]
7fed33de9000-7fed33dff000 r-xp 00000000 08:01 6304571                    /usr/lib/jvm/java-8-oracle/jre/lib/amd64/libnet.so
7fed33dff000-7fed33fff000 ---p 00016000 08:01 6304571                    /usr/lib/jvm/java-8-oracle/jre/lib/amd64/libnet.so
7fed33fff000-7fed34000000 rw-p 00016000 08:01 6304571                    /usr/lib/jvm/java-8-oracle/jre/lib/amd64/libnet.so
7fed34000000-7fed34021000 rw-p 00000000 00:00 0 
7fed34021000-7fed38000000 ---p 00000000 00:00 0 
7fed38000000-7fed38021000 rw-p 00000000 00:00 0 
7fed38021000-7fed3c000000 ---p 00000000 00:00 0 
7fed3c000000-7fed3c115000 rw-p 00000000 00:00 0 
7fed3c115000-7fed40000000 ---p 00000000 00:00 0 
7fed40000000-7fed401f6000 rw-p 00000000 00:00 0 
7fed401f6000-7fed44000000 ---p 00000000 00:00 0 
7fed44000000-7fed44021000 rw-p 00000000 00:00 0 
7fed44021000-7fed48000000 ---p 00000000 00:00 0 
7fed48000000-7fed48249000 rw-p 00000000 00:00 0 
7fed48249000-7fed4c000000 ---p 00000000 00:00 0 
7fed4c000000-7fed4c021000 rw-p 00000000 00:00 0 
7fed4c021000-7fed50000000 ---p 00000000 00:00 0 
7fed50000000-7fed50021000 rw-p 00000000 00:00 0 
7fed50021000-7fed54000000 ---p 00000000 00:00 0 
7fed54000000-7fed54021000 rw-p 00000000 00:00 0 
7fed54021000-7fed58000000 ---p 00000000 00:00 0 
7fed58000000-7fed58021000 rw-p 00000000 00:00 0 
7fed58021000-7fed5c000000 ---p 00000000 00:00 0 
7fed5c000000-7fed5c021000 rw-p 00000000 00:00 0 
7fed5c021000-7fed60000000 ---p 00000000 00:00 0 
7fed60000000-7fed60021000 rw-p 00000000 00:00 0 
7fed60021000-7fed64000000 ---p 00000000 00:00 0 
7fed64000000-7fed64021000 rw-p 00000000 00:00 0 
7fed64021000-7fed68000000 ---p 00000000 00:00 0 
7fed68000000-7fed68001000 r--s 00000000 08:01 2100549                    /var/cache/fontconfig/4794a0821666d79190d59a36cb4f44b5-le64.cache-4
7fed68001000-7fed68002000 r--s 00000000 08:01 2097482                    /var/cache/fontconfig/56cf4f4769d0f4abc89a4895d7bd3ae1-le64.cache-4
7fed68002000-7fed68005000 r--s 00000000 08:01 2104701                    /var/cache/fontconfig/e49e89034d371f0f9de17aab02136486-le64.cache-4
7fed68005000-7fed68007000 r--s 00000000 08:01 2104679                    /var/cache/fontconfig/4b14b093aebc79c320de5e86ae1d3314-le64.cache-4
7fed68007000-7fed6800b000 r--s 00000000 08:01 2104429                    /var/cache/fontconfig/7ef2298fde41cc6eeb7af42e48b7d293-le64.cache-4
7fed6800b000-7fed68010000 r--p 00000000 08:01 6835502                    /home/augustus/.config/dconf/user
7fed68010000-7fed68050000 r--p 00000000 08:01 134867                     /usr/share/glib-2.0/schemas/gschemas.compiled
7fed68050000-7fed68053000 ---p 00000000 00:00 0 
7fed68053000-7fed68182000 rw-p 00000000 00:00 0                          [stack:27339]
7fed68182000-7fed68218000 r--s 01102000 08:01 6303489                    /usr/lib/jvm/java-8-oracle/jre/lib/ext/jfxrt.jar
7fed68218000-7fed6821b000 ---p 00000000 00:00 0 
7fed6821b000-7fed68319000 rw-p 00000000 00:00 0                          [stack:27338]
7fed68319000-7fed6831a000 r-xp 00000000 08:01 7085931                    /home/augustus/appDev/tools/idea-IU-143.1184.17/bin/libbreakgen64.so
7fed6831a000-7fed68519000 ---p 00001000 08:01 7085931                    /home/augustus/appDev/tools/idea-IU-143.1184.17/bin/libbreakgen64.so
7fed68519000-7fed6851a000 r--p 00000000 08:01 7085931                    /home/augustus/appDev/tools/idea-IU-143.1184.17/bin/libbreakgen64.so
7fed6851a000-7fed6851b000 rw-p 00001000 08:01 7085931                    /home/augustus/appDev/tools/idea-IU-143.1184.17/bin/libbreakgen64.so
7fed6851b000-7fed6852d000 r--s 00345000 08:01 6312107                    /usr/lib/jvm/java-8-oracle/jre/lib/resources.jar
7fed6852d000-7fed68548000 r--s 00208000 08:01 6312138                    /usr/lib/jvm/java-8-oracle/jre/lib/deploy.jar
7fed68548000-7fed68549000 ---p 00000000 00:00 0 
7fed68549000-7fed68649000 rw-p 00000000 00:00 0                          [stack:27337]
7fed68649000-7fed6864c000 ---p 00000000 00:00 0 
7fed6864c000-7fed6874a000 rw-p 00000000 00:00 0                          [stack:27336]
7fed6874a000-7fed6874d000 ---p 00000000 00:00 0 
7fed6874d000-7fed6884b000 rw-p 00000000 00:00 0                          [stack:27335]
7fed6884b000-7fed6884e000 ---p 00000000 00:00 0 
7fed6884e000-7fed6894c000 rw-p 00000000 00:00 0                          [stack:27334]
7fed6894c000-7fed6894f000 ---p 00000000 00:00 0 
7fed6894f000-7fed68a4d000 rw-p 00000000 00:00 0                          [stack:27333]
7fed68a4d000-7fed68a50000 ---p 00000000 00:00 0 
7fed68a50000-7fed68b4e000 rw-p 00000000 00:00 0                          [stack:27332]
7fed68b4e000-7fed69230000 r--p 00000000 08:01 6298603                    /usr/lib/locale/locale-archive
7fed69230000-7fed6d000000 rw-p 00000000 00:00 0 
7fed6d000000-7fed6d410000 rwxp 00000000 00:00 0 
7fed6d410000-7fed7c000000 ---p 00000000 00:00 0 
7fed7c000000-7fed7c41e000 rw-p 00000000 00:00 0 
7fed7c41e000-7fed80000000 ---p 00000000 00:00 0 
7fed80000000-7fed80013000 r--s 000d6000 08:01 6303533                    /usr/lib/jvm/java-8-oracle/jre/lib/plugin.jar
7fed80013000-7fed80016000 ---p 00000000 00:00 0 
7fed80016000-7fed80114000 rw-p 00000000 00:00 0                          [stack:27331]
7fed80114000-7fed80117000 ---p 00000000 00:00 0 
7fed80117000-7fed80215000 rw-p 00000000 00:00 0                          [stack:27330]
7fed80215000-7fed80216000 ---p 00000000 00:00 0 
7fed80216000-7fed812f8000 rw-p 00000000 00:00 0                          [stack:27329]
7fed812f8000-7fed814d0000 r--s 03d1e000 08:01 6312108                    /usr/lib/jvm/java-8-oracle/jre/lib/rt.jar
7fed814d0000-7fed82123000 rw-p 00000000 00:00 0 
7fed82123000-7fed82124000 ---p 00000000 00:00 0 
7fed82124000-7fed82224000 rw-p 00000000 00:00 0                          [stack:27328]
7fed82224000-7fed82225000 ---p 00000000 00:00 0 
7fed82225000-7fed82325000 rw-p 00000000 00:00 0                          [stack:27327]
7fed82325000-7fed82326000 ---p 00000000 00:00 0 
7fed82326000-7fed82426000 rw-p 00000000 00:00 0                          [stack:27326]
7fed82426000-7fed82427000 ---p 00000000 00:00 0 
7fed82427000-7fed82551000 rw-p 00000000 00:00 0                          [stack:27325]
7fed82551000-7fed827bb000 ---p 00000000 00:00 0 
7fed827bb000-7fed827e5000 rw-p 00000000 00:00 0 
7fed827e5000-7fed82a4e000 ---p 00000000 00:00 0 
7fed82a4e000-7fed82a63000 rw-p 00000000 00:00 0 
7fed82a63000-7fed82b98000 ---p 00000000 00:00 0 
7fed82b98000-7fed82baa000 rw-p 00000000 00:00 0 
7fed82baa000-7fed82f59000 ---p 00000000 00:00 0 
7fed82f59000-7fed82f73000 r-xp 00000000 08:01 6304607                    /usr/lib/jvm/java-8-oracle/jre/lib/amd64/libzip.so
7fed82f73000-7fed83173000 ---p 0001a000 08:01 6304607                    /usr/lib/jvm/java-8-oracle/jre/lib/amd64/libzip.so
7fed83173000-7fed83174000 rw-p 0001a000 08:01 6304607                    /usr/lib/jvm/java-8-oracle/jre/lib/amd64/libzip.so
7fed83174000-7fed8317f000 r-xp 00000000 08:01 5780436                    /lib/x86_64-linux-gnu/libnss_files-2.19.so
7fed8317f000-7fed8337e000 ---p 0000b000 08:01 5780436                    /lib/x86_64-linux-gnu/libnss_files-2.19.so
7fed8337e000-7fed8337f000 r--p 0000a000 08:01 5780436                    /lib/x86_64-linux-gnu/libnss_files-2.19.so
7fed8337f000-7fed83380000 rw-p 0000b000 08:01 5780436                    /lib/x86_64-linux-gnu/libnss_files-2.19.so
7fed83380000-7fed8338b000 r-xp 00000000 08:01 5771678                    /lib/x86_64-linux-gnu/libnss_nis-2.19.so
7fed8338b000-7fed8358a000 ---p 0000b000 08:01 5771678                    /lib/x86_64-linux-gnu/libnss_nis-2.19.so
7fed8358a000-7fed8358b000 r--p 0000a000 08:01 5771678                    /lib/x86_64-linux-gnu/libnss_nis-2.19.so
7fed8358b000-7fed8358c000 rw-p 0000b000 08:01 5771678                    /lib/x86_64-linux-gnu/libnss_nis-2.19.so
7fed8358c000-7fed835a3000 r-xp 00000000 08:01 5771642                    /lib/x86_64-linux-gnu/libnsl-2.19.so
7fed835a3000-7fed837a2000 ---p 00017000 08:01 5771642                    /lib/x86_64-linux-gnu/libnsl-2.19.so
7fed837a2000-7fed837a3000 r--p 00016000 08:01 5771642                    /lib/x86_64-linux-gnu/libnsl-2.19.so
7fed837a3000-7fed837a4000 rw-p 00017000 08:01 5771642                    /lib/x86_64-linux-gnu/libnsl-2.19.so
7fed837a4000-7fed837a6000 rw-p 00000000 00:00 0 
7fed837a6000-7fed837af000 r-xp 00000000 08:01 5771597                    /lib/x86_64-linux-gnu/libnss_compat-2.19.so
7fed837af000-7fed839ae000 ---p 00009000 08:01 5771597                    /lib/x86_64-linux-gnu/libnss_compat-2.19.so
7fed839ae000-7fed839af000 r--p 00008000 08:01 5771597                    /lib/x86_64-linux-gnu/libnss_compat-2.19.so
7fed839af000-7fed839b0000 rw-p 00009000 08:01 5771597                    /lib/x86_64-linux-gnu/libnss_compat-2.19.so
7fed839b0000-7fed839da000 r-xp 00000000 08:01 6304634                    /usr/lib/jvm/java-8-oracle/jre/lib/amd64/libjava.so
7fed839da000-7fed83bda000 ---p 0002a000 08:01 6304634                    /usr/lib/jvm/java-8-oracle/jre/lib/amd64/libjava.so
7fed83bda000-7fed83bdc000 rw-p 0002a000 08:01 6304634                    /usr/lib/jvm/java-8-oracle/jre/lib/amd64/libjava.so
7fed83bdc000-7fed83be9000 r-xp 00000000 08:01 6304585                    /usr/lib/jvm/java-8-oracle/jre/lib/amd64/libverify.so
7fed83be9000-7fed83de9000 ---p 0000d000 08:01 6304585                    /usr/lib/jvm/java-8-oracle/jre/lib/amd64/libverify.so
7fed83de9000-7fed83deb000 rw-p 0000d000 08:01 6304585                    /usr/lib/jvm/java-8-oracle/jre/lib/amd64/libverify.so
7fed83deb000-7fed83df2000 r-xp 00000000 08:01 5772790                    /lib/x86_64-linux-gnu/librt-2.19.so
7fed83df2000-7fed83ff1000 ---p 00007000 08:01 5772790                    /lib/x86_64-linux-gnu/librt-2.19.so
7fed83ff1000-7fed83ff2000 r--p 00006000 08:01 5772790                    /lib/x86_64-linux-gnu/librt-2.19.so
7fed83ff2000-7fed83ff3000 rw-p 00007000 08:01 5772790                    /lib/x86_64-linux-gnu/librt-2.19.so
7fed83ff3000-7fed840f8000 r-xp 00000000 08:01 5771566                    /lib/x86_64-linux-gnu/libm-2.19.so
7fed840f8000-7fed842f7000 ---p 00105000 08:01 5771566                    /lib/x86_64-linux-gnu/libm-2.19.so
7fed842f7000-7fed842f8000 r--p 00104000 08:01 5771566                    /lib/x86_64-linux-gnu/libm-2.19.so
7fed842f8000-7fed842f9000 rw-p 00105000 08:01 5771566                    /lib/x86_64-linux-gnu/libm-2.19.so
7fed842f9000-7fed84fb8000 r-xp 00000000 08:01 6304618                    /usr/lib/jvm/java-8-oracle/jre/lib/amd64/server/libjvm.so
7fed84fb8000-7fed851b7000 ---p 00cbf000 08:01 6304618                    /usr/lib/jvm/java-8-oracle/jre/lib/amd64/server/libjvm.so
7fed851b7000-7fed85290000 rw-p 00cbe000 08:01 6304618                    /usr/lib/jvm/java-8-oracle/jre/lib/amd64/server/libjvm.so
7fed85290000-7fed852d9000 rw-p 00000000 00:00 0 
7fed852d9000-7fed85494000 r-xp 00000000 08:01 5772791                    /lib/x86_64-linux-gnu/libc-2.19.so
7fed85494000-7fed85693000 ---p 001bb000 08:01 5772791                    /lib/x86_64-linux-gnu/libc-2.19.so
7fed85693000-7fed85697000 r--p 001ba000 08:01 5772791                    /lib/x86_64-linux-gnu/libc-2.19.so
7fed85697000-7fed85699000 rw-p 001be000 08:01 5772791                    /lib/x86_64-linux-gnu/libc-2.19.so
7fed85699000-7fed8569e000 rw-p 00000000 00:00 0 
7fed8569e000-7fed856a1000 r-xp 00000000 08:01 5771571                    /lib/x86_64-linux-gnu/libdl-2.19.so
7fed856a1000-7fed858a0000 ---p 00003000 08:01 5771571                    /lib/x86_64-linux-gnu/libdl-2.19.so
7fed858a0000-7fed858a1000 r--p 00002000 08:01 5771571                    /lib/x86_64-linux-gnu/libdl-2.19.so
7fed858a1000-7fed858a2000 rw-p 00003000 08:01 5771571                    /lib/x86_64-linux-gnu/libdl-2.19.so
7fed858a2000-7fed858b7000 r-xp 00000000 08:01 6302219                    /usr/lib/jvm/java-8-oracle/lib/amd64/jli/libjli.so
7fed858b7000-7fed85ab7000 ---p 00015000 08:01 6302219                    /usr/lib/jvm/java-8-oracle/lib/amd64/jli/libjli.so
7fed85ab7000-7fed85ab8000 rw-p 00015000 08:01 6302219                    /usr/lib/jvm/java-8-oracle/lib/amd64/jli/libjli.so
7fed85ab8000-7fed85ad1000 r-xp 00000000 08:01 5771643                    /lib/x86_64-linux-gnu/libpthread-2.19.so
7fed85ad1000-7fed85cd0000 ---p 00019000 08:01 5771643                    /lib/x86_64-linux-gnu/libpthread-2.19.so
7fed85cd0000-7fed85cd1000 r--p 00018000 08:01 5771643                    /lib/x86_64-linux-gnu/libpthread-2.19.so
7fed85cd1000-7fed85cd2000 rw-p 00019000 08:01 5771643                    /lib/x86_64-linux-gnu/libpthread-2.19.so
7fed85cd2000-7fed85cd6000 rw-p 00000000 00:00 0 
7fed85cd6000-7fed85cf9000 r-xp 00000000 08:01 5771657                    /lib/x86_64-linux-gnu/ld-2.19.so
7fed85cf9000-7fed85cfa000 r--s 00000000 08:01 2097494                    /var/cache/fontconfig/b9d506c9ac06c20b433354fa67a72993-le64.cache-4
7fed85cfa000-7fed85cfb000 r--s 00000000 08:01 2097471                    /var/cache/fontconfig/0c9eb80ebd1c36541ebe2852d3bb0c49-le64.cache-4
7fed85cfb000-7fed85cfc000 r--s 00000000 00:16 374917                     /run/user/1000/dconf/user
7fed85cfc000-7fed85cfe000 r--s 0001e000 08:01 7085876                    /home/augustus/appDev/tools/idea-IU-143.1184.17/lib/idea_rt.jar
7fed85cfe000-7fed85cff000 r--s 00000000 08:01 6312097                    /usr/lib/jvm/java-8-oracle/jre/lib/management-agent.jar
7fed85cff000-7fed85d03000 r--s 00097000 08:01 6303534                    /usr/lib/jvm/java-8-oracle/jre/lib/jsse.jar
7fed85d03000-7fed85d05000 r--s 00007000 08:01 6304762                    /usr/lib/jvm/java-8-oracle/jre/lib/jfxswt.jar
7fed85d05000-7fed85d0e000 r--s 0006c000 08:01 6312131                    /usr/lib/jvm/java-8-oracle/jre/lib/javaws.jar
7fed85d0e000-7fed85dd9000 rw-p 00000000 00:00 0 
7fed85dd9000-7fed85ddc000 ---p 00000000 00:00 0 
7fed85ddc000-7fed85ede000 rw-p 00000000 00:00 0                          [stack:27324]
7fed85ede000-7fed85ee3000 r--s 00084000 08:01 6312109                    /usr/lib/jvm/java-8-oracle/jre/lib/jfr.jar
7fed85ee3000-7fed85ee6000 r--s 0001a000 08:01 6312134                    /usr/lib/jvm/java-8-oracle/jre/lib/jce.jar
7fed85ee6000-7fed85eec000 r--s 002f8000 08:01 6304651                    /usr/lib/jvm/java-8-oracle/jre/lib/charsets.jar
7fed85eec000-7fed85ef4000 rw-s 00000000 08:01 2370990                    /tmp/hsperfdata_augustus/27322
7fed85ef4000-7fed85ef5000 rw-p 00000000 00:00 0 
7fed85ef5000-7fed85ef6000 r--p 00000000 00:00 0 
7fed85ef6000-7fed85ef8000 rw-p 00000000 00:00 0 
7fed85ef8000-7fed85ef9000 r--p 00022000 08:01 5771657                    /lib/x86_64-linux-gnu/ld-2.19.so
7fed85ef9000-7fed85efa000 rw-p 00023000 08:01 5771657                    /lib/x86_64-linux-gnu/ld-2.19.so
7fed85efa000-7fed85efb000 rw-p 00000000 00:00 0 
7ffe486c9000-7ffe486ea000 rw-p 00000000 00:00 0                          [stack]
7ffe487e2000-7ffe487e4000 r--p 00000000 00:00 0                          [vvar]
7ffe487e4000-7ffe487e6000 r-xp 00000000 00:00 0                          [vdso]
ffffffffff600000-ffffffffff601000 r-xp 00000000 00:00 0                  [vsyscall]

VM Arguments:
jvm_args: -Didea.launcher.port=7535 -Didea.launcher.bin.path=/home/augustus/appDev/tools/idea-IU-143.1184.17/bin -Dfile.encoding=UTF-8 
java_command: com.intellij.rt.execution.application.AppMain server.Main
java_class_path (initial): /usr/lib/jvm/java-8-oracle/jre/lib/charsets.jar:/usr/lib/jvm/java-8-oracle/jre/lib/deploy.jar:/usr/lib/jvm/java-8-oracle/jre/lib/ext/cldrdata.jar:/usr/lib/jvm/java-8-oracle/jre/lib/ext/dnsns.jar:/usr/lib/jvm/java-8-oracle/jre/lib/ext/jaccess.jar:/usr/lib/jvm/java-8-oracle/jre/lib/ext/jfxrt.jar:/usr/lib/jvm/java-8-oracle/jre/lib/ext/localedata.jar:/usr/lib/jvm/java-8-oracle/jre/lib/ext/nashorn.jar:/usr/lib/jvm/java-8-oracle/jre/lib/ext/sunec.jar:/usr/lib/jvm/java-8-oracle/jre/lib/ext/sunjce_provider.jar:/usr/lib/jvm/java-8-oracle/jre/lib/ext/sunpkcs11.jar:/usr/lib/jvm/java-8-oracle/jre/lib/ext/zipfs.jar:/usr/lib/jvm/java-8-oracle/jre/lib/javaws.jar:/usr/lib/jvm/java-8-oracle/jre/lib/jce.jar:/usr/lib/jvm/java-8-oracle/jre/lib/jfr.jar:/usr/lib/jvm/java-8-oracle/jre/lib/jfxswt.jar:/usr/lib/jvm/java-8-oracle/jre/lib/jsse.jar:/usr/lib/jvm/java-8-oracle/jre/lib/management-agent.jar:/usr/lib/jvm/java-8-oracle/jre/lib/plugin.jar:/usr/lib/jvm/java-8-oracle/jre/lib/resources.jar:/usr/lib/jvm/java-8-oracle/jre/lib/rt.jar:/home/augustus/IdeaProjects/PlayGamesServer/out/production/PlayGamesServer:/home/augustus/appDev/tools/idea-IU-143.1184.17/lib/idea_rt.jar
Launcher Type: SUN_STANDARD

Environment Variables:
JAVA_HOME=/usr/lib/jvm/java-8-oracle
PATH=/usr/local/sbin:/usr/local/bin:/usr/sbin:/usr/bin:/sbin:/bin:/usr/games:/usr/local/games:/usr/lib/jvm/java-8-oracle/bin:/usr/lib/jvm/java-8-oracle/db/bin:/usr/lib/jvm/java-8-oracle/jre/bin
LD_LIBRARY_PATH=/home/augustus/appDev/tools/idea-IU-143.1184.17/bin:
SHELL=/bin/bash
DISPLAY=:0

Signal Handlers:
SIGSEGV: [libjvm.so+0xabb070], sa_mask[0]=11111111011111111101111111111110, sa_flags=SA_RESTART|SA_SIGINFO
SIGBUS: [libjvm.so+0xabb070], sa_mask[0]=11111111011111111101111111111110, sa_flags=SA_RESTART|SA_SIGINFO
SIGFPE: [libjvm.so+0x918480], sa_mask[0]=11111111011111111101111111111110, sa_flags=SA_RESTART|SA_SIGINFO
SIGPIPE: SIG_IGN, sa_mask[0]=00000000000010000000000000000000, sa_flags=SA_RESTART
SIGXFSZ: [libjvm.so+0x918480], sa_mask[0]=11111111011111111101111111111110, sa_flags=SA_RESTART|SA_SIGINFO
SIGILL: [libjvm.so+0x918480], sa_mask[0]=11111111011111111101111111111110, sa_flags=SA_RESTART|SA_SIGINFO
SIGUSR1: SIG_DFL, sa_mask[0]=00000000000000000000000000000000, sa_flags=none
SIGUSR2: [libjvm.so+0x919ab0], sa_mask[0]=00100000000000000000000000000000, sa_flags=SA_RESTART|SA_SIGINFO
SIGHUP: [libjvm.so+0x91aeb0], sa_mask[0]=11111111011111111101111111111110, sa_flags=SA_RESTART|SA_SIGINFO
SIGINT: [libjvm.so+0x91aeb0], sa_mask[0]=11111111011111111101111111111110, sa_flags=SA_RESTART|SA_SIGINFO
SIGTERM: [libjvm.so+0x91aeb0], sa_mask[0]=11111111011111111101111111111110, sa_flags=SA_RESTART|SA_SIGINFO
SIGQUIT: [libjvm.so+0x91aeb0], sa_mask[0]=11111111011111111101111111111110, sa_flags=SA_RESTART|SA_SIGINFO


---------------  S Y S T E M  ---------------

OS:DISTRIB_ID=Ubuntu
DISTRIB_RELEASE=14.04
DISTRIB_CODENAME=trusty
DISTRIB_DESCRIPTION="Ubuntu 14.04.4 LTS"

uname:Linux 3.19.0-58-generic #64~14.04.1-Ubuntu SMP Fri Mar 18 19:05:43 UTC 2016 x86_64
libc:glibc 2.19 NPTL 2.19 
rlimit: STACK 8192k, CORE 0k, NPROC 31557, NOFILE 4096, AS infinity
load average:4.79 2.70 1.47

/proc/meminfo:
MemTotal:        8100080 kB
MemFree:         1412148 kB
MemAvailable:    4172320 kB
Buffers:          327240 kB
Cached:          3059932 kB
SwapCached:            0 kB
Active:          4468100 kB
Inactive:        1861132 kB
Active(anon):    2945744 kB
Inactive(anon):   585588 kB
Active(file):    1522356 kB
Inactive(file):  1275544 kB
Unevictable:         476 kB
Mlocked:             476 kB
SwapTotal:       8311804 kB
SwapFree:        8311804 kB
Dirty:              2928 kB
Writeback:             0 kB
AnonPages:       2942600 kB
Mapped:           479680 kB
Shmem:            589276 kB
Slab:             254088 kB
SReclaimable:     215676 kB
SUnreclaim:        38412 kB
KernelStack:       10288 kB
PageTables:        44980 kB
NFS_Unstable:          0 kB
Bounce:                0 kB
WritebackTmp:          0 kB
CommitLimit:    12361844 kB
Committed_AS:    8700324 kB
VmallocTotal:   34359738367 kB
VmallocUsed:      362236 kB
VmallocChunk:   34359362648 kB
HardwareCorrupted:     0 kB
AnonHugePages:   1468416 kB
CmaTotal:              0 kB
CmaFree:               0 kB
HugePages_Total:       0
HugePages_Free:        0
HugePages_Rsvd:        0
HugePages_Surp:        0
Hugepagesize:       2048 kB
DirectMap4k:      162172 kB
DirectMap2M:     8151040 kB


CPU:total 4 (2 cores per cpu, 2 threads per core) family 6 model 37 stepping 2, cmov, cx8, fxsr, mmx, sse, sse2, sse3, ssse3, sse4.1, sse4.2, popcnt, aes, clmul, ht, tsc, tscinvbit

/proc/cpuinfo:
processor	: 0
vendor_id	: GenuineIntel
cpu family	: 6
model		: 37
model name	: Intel(R) Core(TM) i5 CPU       M 520  @ 2.40GHz
stepping	: 2
microcode	: 0x9
cpu MHz		: 2266.000
cache size	: 3072 KB
physical id	: 0
siblings	: 4
core id		: 0
cpu cores	: 2
apicid		: 0
initial apicid	: 0
fpu		: yes
fpu_exception	: yes
cpuid level	: 11
wp		: yes
flags		: fpu vme de pse tsc msr pae mce cx8 apic sep mtrr pge mca cmov pat pse36 clflush dts acpi mmx fxsr sse sse2 ss ht tm pbe syscall nx rdtscp lm constant_tsc arch_perfmon pebs bts rep_good nopl xtopology nonstop_tsc aperfmperf pni pclmulqdq dtes64 monitor ds_cpl vmx smx est tm2 ssse3 cx16 xtpr pdcm sse4_1 sse4_2 popcnt aes lahf_lm ida arat dtherm tpr_shadow vnmi flexpriority ept vpid
bugs		:
bogomips	: 4788.14
clflush size	: 64
cache_alignment	: 64
address sizes	: 36 bits physical, 48 bits virtual
power management:

processor	: 1
vendor_id	: GenuineIntel
cpu family	: 6
model		: 37
model name	: Intel(R) Core(TM) i5 CPU       M 520  @ 2.40GHz
stepping	: 2
microcode	: 0x9
cpu MHz		: 2400.000
cache size	: 3072 KB
physical id	: 0
siblings	: 4
core id		: 2
cpu cores	: 2
apicid		: 4
initial apicid	: 4
fpu		: yes
fpu_exception	: yes
cpuid level	: 11
wp		: yes
flags		: fpu vme de pse tsc msr pae mce cx8 apic sep mtrr pge mca cmov pat pse36 clflush dts acpi mmx fxsr sse sse2 ss ht tm pbe syscall nx rdtscp lm constant_tsc arch_perfmon pebs bts rep_good nopl xtopology nonstop_tsc aperfmperf pni pclmulqdq dtes64 monitor ds_cpl vmx smx est tm2 ssse3 cx16 xtpr pdcm sse4_1 sse4_2 popcnt aes lahf_lm ida arat dtherm tpr_shadow vnmi flexpriority ept vpid
bugs		:
bogomips	: 4788.14
clflush size	: 64
cache_alignment	: 64
address sizes	: 36 bits physical, 48 bits virtual
power management:

processor	: 2
vendor_id	: GenuineIntel
cpu family	: 6
model		: 37
model name	: Intel(R) Core(TM) i5 CPU       M 520  @ 2.40GHz
stepping	: 2
microcode	: 0x9
cpu MHz		: 2400.000
cache size	: 3072 KB
physical id	: 0
siblings	: 4
core id		: 0
cpu cores	: 2
apicid		: 1
initial apicid	: 1
fpu		: yes
fpu_exception	: yes
cpuid level	: 11
wp		: yes
flags		: fpu vme de pse tsc msr pae mce cx8 apic sep mtrr pge mca cmov pat pse36 clflush dts acpi mmx fxsr sse sse2 ss ht tm pbe syscall nx rdtscp lm constant_tsc arch_perfmon pebs bts rep_good nopl xtopology nonstop_tsc aperfmperf pni pclmulqdq dtes64 monitor ds_cpl vmx smx est tm2 ssse3 cx16 xtpr pdcm sse4_1 sse4_2 popcnt aes lahf_lm ida arat dtherm tpr_shadow vnmi flexpriority ept vpid
bugs		:
bogomips	: 4788.14
clflush size	: 64
cache_alignment	: 64
address sizes	: 36 bits physical, 48 bits virtual
power management:

processor	: 3
vendor_id	: GenuineIntel
cpu family	: 6
model		: 37
model name	: Intel(R) Core(TM) i5 CPU       M 520  @ 2.40GHz
stepping	: 2
microcode	: 0x9
cpu MHz		: 1999.000
cache size	: 3072 KB
physical id	: 0
siblings	: 4
core id		: 2
cpu cores	: 2
apicid		: 5
initial apicid	: 5
fpu		: yes
fpu_exception	: yes
cpuid level	: 11
wp		: yes
flags		: fpu vme de pse tsc msr pae mce cx8 apic sep mtrr pge mca cmov pat pse36 clflush dts acpi mmx fxsr sse sse2 ss ht tm pbe syscall nx rdtscp lm constant_tsc arch_perfmon pebs bts rep_good nopl xtopology nonstop_tsc aperfmperf pni pclmulqdq dtes64 monitor ds_cpl vmx smx est tm2 ssse3 cx16 xtpr pdcm sse4_1 sse4_2 popcnt aes lahf_lm ida arat dtherm tpr_shadow vnmi flexpriority ept vpid
bugs		:
bogomips	: 4788.14
clflush size	: 64
cache_alignment	: 64
address sizes	: 36 bits physical, 48 bits virtual
power management:



Memory: 4k page, physical 8100080k(1412148k free), swap 8311804k(8311804k free)

vm_info: Java HotSpot(TM) 64-Bit Server VM (25.77-b03) for linux-amd64 JRE (1.8.0_77-b03), built on Mar 20 2016 22:00:46 by "java_re" with gcc 4.3.0 20080428 (Red Hat 4.3.0-8)

time: Wed Apr 13 14:38:35 2016
elapsed time: 3 seconds (0d 0h 0m 3s)

