#
# A fatal error has been detected by the Java Runtime Environment:
#
#  SIGSEGV (0xb) at pc=0x00007f984a970ed6, pid=2709, tid=140290289760000
#
# JRE version: Java(TM) SE Runtime Environment (8.0_77-b03) (build 1.8.0_77-b03)
# Java VM: Java HotSpot(TM) 64-Bit Server VM (25.77-b03 mixed mode linux-amd64 compressed oops)
# Problematic frame:
# V  [libjvm.so+0x6ceed6]  jni_invoke_nonstatic(JNIEnv_*, JavaValue*, _jobject*, JNICallType, _jmethodID*, JNI_ArgumentPusher*, Thread*)+0xa26
#
# Failed to write core dump. Core dumps have been disabled. To enable core dumping, try "ulimit -c unlimited" before starting Java again
#
# If you would like to submit a bug report, please visit:
#   http://bugreport.java.com/bugreport/crash.jsp
#

---------------  T H R E A D  ---------------

Current thread (0x00007f97f40ee000):  JavaThread "JavaFX Application Thread" [_thread_in_vm, id=2745, stack(0x00007f97e0d2f000,0x00007f97e0e30000)]

siginfo: si_signo: 11 (SIGSEGV), si_code: 1 (SEGV_MAPERR), si_addr: 0x000000677327b611

Registers:
RAX=0x00007f984b223830, RBX=0x0000000000000005, RCX=0x0000000000000001, RDX=0x00007f983495efd0
RSP=0x00007f97e0e2e010, RBP=0x00007f97e0e2e190, RSI=0x00000001000a9b80, RDI=0x00007f97f40ee1f8
R8 =0x000000000000003b, R9 =0x00007f97e0e2e1c0, R10=0x00007f97cc000a70, R11=0x00007f9835377c60
R12=0x000000677327b609, R13=0x00007f97f405a388, R14=0x0000000000000000, R15=0x00007f97f40ed5a8
RIP=0x00007f984a970ed6, EFLAGS=0x0000000000010202, CSGSFS=0x0000000000000033, ERR=0x0000000000000004
  TRAPNO=0x000000000000000e

Top of Stack: (sp=0x00007f97e0e2e010)
0x00007f97e0e2e010:   00007f97e0e2e6e0 00007f97e0e2e330
0x00007f97e0e2e020:   00007f97e0e2e070 00007f97e0e2e0f0
0x00007f97e0e2e030:   00007f97e0e2e1c0 00007f97e0e2e220
0x00007f97e0e2e040:   00007f97f40ee1f8 00007f984a98fd80
0x00007f97e0e2e050:   00007f980c04e430 00007f980c04e440
0x00007f97e0e2e060:   00007f980c04e818 00000000000003d8
0x00007f97e0e2e070:   0000000000000000 00000000d7f4d060
0x00007f97e0e2e080:   00007f980000006f 00007f970000000a
0x00007f97e0e2e090:   00000000d85add80 0000000100000000
0x00007f97e0e2e0a0:   00007f97e0e2e150 00007f97f4085040
0x00007f97e0e2e0b0:   00007f9834954ef8 0000000100000100
0x00007f97e0e2e0c0:   00007f97f4085040 00007f97e0e2e078
0x00007f97e0e2e0d0:   00007f97e0e2e0b9 0000000800000005
0x00007f97e0e2e0e0:   00007f97f4088800 00007f97f40cbda0
0x00007f97e0e2e0f0:   00007f984b1f2830 00007f984bcde470
0x00007f97e0e2e100:   00000000f40cb6f0 00007f97f40ee000
0x00007f97e0e2e110:   0000000000000000 00007f984a9708bb
0x00007f97e0e2e120:   00007f983495efd0 00007f97f40ee000
0x00007f97e0e2e130:   00007f983495efd0 00007f97f40ee000
0x00007f97e0e2e140:   00007f97e0e2e2d0 00007f983495efd0
0x00007f97e0e2e150:   00007f983495efd0 00007f983495efd0
0x00007f97e0e2e160:   00007f980c04e430 00007f97e0e2e1c0
0x00007f97e0e2e170:   00007f97f40ee000 00007f97e0e2e200
0x00007f97e0e2e180:   00007f97f405a388 00007f97f40ee1f8
0x00007f97e0e2e190:   00007f97e0e2e280 00007f984a974c8f
0x00007f97e0e2e1a0:   00007f97f40ee000 00007f97f4085040
0x00007f97e0e2e1b0:   00007f97e0e2e298 00000000d8c08b38
0x00007f97e0e2e1c0:   00007f984b1f3490 00007f984bcde470
0x00007f97e0e2e1d0:   00000000cc116c00 00007f9700000063
0x00007f97e0e2e1e0:   0000000000000000 0000003000000018
0x00007f97e0e2e1f0:   00007f97e0e2e370 00007f97e0e2e2b0
0x00007f97e0e2e200:   00007f97f40ee000 0000000000000000 

Instructions: (pc=0x00007f984a970ed6)
0x00007f984a970eb6:   48 8b 70 08 e8 b1 b8 03 00 48 8b 95 a8 fe ff ff
0x00007f984a970ec6:   48 89 42 08 e9 8c fd ff ff 48 8b 05 72 39 89 00
0x00007f984a970ed6:   41 8b 54 24 08 8b 48 08 48 d3 e2 48 03 10 e9 fe
0x00007f984a970ee6:   fe ff ff 48 8b 7b 18 48 85 ff 0f 84 55 fc ff ff 

Register to memory mapping:

RAX=0x00007f984b223830: <offset 0xf81830> in /usr/lib/jvm/java-8-oracle/jre/lib/amd64/server/libjvm.so at 0x00007f984a2a2000
RBX=0x0000000000000005 is an unknown value
RCX=0x0000000000000001 is an unknown value
RDX={method} {0x00007f983495efd0} 'notifyKey' '(II[CI)V' in 'com/sun/glass/ui/View'
RSP=0x00007f97e0e2e010 is pointing into the stack for thread: 0x00007f97f40ee000
RBP=0x00007f97e0e2e190 is pointing into the stack for thread: 0x00007f97f40ee000
RSI=0x00000001000a9b80 is pointing into metadata
RDI=0x00007f97f40ee1f8 is an unknown value
R8 =0x000000000000003b is an unknown value
R9 =0x00007f97e0e2e1c0 is pointing into the stack for thread: 0x00007f97f40ee000
R10=0x00007f97cc000a70 is an unknown value
R11=0x00007f9835377c60 is at entry_point+32 in (nmethod*)0x00007f9835377ad0
R12=0x000000677327b609 is an unknown value
R13=0x00007f97f405a388 is an unknown value
R14=0x0000000000000000 is an unknown value
R15=0x00007f97f40ed5a8 is an unknown value


Stack: [0x00007f97e0d2f000,0x00007f97e0e30000],  sp=0x00007f97e0e2e010,  free space=1020k
Native frames: (J=compiled Java code, j=interpreted, Vv=VM code, C=native code)
V  [libjvm.so+0x6ceed6]  jni_invoke_nonstatic(JNIEnv_*, JavaValue*, _jobject*, JNICallType, _jmethodID*, JNI_ArgumentPusher*, Thread*)+0xa26
V  [libjvm.so+0x6d2c8f]  jni_CallVoidMethodV+0x10f
C  [libglass.so+0x18641]  JNIEnv_::CallVoidMethod(_jobject*, _jmethodID*, ...)+0x81
C  [libglass.so+0x14f0f]  WindowContextBase::process_key(_GdkEventKey*)+0x20f
C  [libglass.so+0x19f60]  WindowContextBase::im_filter_keypress(_GdkEventKey*)+0x1c0
C  [libglass.so+0x1a91c]  process_events(_GdkEvent*, void*)+0x22c
C  [libgdk-x11-2.0.so.0+0x593ec]

Java frames: (J=compiled Java code, j=interpreted, Vv=VM code)
j  com.sun.glass.ui.gtk.GtkApplication._runLoop(Ljava/lang/Runnable;Z)V+0
j  com.sun.glass.ui.gtk.GtkApplication.lambda$null$49(Ljava/lang/Runnable;Z)V+7
j  com.sun.glass.ui.gtk.GtkApplication$$Lambda$43.run()V+12
j  java.lang.Thread.run()V+11
v  ~StubRoutines::call_stub

---------------  P R O C E S S  ---------------

Java Threads: ( => current thread )
  0x00007f97cc1f2000 JavaThread "Thread-3" [_thread_blocked, id=2750, stack(0x00007f97cb946000,0x00007f97cba47000)]
  0x00007f97cc18a000 JavaThread "Prism Font Disposer" daemon [_thread_blocked, id=2747, stack(0x00007f97e024b000,0x00007f97e034c000)]
=>0x00007f97f40ee000 JavaThread "JavaFX Application Thread" [_thread_in_vm, id=2745, stack(0x00007f97e0d2f000,0x00007f97e0e30000)]
  0x00007f97f40ea800 JavaThread "Thread-2" daemon [_thread_blocked, id=2743, stack(0x00007f97e1631000,0x00007f97e1732000)]
  0x00007f97f4048800 JavaThread "QuantumRenderer-0" daemon [_thread_blocked, id=2741, stack(0x00007f9825cc6000,0x00007f9825dc7000)]
  0x00007f984419a000 JavaThread "JavaFX-Launcher" [_thread_blocked, id=2740, stack(0x00007f9825dc7000,0x00007f9825ec8000)]
  0x00007f984412b000 JavaThread "Monitor Ctrl-Break" daemon [_thread_in_native, id=2727, stack(0x00007f98261a6000,0x00007f98262a7000)]
  0x00007f98440c1000 JavaThread "Service Thread" daemon [_thread_blocked, id=2722, stack(0x00007f98265ea000,0x00007f98266eb000)]
  0x00007f98440be000 JavaThread "C1 CompilerThread2" daemon [_thread_blocked, id=2721, stack(0x00007f98266eb000,0x00007f98267ec000)]
  0x00007f98440bc000 JavaThread "C2 CompilerThread1" daemon [_thread_blocked, id=2720, stack(0x00007f98267ec000,0x00007f98268ed000)]
  0x00007f98440b9000 JavaThread "C2 CompilerThread0" daemon [_thread_blocked, id=2719, stack(0x00007f98268ed000,0x00007f98269ee000)]
  0x00007f98440b8000 JavaThread "Signal Dispatcher" daemon [_thread_blocked, id=2718, stack(0x00007f98269ee000,0x00007f9826aef000)]
  0x00007f9844084800 JavaThread "Finalizer" daemon [_thread_blocked, id=2717, stack(0x00007f98271d1000,0x00007f98272d2000)]
  0x00007f9844080000 JavaThread "Reference Handler" daemon [_thread_blocked, id=2716, stack(0x00007f98272d2000,0x00007f98273d3000)]
  0x00007f984400a800 JavaThread "main" [_thread_blocked, id=2710, stack(0x00007f984bd82000,0x00007f984be83000)]

Other Threads:
  0x00007f9844078000 VMThread [stack: 0x00007f98273d3000,0x00007f98274d4000] [id=2715]
  0x00007f98440c3800 WatcherThread [stack: 0x00007f98264e9000,0x00007f98265ea000] [id=2723]

VM state:synchronizing (normal execution)

VM Mutex/Monitor currently owned by a thread:  ([mutex/lock_event])
[0x00007f9844006a50] Threads_lock - owner thread: 0x00007f9844078000

Heap:
 PSYoungGen      total 36864K, used 7034K [0x00000000d6d00000, 0x00000000d9600000, 0x0000000100000000)
  eden space 31744K, 6% used [0x00000000d6d00000,0x00000000d6ee2260,0x00000000d8c00000)
  from space 5120K, 99% used [0x00000000d8c00000,0x00000000d90fc6f8,0x00000000d9100000)
  to   space 5120K, 0% used [0x00000000d9100000,0x00000000d9100000,0x00000000d9600000)
 ParOldGen       total 84992K, used 144K [0x0000000084600000, 0x0000000089900000, 0x00000000d6d00000)
  object space 84992K, 0% used [0x0000000084600000,0x0000000084624000,0x0000000089900000)
 Metaspace       used 15020K, capacity 16000K, committed 16128K, reserved 1062912K
  class space    used 2289K, capacity 2480K, committed 2560K, reserved 1048576K

Card table byte_map: [0x00007f9848764000,0x00007f9848b42000] byte_map_base: 0x00007f9848341000

Marking Bits: (ParMarkBitMap*) 0x00007f984b257100
 Begin Bits: [0x00007f982c230000, 0x00007f982e118000)
 End Bits:   [0x00007f982e118000, 0x00007f9830000000)

Polling page: 0x00007f984be9e000

CodeCache: size=245760Kb used=4187Kb max_used=4187Kb free=241572Kb
 bounds [0x00007f9835000000, 0x00007f9835420000, 0x00007f9844000000]
 total_blobs=1850 nmethods=1227 adapters=537
 compilation: enabled

Compilation events (10 events):
Event: 5.212 Thread 0x00007f98440be000 1224       3       sun.invoke.util.BytecodeDescriptor::unparseMethod (68 bytes)
Event: 5.223 Thread 0x00007f98440be000 nmethod 1224 0x00007f98354145d0 code [0x00007f9835414820, 0x00007f98354156d8]
Event: 5.223 Thread 0x00007f98440be000 1228       3       jdk.internal.org.objectweb.asm.ClassWriter::visit (121 bytes)
Event: 5.224 Thread 0x00007f98440be000 nmethod 1228 0x00007f9835415e90 code [0x00007f9835416080, 0x00007f9835416758]
Event: 5.224 Thread 0x00007f98440be000 1225       3       jdk.internal.org.objectweb.asm.ClassWriter::<init> (122 bytes)
Event: 5.225 Thread 0x00007f98440be000 nmethod 1225 0x00007f9835416bd0 code [0x00007f9835416de0, 0x00007f9835417808]
Event: 5.225 Thread 0x00007f98440be000 1226       3       jdk.internal.org.objectweb.asm.ClassVisitor::<init> (7 bytes)
Event: 5.225 Thread 0x00007f98440be000 nmethod 1226 0x00007f9835417c10 code [0x00007f9835417da0, 0x00007f9835418108]
Event: 5.225 Thread 0x00007f98440be000 1227       3       jdk.internal.org.objectweb.asm.ClassVisitor::<init> (35 bytes)
Event: 5.226 Thread 0x00007f98440be000 nmethod 1227 0x00007f9835418290 code [0x00007f9835418420, 0x00007f9835418728]

GC Heap History (2 events):
Event: 5.147 GC heap before
{Heap before GC invocations=1 (full 0):
 PSYoungGen      total 36864K, used 31744K [0x00000000d6d00000, 0x00000000d9600000, 0x0000000100000000)
  eden space 31744K, 100% used [0x00000000d6d00000,0x00000000d8c00000,0x00000000d8c00000)
  from space 5120K, 0% used [0x00000000d9100000,0x00000000d9100000,0x00000000d9600000)
  to   space 5120K, 0% used [0x00000000d8c00000,0x00000000d8c00000,0x00000000d9100000)
 ParOldGen       total 84992K, used 0K [0x0000000084600000, 0x0000000089900000, 0x00000000d6d00000)
  object space 84992K, 0% used [0x0000000084600000,0x0000000084600000,0x0000000089900000)
 Metaspace       used 14691K, capacity 15622K, committed 15744K, reserved 1062912K
  class space    used 2245K, capacity 2427K, committed 2432K, reserved 1048576K
Event: 5.160 GC heap after
Heap after GC invocations=1 (full 0):
 PSYoungGen      total 36864K, used 5105K [0x00000000d6d00000, 0x00000000d9600000, 0x0000000100000000)
  eden space 31744K, 0% used [0x00000000d6d00000,0x00000000d6d00000,0x00000000d8c00000)
  from space 5120K, 99% used [0x00000000d8c00000,0x00000000d90fc6f8,0x00000000d9100000)
  to   space 5120K, 0% used [0x00000000d9100000,0x00000000d9100000,0x00000000d9600000)
 ParOldGen       total 84992K, used 144K [0x0000000084600000, 0x0000000089900000, 0x00000000d6d00000)
  object space 84992K, 0% used [0x0000000084600000,0x0000000084624000,0x0000000089900000)
 Metaspace       used 14691K, capacity 15622K, committed 15744K, reserved 1062912K
  class space    used 2245K, capacity 2427K, committed 2432K, reserved 1048576K
}

Deoptimization events (10 events):
Event: 2.666 Thread 0x00007f97f40ee000 Uncommon trap: reason=class_check action=maybe_recompile pc=0x00007f9835120a78 method=java.lang.String.equals(Ljava/lang/Object;)Z @ 8
Event: 2.991 Thread 0x00007f97f40ee000 Uncommon trap: reason=unstable_if action=reinterpret pc=0x00007f983528a550 method=sun.net.www.ParseUtil.encodePath(Ljava/lang/String;Z)Ljava/lang/String; @ 109
Event: 3.010 Thread 0x00007f97f40ee000 Uncommon trap: reason=unstable_if action=reinterpret pc=0x00007f98352d1064 method=sun.misc.URLClassPath$JarLoader.ensureOpen()V @ 4
Event: 3.130 Thread 0x00007f97f40ee000 Uncommon trap: reason=unstable_if action=reinterpret pc=0x00007f98352e0b0c method=java.lang.CharacterDataLatin1.toUpperCase(I)I @ 12
Event: 3.209 Thread 0x00007f97f40ee000 Uncommon trap: reason=unstable_if action=reinterpret pc=0x00007f98352ec3e4 method=jdk.internal.org.objectweb.asm.Type.getArgumentsAndReturnSizes(Ljava/lang/String;)I @ 47
Event: 4.450 Thread 0x00007f97f40ee000 Uncommon trap: reason=class_check action=maybe_recompile pc=0x00007f98352cc0c0 method=sun.misc.URLClassPath.getLoader(I)Lsun/misc/URLClassPath$Loader; @ 193
Event: 5.000 Thread 0x00007f97f40ee000 Uncommon trap: reason=class_check action=maybe_recompile pc=0x00007f98352cc0c0 method=sun.misc.URLClassPath.getLoader(I)Lsun/misc/URLClassPath$Loader; @ 193
Event: 5.027 Thread 0x00007f97f40ee000 Uncommon trap: reason=unstable_if action=reinterpret pc=0x00007f983537df00 method=java.lang.StrictMath.floorOrCeil(DDDD)D @ 38
Event: 5.165 Thread 0x00007f9844084800 Uncommon trap: reason=unstable_if action=reinterpret pc=0x00007f98353eecfc method=java.lang.ref.ReferenceQueue.poll()Ljava/lang/ref/Reference; @ 4
Event: 5.226 Thread 0x00007f97f40ee000 Uncommon trap: reason=class_check action=maybe_recompile pc=0x00007f98352cc0c0 method=sun.misc.URLClassPath.getLoader(I)Lsun/misc/URLClassPath$Loader; @ 193

Internal exceptions (10 events):
Event: 0.447 Thread 0x00007f984400a800 Exception <a 'java/lang/NoSuchFieldError': method resolution failed> (0x00000000d705bb30) thrown at [/HUDSON/workspace/8-2-build-linux-amd64/jdk8u77/6540/hotspot/src/share/vm/prims/methodHandles.cpp, line 1146]
Event: 0.520 Thread 0x00007f984419a000 Exception <a 'java/security/PrivilegedActionException'> (0x00000000d7174910) thrown at [/HUDSON/workspace/8-2-build-linux-amd64/jdk8u77/6540/hotspot/src/share/vm/prims/jvm.cpp, line 1386]
Event: 0.520 Thread 0x00007f984419a000 Exception <a 'java/security/PrivilegedActionException'> (0x00000000d7174b20) thrown at [/HUDSON/workspace/8-2-build-linux-amd64/jdk8u77/6540/hotspot/src/share/vm/prims/jvm.cpp, line 1386]
Event: 0.520 Thread 0x00007f984419a000 Exception <a 'java/security/PrivilegedActionException'> (0x00000000d7176f60) thrown at [/HUDSON/workspace/8-2-build-linux-amd64/jdk8u77/6540/hotspot/src/share/vm/prims/jvm.cpp, line 1386]
Event: 0.521 Thread 0x00007f984419a000 Exception <a 'java/security/PrivilegedActionException'> (0x00000000d7177170) thrown at [/HUDSON/workspace/8-2-build-linux-amd64/jdk8u77/6540/hotspot/src/share/vm/prims/jvm.cpp, line 1386]
Event: 0.521 Thread 0x00007f984419a000 Exception <a 'java/lang/NullPointerException'> (0x00000000d7177748) thrown at [/HUDSON/workspace/8-2-build-linux-amd64/jdk8u77/6540/hotspot/src/share/vm/interpreter/linkResolver.cpp, line 1178]
Event: 1.502 Thread 0x00007f97f40ee000 Exception <a 'java/lang/NullPointerException'> (0x00000000d78457a8) thrown at [/HUDSON/workspace/8-2-build-linux-amd64/jdk8u77/6540/hotspot/src/share/vm/interpreter/linkResolver.cpp, line 1178]
Event: 1.502 Thread 0x00007f97f40ee000 Exception <a 'java/lang/NullPointerException'> (0x00000000d78457a8) thrown at [/HUDSON/workspace/8-2-build-linux-amd64/jdk8u77/6540/hotspot/src/share/vm/prims/jvm.cpp, line 1390]
Event: 1.898 Thread 0x00007f97f40ee000 Implicit null exception at 0x00007f9835285975 to 0x00007f9835285b91
Event: 3.010 Thread 0x00007f97f40ee000 Implicit null exception at 0x00007f98352cff2e to 0x00007f98352d103d

Events (10 events):
Event: 5.212 loading class com/sun/javafx/tk/quantum/WindowStage
Event: 5.212 loading class com/sun/javafx/tk/quantum/WindowStage done
Event: 5.226 loading class server/InitializeConnection
Event: 5.226 loading class server/InitializeConnection done
Event: 5.226 Thread 0x00007f97f40ee000 Uncommon trap: trap_request=0xffffffde fr.pc=0x00007f98352cc0c0
Event: 5.226 Thread 0x00007f97f40ee000 DEOPT PACKING pc=0x00007f98352cc0c0 sp=0x00007f97e0e2a290
Event: 5.226 Thread 0x00007f97f40ee000 DEOPT UNPACKING pc=0x00007f9835005229 sp=0x00007f97e0e2a258 mode 2
Event: 5.227 Thread 0x00007f97cc1f2000 Thread added: 0x00007f97cc1f2000
Event: 5.228 loading class com/sun/javafx/scene/KeyboardShortcutsHandler$1
Event: 5.228 loading class com/sun/javafx/scene/KeyboardShortcutsHandler$1 done


Dynamic libraries:
00400000-00401000 r-xp 00000000 08:01 6297170                            /usr/lib/jvm/java-8-oracle/bin/java
00600000-00601000 rw-p 00000000 08:01 6297170                            /usr/lib/jvm/java-8-oracle/bin/java
01729000-0174a000 rw-p 00000000 00:00 0                                  [heap]
84600000-89900000 rw-p 00000000 00:00 0 
89900000-d6d00000 ---p 00000000 00:00 0 
d6d00000-d9600000 rw-p 00000000 00:00 0 
d9600000-100000000 ---p 00000000 00:00 0 
100000000-100280000 rw-p 00000000 00:00 0 
100280000-140000000 ---p 00000000 00:00 0 
7f97c4000000-7f97c4021000 rw-p 00000000 00:00 0 
7f97c4021000-7f97c8000000 ---p 00000000 00:00 0 
7f97cb943000-7f97cb946000 rw-p 00000000 00:00 0 
7f97cb946000-7f97cb949000 ---p 00000000 00:00 0 
7f97cb949000-7f97cbb87000 rw-p 00000000 00:00 0                          [stack:2750]
7f97cbb87000-7f97cbc47000 ---p 00000000 00:00 0 
7f97cbc47000-7f97cbc48000 rw-s 00000000 00:05 26112                      /drm mm object (deleted)
7f97cbc48000-7f97cbc58000 rw-s 10a5a9000 00:06 10715                     /dev/dri/card0
7f97cbc58000-7f97cbc68000 rw-s 10a599000 00:06 10715                     /dev/dri/card0
7f97cbc68000-7f97cbc70000 rw-s 00000000 00:05 30057                      /drm mm object (deleted)
7f97cbc70000-7f97cbcd0000 rw-s 10a539000 00:06 10715                     /dev/dri/card0
7f97cbcd0000-7f97cbd00000 rw-s 10a509000 00:06 10715                     /dev/dri/card0
7f97cbd00000-7f97cbe80000 rw-s 10a389000 00:06 10715                     /dev/dri/card0
7f97cbe80000-7f97cc000000 rw-s 10a1f9000 00:06 10715                     /dev/dri/card0
7f97cc000000-7f97cc4fd000 rw-p 00000000 00:00 0 
7f97cc4fd000-7f97d0000000 ---p 00000000 00:00 0 
7f97d0000000-7f97d0021000 rw-p 00000000 00:00 0 
7f97d0021000-7f97d4000000 ---p 00000000 00:00 0 
7f97d4000000-7f97d4021000 rw-p 00000000 00:00 0 
7f97d4021000-7f97d8000000 ---p 00000000 00:00 0 
7f97d8000000-7f97d8022000 rw-p 00000000 00:00 0 
7f97d8022000-7f97dc000000 ---p 00000000 00:00 0 
7f97dc000000-7f97dc021000 rw-p 00000000 00:00 0 
7f97dc021000-7f97e0000000 ---p 00000000 00:00 0 
7f97e0000000-7f97e0001000 rw-s 00000000 00:05 26123                      /drm mm object (deleted)
7f97e0001000-7f97e0005000 rw-s 00000000 00:05 26125                      /drm mm object (deleted)
7f97e0005000-7f97e0015000 rw-s 10a379000 00:06 10715                     /dev/dri/card0
7f97e0015000-7f97e0019000 rw-s 00000000 00:05 26121                      /drm mm object (deleted)
7f97e0019000-7f97e0029000 rw-s 10a1e9000 00:06 10715                     /dev/dri/card0
7f97e0029000-7f97e002d000 rw-s 00000000 00:05 26118                      /drm mm object (deleted)
7f97e002d000-7f97e0039000 rw-s 00000000 00:05 29236                      /drm mm object (deleted)
7f97e0039000-7f97e0049000 rw-s 10a1d9000 00:06 10715                     /dev/dri/card0
7f97e0049000-7f97e004b000 rw-s 00000000 00:05 26113                      /drm mm object (deleted)
7f97e004b000-7f97e024b000 rw-p 00000000 00:00 0 
7f97e024b000-7f97e024e000 ---p 00000000 00:00 0 
7f97e024e000-7f97e034c000 rw-p 00000000 00:00 0                          [stack:2747]
7f97e034c000-7f97e0402000 r--p 00000000 08:01 133636                     /usr/share/fonts/truetype/dejavu/DejaVuSans.ttf
7f97e0402000-7f97e043e000 r--p 00000000 08:01 6304671                    /usr/lib/jvm/java-8-oracle/jre/lib/fonts/LucidaTypewriterRegular.ttf
7f97e043e000-7f97e0451000 r--p 00000000 08:01 6304669                    /usr/lib/jvm/java-8-oracle/jre/lib/fonts/LucidaBrightDemiBold.ttf
7f97e0451000-7f97e04fc000 r--p 00000000 08:01 6304668                    /usr/lib/jvm/java-8-oracle/jre/lib/fonts/LucidaSansRegular.ttf
7f97e04fc000-7f97e050f000 r--p 00000000 08:01 6304667                    /usr/lib/jvm/java-8-oracle/jre/lib/fonts/LucidaBrightDemiItalic.ttf
7f97e050f000-7f97e0523000 r--p 00000000 08:01 6304665                    /usr/lib/jvm/java-8-oracle/jre/lib/fonts/LucidaBrightItalic.ttf
7f97e0523000-7f97e0527000 r-xp 00000000 08:01 6304590                    /usr/lib/jvm/java-8-oracle/jre/lib/amd64/libjavafx_font_pango.so
7f97e0527000-7f97e0726000 ---p 00004000 08:01 6304590                    /usr/lib/jvm/java-8-oracle/jre/lib/amd64/libjavafx_font_pango.so
7f97e0726000-7f97e0727000 rw-p 00003000 08:01 6304590                    /usr/lib/jvm/java-8-oracle/jre/lib/amd64/libjavafx_font_pango.so
7f97e0727000-7f97e0927000 rw-p 00000000 00:00 0 
7f97e0927000-7f97e092c000 r-xp 00000000 08:01 6304610                    /usr/lib/jvm/java-8-oracle/jre/lib/amd64/libjavafx_font_freetype.so
7f97e092c000-7f97e0b2b000 ---p 00005000 08:01 6304610                    /usr/lib/jvm/java-8-oracle/jre/lib/amd64/libjavafx_font_freetype.so
7f97e0b2b000-7f97e0b2c000 rw-p 00004000 08:01 6304610                    /usr/lib/jvm/java-8-oracle/jre/lib/amd64/libjavafx_font_freetype.so
7f97e0b2c000-7f97e0b2f000 r-xp 00000000 08:01 6304582                    /usr/lib/jvm/java-8-oracle/jre/lib/amd64/libjavafx_font.so
7f97e0b2f000-7f97e0d2e000 ---p 00003000 08:01 6304582                    /usr/lib/jvm/java-8-oracle/jre/lib/amd64/libjavafx_font.so
7f97e0d2e000-7f97e0d2f000 rw-p 00002000 08:01 6304582                    /usr/lib/jvm/java-8-oracle/jre/lib/amd64/libjavafx_font.so
7f97e0d2f000-7f97e0d32000 ---p 00000000 00:00 0 
7f97e0d32000-7f97e0e30000 rw-p 00000000 00:00 0                          [stack:2745]
7f97e0e30000-7f97e0e31000 ---p 00000000 00:00 0 
7f97e0e31000-7f97e1631000 rw-p 00000000 00:00 0                          [stack:2744]
7f97e1631000-7f97e1634000 ---p 00000000 00:00 0 
7f97e1634000-7f97e1732000 rw-p 00000000 00:00 0                          [stack:2743]
7f97e1732000-7f97e1733000 ---p 00000000 00:00 0 
7f97e1733000-7f97e1f33000 rw-p 00000000 00:00 0                          [stack:2742]
7f97e1f33000-7f97e1f3e000 r-xp 00000000 08:01 6685091                    /usr/lib/x86_64-linux-gnu/gio/modules/libdconfsettings.so
7f97e1f3e000-7f97e213e000 ---p 0000b000 08:01 6685091                    /usr/lib/x86_64-linux-gnu/gio/modules/libdconfsettings.so
7f97e213e000-7f97e213f000 r--p 0000b000 08:01 6685091                    /usr/lib/x86_64-linux-gnu/gio/modules/libdconfsettings.so
7f97e213f000-7f97e2140000 rw-p 0000c000 08:01 6685091                    /usr/lib/x86_64-linux-gnu/gio/modules/libdconfsettings.so
7f97e2140000-7f97e2147000 r-xp 00000000 08:01 6300384                    /usr/lib/x86_64-linux-gnu/libogg.so.0.8.1
7f97e2147000-7f97e2347000 ---p 00007000 08:01 6300384                    /usr/lib/x86_64-linux-gnu/libogg.so.0.8.1
7f97e2347000-7f97e2348000 r--p 00007000 08:01 6300384                    /usr/lib/x86_64-linux-gnu/libogg.so.0.8.1
7f97e2348000-7f97e2349000 rw-p 00008000 08:01 6300384                    /usr/lib/x86_64-linux-gnu/libogg.so.0.8.1
7f97e2349000-7f97e2375000 r-xp 00000000 08:01 6300658                    /usr/lib/x86_64-linux-gnu/libvorbis.so.0.4.5
7f97e2375000-7f97e2574000 ---p 0002c000 08:01 6300658                    /usr/lib/x86_64-linux-gnu/libvorbis.so.0.4.5
7f97e2574000-7f97e2575000 r--p 0002b000 08:01 6300658                    /usr/lib/x86_64-linux-gnu/libvorbis.so.0.4.5
7f97e2575000-7f97e2576000 rw-p 0002c000 08:01 6300658                    /usr/lib/x86_64-linux-gnu/libvorbis.so.0.4.5
7f97e2576000-7f97e257f000 r-xp 00000000 08:01 6300290                    /usr/lib/x86_64-linux-gnu/libltdl.so.7.3.0
7f97e257f000-7f97e277e000 ---p 00009000 08:01 6300290                    /usr/lib/x86_64-linux-gnu/libltdl.so.7.3.0
7f97e277e000-7f97e277f000 r--p 00008000 08:01 6300290                    /usr/lib/x86_64-linux-gnu/libltdl.so.7.3.0
7f97e277f000-7f97e2780000 rw-p 00009000 08:01 6300290                    /usr/lib/x86_64-linux-gnu/libltdl.so.7.3.0
7f97e2780000-7f97e2791000 r-xp 00000000 08:01 6300579                    /usr/lib/x86_64-linux-gnu/libtdb.so.1.2.12
7f97e2791000-7f97e2990000 ---p 00011000 08:01 6300579                    /usr/lib/x86_64-linux-gnu/libtdb.so.1.2.12
7f97e2990000-7f97e2991000 r--p 00010000 08:01 6300579                    /usr/lib/x86_64-linux-gnu/libtdb.so.1.2.12
7f97e2991000-7f97e2992000 rw-p 00011000 08:01 6300579                    /usr/lib/x86_64-linux-gnu/libtdb.so.1.2.12
7f97e2992000-7f97e2999000 r-xp 00000000 08:01 6300662                    /usr/lib/x86_64-linux-gnu/libvorbisfile.so.3.3.4
7f97e2999000-7f97e2b98000 ---p 00007000 08:01 6300662                    /usr/lib/x86_64-linux-gnu/libvorbisfile.so.3.3.4
7f97e2b98000-7f97e2b99000 r--p 00006000 08:01 6300662                    /usr/lib/x86_64-linux-gnu/libvorbisfile.so.3.3.4
7f97e2b99000-7f97e2b9a000 rw-p 00007000 08:01 6300662                    /usr/lib/x86_64-linux-gnu/libvorbisfile.so.3.3.4
7f97e2b9a000-7f97e2ba9000 r-xp 00000000 08:01 6299804                    /usr/lib/x86_64-linux-gnu/libcanberra.so.0.2.5
7f97e2ba9000-7f97e2da8000 ---p 0000f000 08:01 6299804                    /usr/lib/x86_64-linux-gnu/libcanberra.so.0.2.5
7f97e2da8000-7f97e2da9000 r--p 0000e000 08:01 6299804                    /usr/lib/x86_64-linux-gnu/libcanberra.so.0.2.5
7f97e2da9000-7f97e2daa000 rw-p 0000f000 08:01 6299804                    /usr/lib/x86_64-linux-gnu/libcanberra.so.0.2.5
7f97e2daa000-7f97e2dae000 r-xp 00000000 08:01 6299800                    /usr/lib/x86_64-linux-gnu/libcanberra-gtk.so.0.1.9
7f97e2dae000-7f97e2fad000 ---p 00004000 08:01 6299800                    /usr/lib/x86_64-linux-gnu/libcanberra-gtk.so.0.1.9
7f97e2fad000-7f97e2fae000 r--p 00003000 08:01 6299800                    /usr/lib/x86_64-linux-gnu/libcanberra-gtk.so.0.1.9
7f97e2fae000-7f97e2faf000 rw-p 00004000 08:01 6299800                    /usr/lib/x86_64-linux-gnu/libcanberra-gtk.so.0.1.9
7f97e2faf000-7f97e2fb4000 r-xp 00000000 08:01 6685125                    /usr/lib/x86_64-linux-gnu/gtk-2.0/modules/libcanberra-gtk-module.so
7f97e2fb4000-7f97e31b3000 ---p 00005000 08:01 6685125                    /usr/lib/x86_64-linux-gnu/gtk-2.0/modules/libcanberra-gtk-module.so
7f97e31b3000-7f97e31b4000 r--p 00004000 08:01 6685125                    /usr/lib/x86_64-linux-gnu/gtk-2.0/modules/libcanberra-gtk-module.so
7f97e31b4000-7f97e31b5000 rw-p 00005000 08:01 6685125                    /usr/lib/x86_64-linux-gnu/gtk-2.0/modules/libcanberra-gtk-module.so
7f97e31b5000-7f97e31e4000 r-xp 00000000 08:01 6685107                    /usr/lib/x86_64-linux-gnu/gtk-2.0/2.10.0/engines/libmurrine.so
7f97e31e4000-7f97e33e4000 ---p 0002f000 08:01 6685107                    /usr/lib/x86_64-linux-gnu/gtk-2.0/2.10.0/engines/libmurrine.so
7f97e33e4000-7f97e33e5000 r--p 0002f000 08:01 6685107                    /usr/lib/x86_64-linux-gnu/gtk-2.0/2.10.0/engines/libmurrine.so
7f97e33e5000-7f97e33e6000 rw-p 00030000 08:01 6685107                    /usr/lib/x86_64-linux-gnu/gtk-2.0/2.10.0/engines/libmurrine.so
7f97e33e6000-7f97e33f6000 r-xp 00000000 08:01 6300628                    /usr/lib/x86_64-linux-gnu/libunity-gtk2-parser.so.0.0.0
7f97e33f6000-7f97e35f5000 ---p 00010000 08:01 6300628                    /usr/lib/x86_64-linux-gnu/libunity-gtk2-parser.so.0.0.0
7f97e35f5000-7f97e35f6000 r--p 0000f000 08:01 6300628                    /usr/lib/x86_64-linux-gnu/libunity-gtk2-parser.so.0.0.0
7f97e35f6000-7f97e35f7000 rw-p 00010000 08:01 6300628                    /usr/lib/x86_64-linux-gnu/libunity-gtk2-parser.so.0.0.0
7f97e35f7000-7f97e35fc000 r-xp 00000000 08:01 6685129                    /usr/lib/x86_64-linux-gnu/gtk-2.0/modules/libunity-gtk-module.so
7f97e35fc000-7f97e37fb000 ---p 00005000 08:01 6685129                    /usr/lib/x86_64-linux-gnu/gtk-2.0/modules/libunity-gtk-module.so
7f97e37fb000-7f97e37fc000 r--p 00004000 08:01 6685129                    /usr/lib/x86_64-linux-gnu/gtk-2.0/modules/libunity-gtk-module.so
7f97e37fc000-7f97e37fd000 rw-p 00005000 08:01 6685129                    /usr/lib/x86_64-linux-gnu/gtk-2.0/modules/libunity-gtk-module.so
7f97e37fd000-7f97e380e000 r-xp 00000000 08:01 6685128                    /usr/lib/x86_64-linux-gnu/gtk-2.0/modules/liboverlay-scrollbar.so
7f97e380e000-7f97e3a0d000 ---p 00011000 08:01 6685128                    /usr/lib/x86_64-linux-gnu/gtk-2.0/modules/liboverlay-scrollbar.so
7f97e3a0d000-7f97e3a0e000 r--p 00010000 08:01 6685128                    /usr/lib/x86_64-linux-gnu/gtk-2.0/modules/liboverlay-scrollbar.so
7f97e3a0e000-7f97e3a0f000 rw-p 00011000 08:01 6685128                    /usr/lib/x86_64-linux-gnu/gtk-2.0/modules/liboverlay-scrollbar.so
7f97e3a0f000-7f97e3a38000 r-xp 00000000 08:01 6304640                    /usr/lib/jvm/java-8-oracle/jre/lib/amd64/libglass.so
7f97e3a38000-7f97e3c37000 ---p 00029000 08:01 6304640                    /usr/lib/jvm/java-8-oracle/jre/lib/amd64/libglass.so
7f97e3c37000-7f97e3c3a000 rw-p 00028000 08:01 6304640                    /usr/lib/jvm/java-8-oracle/jre/lib/amd64/libglass.so
7f97e3c3a000-7f97e3c71000 r-xp 00000000 08:01 6300611                    /usr/lib/x86_64-linux-gnu/libtxc_dxtn_s2tc.so.0.0.0
7f97e3c71000-7f97e3e70000 ---p 00037000 08:01 6300611                    /usr/lib/x86_64-linux-gnu/libtxc_dxtn_s2tc.so.0.0.0
7f97e3e70000-7f97e3e71000 r--p 00036000 08:01 6300611                    /usr/lib/x86_64-linux-gnu/libtxc_dxtn_s2tc.so.0.0.0
7f97e3e71000-7f97e3e72000 rw-p 00037000 08:01 6300611                    /usr/lib/x86_64-linux-gnu/libtxc_dxtn_s2tc.so.0.0.0
7f97e3e72000-7f97e3e7a000 r-xp 00000000 08:01 6300416                    /usr/lib/x86_64-linux-gnu/libpciaccess.so.0.11.1
7f97e3e7a000-7f97e4079000 ---p 00008000 08:01 6300416                    /usr/lib/x86_64-linux-gnu/libpciaccess.so.0.11.1
7f97e4079000-7f97e407a000 r--p 00007000 08:01 6300416                    /usr/lib/x86_64-linux-gnu/libpciaccess.so.0.11.1
7f97e407a000-7f97e407b000 rw-p 00008000 08:01 6300416                    /usr/lib/x86_64-linux-gnu/libpciaccess.so.0.11.1
7f97e407b000-7f97e4086000 r-xp 00000000 08:01 6299910                    /usr/lib/x86_64-linux-gnu/libdrm_radeon.so.1.0.1
7f97e4086000-7f97e4285000 ---p 0000b000 08:01 6299910                    /usr/lib/x86_64-linux-gnu/libdrm_radeon.so.1.0.1
7f97e4285000-7f97e4286000 r--p 0000a000 08:01 6299910                    /usr/lib/x86_64-linux-gnu/libdrm_radeon.so.1.0.1
7f97e4286000-7f97e4287000 rw-p 0000b000 08:01 6299910                    /usr/lib/x86_64-linux-gnu/libdrm_radeon.so.1.0.1
7f97e4287000-7f97e428d000 r-xp 00000000 08:01 6299908                    /usr/lib/x86_64-linux-gnu/libdrm_nouveau.so.2.0.0
7f97e428d000-7f97e448c000 ---p 00006000 08:01 6299908                    /usr/lib/x86_64-linux-gnu/libdrm_nouveau.so.2.0.0
7f97e448c000-7f97e448d000 r--p 00005000 08:01 6299908                    /usr/lib/x86_64-linux-gnu/libdrm_nouveau.so.2.0.0
7f97e448d000-7f97e448e000 rw-p 00006000 08:01 6299908                    /usr/lib/x86_64-linux-gnu/libdrm_nouveau.so.2.0.0
7f97e448e000-7f97e44ad000 r-xp 00000000 08:01 6306366                    /usr/lib/x86_64-linux-gnu/libdrm_intel.so.1.0.0
7f97e44ad000-7f97e46ac000 ---p 0001f000 08:01 6306366                    /usr/lib/x86_64-linux-gnu/libdrm_intel.so.1.0.0
7f97e46ac000-7f97e46ad000 r--p 0001e000 08:01 6306366                    /usr/lib/x86_64-linux-gnu/libdrm_intel.so.1.0.0
7f97e46ad000-7f97e46ae000 rw-p 0001f000 08:01 6306366                    /usr/lib/x86_64-linux-gnu/libdrm_intel.so.1.0.0
7f97e46ae000-7f97e4c02000 r-xp 00000000 08:01 6554684                    /usr/lib/x86_64-linux-gnu/dri/i965_dri.so
7f97e4c02000-7f97e4e02000 ---p 00554000 08:01 6554684                    /usr/lib/x86_64-linux-gnu/dri/i965_dri.so
7f97e4e02000-7f97e4e23000 r--p 00554000 08:01 6554684                    /usr/lib/x86_64-linux-gnu/dri/i965_dri.so
7f97e4e23000-7f97e4e2a000 rw-p 00575000 08:01 6554684                    /usr/lib/x86_64-linux-gnu/dri/i965_dri.so
7f97e4e2a000-7f97e4e31000 rw-p 00000000 00:00 0 
7f97e4e31000-7f97e4e75000 r-xp 00000000 08:01 5771557                    /lib/x86_64-linux-gnu/libdbus-1.so.3.7.6
7f97e4e75000-7f97e5074000 ---p 00044000 08:01 5771557                    /lib/x86_64-linux-gnu/libdbus-1.so.3.7.6
7f97e5074000-7f97e5075000 r--p 00043000 08:01 5771557                    /lib/x86_64-linux-gnu/libdbus-1.so.3.7.6
7f97e5075000-7f97e5076000 rw-p 00044000 08:01 5771557                    /lib/x86_64-linux-gnu/libdbus-1.so.3.7.6
7f97e5076000-7f97e507e000 r-xp 00000000 08:01 5771605                    /lib/x86_64-linux-gnu/libnih-dbus.so.1.0.0
7f97e507e000-7f97e527e000 ---p 00008000 08:01 5771605                    /lib/x86_64-linux-gnu/libnih-dbus.so.1.0.0
7f97e527e000-7f97e527f000 r--p 00008000 08:01 5771605                    /lib/x86_64-linux-gnu/libnih-dbus.so.1.0.0
7f97e527f000-7f97e5280000 rw-p 00009000 08:01 5771605                    /lib/x86_64-linux-gnu/libnih-dbus.so.1.0.0
7f97e5280000-7f97e5297000 r-xp 00000000 08:01 5771607                    /lib/x86_64-linux-gnu/libnih.so.1.0.0
7f97e5297000-7f97e5496000 ---p 00017000 08:01 5771607                    /lib/x86_64-linux-gnu/libnih.so.1.0.0
7f97e5496000-7f97e5497000 r--p 00016000 08:01 5771607                    /lib/x86_64-linux-gnu/libnih.so.1.0.0
7f97e5497000-7f97e5498000 rw-p 00017000 08:01 5771607                    /lib/x86_64-linux-gnu/libnih.so.1.0.0
7f97e5498000-7f97e54b1000 r-xp 00000000 08:01 5767271                    /lib/x86_64-linux-gnu/libcgmanager.so.0.0.0
7f97e54b1000-7f97e56b0000 ---p 00019000 08:01 5767271                    /lib/x86_64-linux-gnu/libcgmanager.so.0.0.0
7f97e56b0000-7f97e56b2000 r--p 00018000 08:01 5767271                    /lib/x86_64-linux-gnu/libcgmanager.so.0.0.0
7f97e56b2000-7f97e56b3000 rw-p 0001a000 08:01 5767271                    /lib/x86_64-linux-gnu/libcgmanager.so.0.0.0
7f97e56b3000-7f97e56c3000 r-xp 00000000 08:01 5771503                    /lib/x86_64-linux-gnu/libudev.so.1.3.5
7f97e56c3000-7f97e58c2000 ---p 00010000 08:01 5771503                    /lib/x86_64-linux-gnu/libudev.so.1.3.5
7f97e58c2000-7f97e58c3000 r--p 0000f000 08:01 5771503                    /lib/x86_64-linux-gnu/libudev.so.1.3.5
7f97e58c3000-7f97e58c4000 rw-p 00010000 08:01 5771503                    /lib/x86_64-linux-gnu/libudev.so.1.3.5
7f97e58c4000-7f97e58ca000 r-xp 00000000 08:01 6299868                    /usr/lib/x86_64-linux-gnu/libdatrie.so.1.3.1
7f97e58ca000-7f97e5ac9000 ---p 00006000 08:01 6299868                    /usr/lib/x86_64-linux-gnu/libdatrie.so.1.3.1
7f97e5ac9000-7f97e5aca000 r--p 00005000 08:01 6299868                    /usr/lib/x86_64-linux-gnu/libdatrie.so.1.3.1
7f97e5aca000-7f97e5acb000 rw-p 00006000 08:01 6299868                    /usr/lib/x86_64-linux-gnu/libdatrie.so.1.3.1
7f97e5acb000-7f97e5ad0000 r-xp 00000000 08:01 6299676                    /usr/lib/x86_64-linux-gnu/libXdmcp.so.6.0.0
7f97e5ad0000-7f97e5ccf000 ---p 00005000 08:01 6299676                    /usr/lib/x86_64-linux-gnu/libXdmcp.so.6.0.0
7f97e5ccf000-7f97e5cd0000 r--p 00004000 08:01 6299676                    /usr/lib/x86_64-linux-gnu/libXdmcp.so.6.0.0
7f97e5cd0000-7f97e5cd1000 rw-p 00005000 08:01 6299676                    /usr/lib/x86_64-linux-gnu/libXdmcp.so.6.0.0
7f97e5cd1000-7f97e5cd3000 r-xp 00000000 08:01 6299665                    /usr/lib/x86_64-linux-gnu/libXau.so.6.0.0
7f97e5cd3000-7f97e5ed3000 ---p 00002000 08:01 6299665                    /usr/lib/x86_64-linux-gnu/libXau.so.6.0.0
7f97e5ed3000-7f97e5ed4000 r--p 00002000 08:01 6299665                    /usr/lib/x86_64-linux-gnu/libXau.so.6.0.0
7f97e5ed4000-7f97e5ed5000 rw-p 00003000 08:01 6299665                    /usr/lib/x86_64-linux-gnu/libXau.so.6.0.0
7f97e5ed5000-7f97e5ef9000 r-xp 00000000 08:01 6303487                    /usr/lib/x86_64-linux-gnu/libgraphite2.so.3.0.1
7f97e5ef9000-7f97e60f8000 ---p 00024000 08:01 6303487                    /usr/lib/x86_64-linux-gnu/libgraphite2.so.3.0.1
7f97e60f8000-7f97e60fa000 r--p 00023000 08:01 6303487                    /usr/lib/x86_64-linux-gnu/libgraphite2.so.3.0.1
7f97e60fa000-7f97e60fb000 rw-p 00025000 08:01 6303487                    /usr/lib/x86_64-linux-gnu/libgraphite2.so.3.0.1
7f97e60fb000-7f97e6108000 r-xp 00000000 08:01 6306363                    /usr/lib/x86_64-linux-gnu/libdrm.so.2.4.0
7f97e6108000-7f97e6307000 ---p 0000d000 08:01 6306363                    /usr/lib/x86_64-linux-gnu/libdrm.so.2.4.0
7f97e6307000-7f97e6308000 r--p 0000c000 08:01 6306363                    /usr/lib/x86_64-linux-gnu/libdrm.so.2.4.0
7f97e6308000-7f97e6309000 rw-p 0000d000 08:01 6306363                    /usr/lib/x86_64-linux-gnu/libdrm.so.2.4.0
7f97e6309000-7f97e630a000 r-xp 00000000 08:01 6300741                    /usr/lib/x86_64-linux-gnu/libxshmfence.so.1.0.0
7f97e630a000-7f97e6509000 ---p 00001000 08:01 6300741                    /usr/lib/x86_64-linux-gnu/libxshmfence.so.1.0.0
7f97e6509000-7f97e650a000 r--p 00000000 08:01 6300741                    /usr/lib/x86_64-linux-gnu/libxshmfence.so.1.0.0
7f97e650a000-7f97e650b000 rw-p 00001000 08:01 6300741                    /usr/lib/x86_64-linux-gnu/libxshmfence.so.1.0.0
7f97e650b000-7f97e6510000 r-xp 00000000 08:01 6300723                    /usr/lib/x86_64-linux-gnu/libxcb-sync.so.1.0.0
7f97e6510000-7f97e670f000 ---p 00005000 08:01 6300723                    /usr/lib/x86_64-linux-gnu/libxcb-sync.so.1.0.0
7f97e670f000-7f97e6710000 r--p 00004000 08:01 6300723                    /usr/lib/x86_64-linux-gnu/libxcb-sync.so.1.0.0
7f97e6710000-7f97e6711000 rw-p 00005000 08:01 6300723                    /usr/lib/x86_64-linux-gnu/libxcb-sync.so.1.0.0
7f97e6711000-7f97e6713000 r-xp 00000000 08:01 6300711                    /usr/lib/x86_64-linux-gnu/libxcb-present.so.0.0.0
7f97e6713000-7f97e6912000 ---p 00002000 08:01 6300711                    /usr/lib/x86_64-linux-gnu/libxcb-present.so.0.0.0
7f97e6912000-7f97e6913000 r--p 00001000 08:01 6300711                    /usr/lib/x86_64-linux-gnu/libxcb-present.so.0.0.0
7f97e6913000-7f97e6914000 rw-p 00002000 08:01 6300711                    /usr/lib/x86_64-linux-gnu/libxcb-present.so.0.0.0
7f97e6914000-7f97e6916000 r-xp 00000000 08:01 6300701                    /usr/lib/x86_64-linux-gnu/libxcb-dri3.so.0.0.0
7f97e6916000-7f97e6b15000 ---p 00002000 08:01 6300701                    /usr/lib/x86_64-linux-gnu/libxcb-dri3.so.0.0.0
7f97e6b15000-7f97e6b16000 r--p 00001000 08:01 6300701                    /usr/lib/x86_64-linux-gnu/libxcb-dri3.so.0.0.0
7f97e6b16000-7f97e6b17000 rw-p 00002000 08:01 6300701                    /usr/lib/x86_64-linux-gnu/libxcb-dri3.so.0.0.0
7f97e6b17000-7f97e6b1a000 r-xp 00000000 08:01 6300699                    /usr/lib/x86_64-linux-gnu/libxcb-dri2.so.0.0.0
7f97e6b1a000-7f97e6d1a000 ---p 00003000 08:01 6300699                    /usr/lib/x86_64-linux-gnu/libxcb-dri2.so.0.0.0
7f97e6d1a000-7f97e6d1b000 r--p 00003000 08:01 6300699                    /usr/lib/x86_64-linux-gnu/libxcb-dri2.so.0.0.0
7f97e6d1b000-7f97e6d1c000 rw-p 00004000 08:01 6300699                    /usr/lib/x86_64-linux-gnu/libxcb-dri2.so.0.0.0
7f97e6d1c000-7f97e6d31000 r-xp 00000000 08:01 6300703                    /usr/lib/x86_64-linux-gnu/libxcb-glx.so.0.0.0
7f97e6d31000-7f97e6f30000 ---p 00015000 08:01 6300703                    /usr/lib/x86_64-linux-gnu/libxcb-glx.so.0.0.0
7f97e6f30000-7f97e6f32000 r--p 00014000 08:01 6300703                    /usr/lib/x86_64-linux-gnu/libxcb-glx.so.0.0.0
7f97e6f32000-7f97e6f33000 rw-p 00016000 08:01 6300703                    /usr/lib/x86_64-linux-gnu/libxcb-glx.so.0.0.0
7f97e6f33000-7f97e6f34000 r-xp 00000000 08:01 6299659                    /usr/lib/x86_64-linux-gnu/libX11-xcb.so.1.0.0
7f97e6f34000-7f97e7133000 ---p 00001000 08:01 6299659                    /usr/lib/x86_64-linux-gnu/libX11-xcb.so.1.0.0
7f97e7133000-7f97e7134000 r--p 00000000 08:01 6299659                    /usr/lib/x86_64-linux-gnu/libX11-xcb.so.1.0.0
7f97e7134000-7f97e7135000 rw-p 00001000 08:01 6299659                    /usr/lib/x86_64-linux-gnu/libX11-xcb.so.1.0.0
7f97e7135000-7f97e715a000 r-xp 00000000 08:01 6295193                    /usr/lib/x86_64-linux-gnu/libglapi.so.0.0.0
7f97e715a000-7f97e735a000 ---p 00025000 08:01 6295193                    /usr/lib/x86_64-linux-gnu/libglapi.so.0.0.0
7f97e735a000-7f97e735d000 r--p 00025000 08:01 6295193                    /usr/lib/x86_64-linux-gnu/libglapi.so.0.0.0
7f97e735d000-7f97e735e000 rw-p 00028000 08:01 6295193                    /usr/lib/x86_64-linux-gnu/libglapi.so.0.0.0
7f97e735e000-7f97e735f000 rw-p 00000000 00:00 0 
7f97e735f000-7f97e739c000 r-xp 00000000 08:01 5767269                    /lib/x86_64-linux-gnu/libpcre.so.3.13.1
7f97e739c000-7f97e759b000 ---p 0003d000 08:01 5767269                    /lib/x86_64-linux-gnu/libpcre.so.3.13.1
7f97e759b000-7f97e759c000 r--p 0003c000 08:01 5767269                    /lib/x86_64-linux-gnu/libpcre.so.3.13.1
7f97e759c000-7f97e759d000 rw-p 0003d000 08:01 5767269                    /lib/x86_64-linux-gnu/libpcre.so.3.13.1
7f97e759d000-7f97e75a4000 r-xp 00000000 08:01 6291835                    /usr/lib/x86_64-linux-gnu/libffi.so.6.0.1
7f97e75a4000-7f97e77a3000 ---p 00007000 08:01 6291835                    /usr/lib/x86_64-linux-gnu/libffi.so.6.0.1
7f97e77a3000-7f97e77a4000 r--p 00006000 08:01 6291835                    /usr/lib/x86_64-linux-gnu/libffi.so.6.0.1
7f97e77a4000-7f97e77a5000 rw-p 00007000 08:01 6291835                    /usr/lib/x86_64-linux-gnu/libffi.so.6.0.1
7f97e77a5000-7f97e77cc000 r-xp 00000000 08:01 5767265                    /lib/x86_64-linux-gnu/libexpat.so.1.6.0
7f97e77cc000-7f97e79cc000 ---p 00027000 08:01 5767265                    /lib/x86_64-linux-gnu/libexpat.so.1.6.0
7f97e79cc000-7f97e79ce000 r--p 00027000 08:01 5767265                    /lib/x86_64-linux-gnu/libexpat.so.1.6.0
7f97e79ce000-7f97e79cf000 rw-p 00029000 08:01 5767265                    /lib/x86_64-linux-gnu/libexpat.so.1.6.0
7f97e79cf000-7f97e79d7000 r-xp 00000000 08:01 6300591                    /usr/lib/x86_64-linux-gnu/libthai.so.0.2.0
7f97e79d7000-7f97e7bd6000 ---p 00008000 08:01 6300591                    /usr/lib/x86_64-linux-gnu/libthai.so.0.2.0
7f97e7bd6000-7f97e7bd7000 r--p 00007000 08:01 6300591                    /usr/lib/x86_64-linux-gnu/libthai.so.0.2.0
7f97e7bd7000-7f97e7bd8000 rw-p 00008000 08:01 6300591                    /usr/lib/x86_64-linux-gnu/libthai.so.0.2.0
7f97e7bd8000-7f97e7bf5000 r-xp 00000000 08:01 6300731                    /usr/lib/x86_64-linux-gnu/libxcb.so.1.1.0
7f97e7bf5000-7f97e7df5000 ---p 0001d000 08:01 6300731                    /usr/lib/x86_64-linux-gnu/libxcb.so.1.1.0
7f97e7df5000-7f97e7df6000 r--p 0001d000 08:01 6300731                    /usr/lib/x86_64-linux-gnu/libxcb.so.1.1.0
7f97e7df6000-7f97e7df7000 rw-p 0001e000 08:01 6300731                    /usr/lib/x86_64-linux-gnu/libxcb.so.1.1.0
7f97e7df7000-7f97e7dff000 r-xp 00000000 08:01 6300717                    /usr/lib/x86_64-linux-gnu/libxcb-render.so.0.0.0
7f97e7dff000-7f97e7ffe000 ---p 00008000 08:01 6300717                    /usr/lib/x86_64-linux-gnu/libxcb-render.so.0.0.0
7f97e7ffe000-7f97e7fff000 r--p 00007000 08:01 6300717                    /usr/lib/x86_64-linux-gnu/libxcb-render.so.0.0.0
7f97e7fff000-7f97e8000000 rw-p 00008000 08:01 6300717                    /usr/lib/x86_64-linux-gnu/libxcb-render.so.0.0.0
7f97e8000000-7f97e99fb000 rw-p 00000000 00:00 0 
7f97e99fb000-7f97ec000000 ---p 00000000 00:00 0 
7f97ec000000-7f97ec001000 rw-s 00000000 00:05 29233                      /drm mm object (deleted)
7f97ec001000-7f97ec04f000 r--p 00000000 08:01 6304664                    /usr/lib/jvm/java-8-oracle/jre/lib/fonts/LucidaSansDemiBold.ttf
7f97ec04f000-7f97ec089000 r--p 00000000 08:01 6304663                    /usr/lib/jvm/java-8-oracle/jre/lib/fonts/LucidaTypewriterBold.ttf
7f97ec089000-7f97ec0de000 r--p 00000000 08:01 6304662                    /usr/lib/jvm/java-8-oracle/jre/lib/fonts/LucidaBrightRegular.ttf
7f97ec0de000-7f97ec0e3000 r--s 00084000 08:01 6312109                    /usr/lib/jvm/java-8-oracle/jre/lib/jfr.jar
7f97ec0e3000-7f97ec0ee000 r--s 00000000 08:01 2097489                    /var/cache/fontconfig/945677eb7aeaf62f1d50efc3fb3ec7d8-le64.cache-4
7f97ec0ee000-7f97ec0f4000 r--s 00000000 08:01 2097475                    /var/cache/fontconfig/2cd17615ca594fa2959ae173292e504c-le64.cache-4
7f97ec0f4000-7f97ec0fb000 r--s 00000000 08:01 2097492                    /var/cache/fontconfig/a755afe4a08bf5b97852ceb7400b47bc-le64.cache-4
7f97ec0fb000-7f97ec0ff000 r--s 00000000 08:01 2108911                    /var/cache/fontconfig/de156ccd2eddbdc19d37a45b8b2aac9c-le64.cache-4
7f97ec0ff000-7f97ec101000 r-xp 00000000 08:01 6300721                    /usr/lib/x86_64-linux-gnu/libxcb-shm.so.0.0.0
7f97ec101000-7f97ec300000 ---p 00002000 08:01 6300721                    /usr/lib/x86_64-linux-gnu/libxcb-shm.so.0.0.0
7f97ec300000-7f97ec301000 r--p 00001000 08:01 6300721                    /usr/lib/x86_64-linux-gnu/libxcb-shm.so.0.0.0
7f97ec301000-7f97ec302000 rw-p 00002000 08:01 6300721                    /usr/lib/x86_64-linux-gnu/libxcb-shm.so.0.0.0
7f97ec302000-7f97ec327000 r-xp 00000000 08:01 5776345                    /lib/x86_64-linux-gnu/libpng12.so.0.50.0
7f97ec327000-7f97ec526000 ---p 00025000 08:01 5776345                    /lib/x86_64-linux-gnu/libpng12.so.0.50.0
7f97ec526000-7f97ec527000 r--p 00024000 08:01 5776345                    /lib/x86_64-linux-gnu/libpng12.so.0.50.0
7f97ec527000-7f97ec528000 rw-p 00025000 08:01 5776345                    /lib/x86_64-linux-gnu/libpng12.so.0.50.0
7f97ec528000-7f97ec5c8000 r-xp 00000000 08:01 6297232                    /usr/lib/x86_64-linux-gnu/libpixman-1.so.0.30.2
7f97ec5c8000-7f97ec7c8000 ---p 000a0000 08:01 6297232                    /usr/lib/x86_64-linux-gnu/libpixman-1.so.0.30.2
7f97ec7c8000-7f97ec7cf000 r--p 000a0000 08:01 6297232                    /usr/lib/x86_64-linux-gnu/libpixman-1.so.0.30.2
7f97ec7cf000-7f97ec7d0000 rw-p 000a7000 08:01 6297232                    /usr/lib/x86_64-linux-gnu/libpixman-1.so.0.30.2
7f97ec7d0000-7f97ec823000 r-xp 00000000 08:01 6300207                    /usr/lib/x86_64-linux-gnu/libharfbuzz.so.0.927.0
7f97ec823000-7f97eca23000 ---p 00053000 08:01 6300207                    /usr/lib/x86_64-linux-gnu/libharfbuzz.so.0.927.0
7f97eca23000-7f97eca24000 r--p 00053000 08:01 6300207                    /usr/lib/x86_64-linux-gnu/libharfbuzz.so.0.927.0
7f97eca24000-7f97eca25000 rw-p 00054000 08:01 6300207                    /usr/lib/x86_64-linux-gnu/libharfbuzz.so.0.927.0
7f97eca25000-7f97eca3c000 r-xp 00000000 08:01 5771466                    /lib/x86_64-linux-gnu/libresolv-2.19.so
7f97eca3c000-7f97ecc3c000 ---p 00017000 08:01 5771466                    /lib/x86_64-linux-gnu/libresolv-2.19.so
7f97ecc3c000-7f97ecc3d000 r--p 00017000 08:01 5771466                    /lib/x86_64-linux-gnu/libresolv-2.19.so
7f97ecc3d000-7f97ecc3e000 rw-p 00018000 08:01 5771466                    /lib/x86_64-linux-gnu/libresolv-2.19.so
7f97ecc3e000-7f97ecc40000 rw-p 00000000 00:00 0 
7f97ecc40000-7f97ecc60000 r-xp 00000000 08:01 5771673                    /lib/x86_64-linux-gnu/libselinux.so.1
7f97ecc60000-7f97ece5f000 ---p 00020000 08:01 5771673                    /lib/x86_64-linux-gnu/libselinux.so.1
7f97ece5f000-7f97ece60000 r--p 0001f000 08:01 5771673                    /lib/x86_64-linux-gnu/libselinux.so.1
7f97ece60000-7f97ece61000 rw-p 00020000 08:01 5771673                    /lib/x86_64-linux-gnu/libselinux.so.1
7f97ece61000-7f97ece63000 rw-p 00000000 00:00 0 
7f97ece63000-7f97ece7b000 r-xp 00000000 08:01 5771706                    /lib/x86_64-linux-gnu/libz.so.1.2.8
7f97ece7b000-7f97ed07a000 ---p 00018000 08:01 5771706                    /lib/x86_64-linux-gnu/libz.so.1.2.8
7f97ed07a000-7f97ed07b000 r--p 00017000 08:01 5771706                    /lib/x86_64-linux-gnu/libz.so.1.2.8
7f97ed07b000-7f97ed07c000 rw-p 00018000 08:01 5771706                    /lib/x86_64-linux-gnu/libz.so.1.2.8
7f97ed07c000-7f97ed08d000 r-xp 00000000 08:01 6299678                    /usr/lib/x86_64-linux-gnu/libXext.so.6.4.0
7f97ed08d000-7f97ed28c000 ---p 00011000 08:01 6299678                    /usr/lib/x86_64-linux-gnu/libXext.so.6.4.0
7f97ed28c000-7f97ed28d000 r--p 00010000 08:01 6299678                    /usr/lib/x86_64-linux-gnu/libXext.so.6.4.0
7f97ed28d000-7f97ed28e000 rw-p 00011000 08:01 6299678                    /usr/lib/x86_64-linux-gnu/libXext.so.6.4.0
7f97ed28e000-7f97ed290000 r-xp 00000000 08:01 6299674                    /usr/lib/x86_64-linux-gnu/libXdamage.so.1.1.0
7f97ed290000-7f97ed48f000 ---p 00002000 08:01 6299674                    /usr/lib/x86_64-linux-gnu/libXdamage.so.1.1.0
7f97ed48f000-7f97ed490000 r--p 00001000 08:01 6299674                    /usr/lib/x86_64-linux-gnu/libXdamage.so.1.1.0
7f97ed490000-7f97ed491000 rw-p 00002000 08:01 6299674                    /usr/lib/x86_64-linux-gnu/libXdamage.so.1.1.0
7f97ed491000-7f97ed493000 r-xp 00000000 08:01 6299670                    /usr/lib/x86_64-linux-gnu/libXcomposite.so.1.0.0
7f97ed493000-7f97ed692000 ---p 00002000 08:01 6299670                    /usr/lib/x86_64-linux-gnu/libXcomposite.so.1.0.0
7f97ed692000-7f97ed693000 r--p 00001000 08:01 6299670                    /usr/lib/x86_64-linux-gnu/libXcomposite.so.1.0.0
7f97ed693000-7f97ed694000 rw-p 00002000 08:01 6299670                    /usr/lib/x86_64-linux-gnu/libXcomposite.so.1.0.0
7f97ed694000-7f97ed69d000 r-xp 00000000 08:01 6299672                    /usr/lib/x86_64-linux-gnu/libXcursor.so.1.0.2
7f97ed69d000-7f97ed89c000 ---p 00009000 08:01 6299672                    /usr/lib/x86_64-linux-gnu/libXcursor.so.1.0.2
7f97ed89c000-7f97ed89d000 r--p 00008000 08:01 6299672                    /usr/lib/x86_64-linux-gnu/libXcursor.so.1.0.2
7f97ed89d000-7f97ed89e000 rw-p 00009000 08:01 6299672                    /usr/lib/x86_64-linux-gnu/libXcursor.so.1.0.2
7f97ed89e000-7f97ed8a7000 r-xp 00000000 08:01 6299698                    /usr/lib/x86_64-linux-gnu/libXrandr.so.2.2.0
7f97ed8a7000-7f97edaa6000 ---p 00009000 08:01 6299698                    /usr/lib/x86_64-linux-gnu/libXrandr.so.2.2.0
7f97edaa6000-7f97edaa7000 r--p 00008000 08:01 6299698                    /usr/lib/x86_64-linux-gnu/libXrandr.so.2.2.0
7f97edaa7000-7f97edaa8000 rw-p 00009000 08:01 6299698                    /usr/lib/x86_64-linux-gnu/libXrandr.so.2.2.0
7f97edaa8000-7f97edab7000 r-xp 00000000 08:01 6299686                    /usr/lib/x86_64-linux-gnu/libXi.so.6.1.0
7f97edab7000-7f97edcb6000 ---p 0000f000 08:01 6299686                    /usr/lib/x86_64-linux-gnu/libXi.so.6.1.0
7f97edcb6000-7f97edcb7000 r--p 0000e000 08:01 6299686                    /usr/lib/x86_64-linux-gnu/libXi.so.6.1.0
7f97edcb7000-7f97edcb8000 rw-p 0000f000 08:01 6299686                    /usr/lib/x86_64-linux-gnu/libXi.so.6.1.0
7f97edcb8000-7f97edcba000 r-xp 00000000 08:01 6299688                    /usr/lib/x86_64-linux-gnu/libXinerama.so.1.0.0
7f97edcba000-7f97edeb9000 ---p 00002000 08:01 6299688                    /usr/lib/x86_64-linux-gnu/libXinerama.so.1.0.0
7f97edeb9000-7f97edeba000 r--p 00001000 08:01 6299688                    /usr/lib/x86_64-linux-gnu/libXinerama.so.1.0.0
7f97edeba000-7f97edebb000 rw-p 00002000 08:01 6299688                    /usr/lib/x86_64-linux-gnu/libXinerama.so.1.0.0
7f97edebb000-7f97edec4000 r-xp 00000000 08:01 6299700                    /usr/lib/x86_64-linux-gnu/libXrender.so.1.3.0
7f97edec4000-7f97ee0c3000 ---p 00009000 08:01 6299700                    /usr/lib/x86_64-linux-gnu/libXrender.so.1.3.0
7f97ee0c3000-7f97ee0c4000 r--p 00008000 08:01 6299700                    /usr/lib/x86_64-linux-gnu/libXrender.so.1.3.0
7f97ee0c4000-7f97ee0c5000 rw-p 00009000 08:01 6299700                    /usr/lib/x86_64-linux-gnu/libXrender.so.1.3.0
7f97ee0c5000-7f97ee0ca000 r-xp 00000000 08:01 6299680                    /usr/lib/x86_64-linux-gnu/libXfixes.so.3.1.0
7f97ee0ca000-7f97ee2c9000 ---p 00005000 08:01 6299680                    /usr/lib/x86_64-linux-gnu/libXfixes.so.3.1.0
7f97ee2c9000-7f97ee2ca000 r--p 00004000 08:01 6299680                    /usr/lib/x86_64-linux-gnu/libXfixes.so.3.1.0
7f97ee2ca000-7f97ee2cb000 rw-p 00005000 08:01 6299680                    /usr/lib/x86_64-linux-gnu/libXfixes.so.3.1.0
7f97ee2cb000-7f97ee2e1000 r-xp 00000000 08:01 5771519                    /lib/x86_64-linux-gnu/libgcc_s.so.1
7f97ee2e1000-7f97ee4e0000 ---p 00016000 08:01 5771519                    /lib/x86_64-linux-gnu/libgcc_s.so.1
7f97ee4e0000-7f97ee4e1000 r--p 00015000 08:01 5771519                    /lib/x86_64-linux-gnu/libgcc_s.so.1
7f97ee4e1000-7f97ee4e2000 rw-p 00016000 08:01 5771519                    /lib/x86_64-linux-gnu/libgcc_s.so.1
7f97ee4e2000-7f97ee5e3000 r-xp 00000000 08:01 6312042                    /usr/lib/x86_64-linux-gnu/libstdc++.so.6.0.21
7f97ee5e3000-7f97ee7e3000 ---p 00101000 08:01 6312042                    /usr/lib/x86_64-linux-gnu/libstdc++.so.6.0.21
7f97ee7e3000-7f97ee7ea000 r--p 00101000 08:01 6312042                    /usr/lib/x86_64-linux-gnu/libstdc++.so.6.0.21
7f97ee7ea000-7f97ee7ec000 rw-p 00108000 08:01 6312042                    /usr/lib/x86_64-linux-gnu/libstdc++.so.6.0.21
7f97ee7ec000-7f97ee7ef000 rw-p 00000000 00:00 0 
7f97ee7ef000-7f97ee87d000 r-xp 00000000 08:01 6554694                    /usr/lib/x86_64-linux-gnu/mesa/libGL.so.1.2.0
7f97ee87d000-7f97eea7c000 ---p 0008e000 08:01 6554694                    /usr/lib/x86_64-linux-gnu/mesa/libGL.so.1.2.0
7f97eea7c000-7f97eea7f000 r--p 0008d000 08:01 6554694                    /usr/lib/x86_64-linux-gnu/mesa/libGL.so.1.2.0
7f97eea7f000-7f97eea80000 rw-p 00090000 08:01 6554694                    /usr/lib/x86_64-linux-gnu/mesa/libGL.so.1.2.0
7f97eea80000-7f97eea81000 rw-p 00000000 00:00 0 
7f97eea81000-7f97eea85000 r-xp 00000000 08:01 6299716                    /usr/lib/x86_64-linux-gnu/libXxf86vm.so.1.0.0
7f97eea85000-7f97eec85000 ---p 00004000 08:01 6299716                    /usr/lib/x86_64-linux-gnu/libXxf86vm.so.1.0.0
7f97eec85000-7f97eec86000 r--p 00004000 08:01 6299716                    /usr/lib/x86_64-linux-gnu/libXxf86vm.so.1.0.0
7f97eec86000-7f97eec87000 rw-p 00005000 08:01 6299716                    /usr/lib/x86_64-linux-gnu/libXxf86vm.so.1.0.0
7f97eec87000-7f97eedb7000 r-xp 00000000 08:01 6299661                    /usr/lib/x86_64-linux-gnu/libX11.so.6.3.0
7f97eedb7000-7f97eefb7000 ---p 00130000 08:01 6299661                    /usr/lib/x86_64-linux-gnu/libX11.so.6.3.0
7f97eefb7000-7f97eefb8000 r--p 00130000 08:01 6299661                    /usr/lib/x86_64-linux-gnu/libX11.so.6.3.0
7f97eefb8000-7f97eefbc000 rw-p 00131000 08:01 6299661                    /usr/lib/x86_64-linux-gnu/libX11.so.6.3.0
7f97eefbc000-7f97eefc1000 r-xp 00000000 08:01 6299706                    /usr/lib/x86_64-linux-gnu/libXtst.so.6.1.0
7f97eefc1000-7f97ef1c0000 ---p 00005000 08:01 6299706                    /usr/lib/x86_64-linux-gnu/libXtst.so.6.1.0
7f97ef1c0000-7f97ef1c1000 r--p 00004000 08:01 6299706                    /usr/lib/x86_64-linux-gnu/libXtst.so.6.1.0
7f97ef1c1000-7f97ef1c2000 rw-p 00005000 08:01 6299706                    /usr/lib/x86_64-linux-gnu/libXtst.so.6.1.0
7f97ef1c2000-7f97ef2c8000 r-xp 00000000 08:01 5771574                    /lib/x86_64-linux-gnu/libglib-2.0.so.0.4002.0
7f97ef2c8000-7f97ef4c7000 ---p 00106000 08:01 5771574                    /lib/x86_64-linux-gnu/libglib-2.0.so.0.4002.0
7f97ef4c7000-7f97ef4c8000 r--p 00105000 08:01 5771574                    /lib/x86_64-linux-gnu/libglib-2.0.so.0.4002.0
7f97ef4c8000-7f97ef4c9000 rw-p 00106000 08:01 5771574                    /lib/x86_64-linux-gnu/libglib-2.0.so.0.4002.0
7f97ef4c9000-7f97ef4ca000 rw-p 00000000 00:00 0 
7f97ef4ca000-7f97ef4cb000 r-xp 00000000 08:01 6300183                    /usr/lib/x86_64-linux-gnu/libgthread-2.0.so.0.4002.0
7f97ef4cb000-7f97ef6ca000 ---p 00001000 08:01 6300183                    /usr/lib/x86_64-linux-gnu/libgthread-2.0.so.0.4002.0
7f97ef6ca000-7f97ef6cb000 r--p 00000000 08:01 6300183                    /usr/lib/x86_64-linux-gnu/libgthread-2.0.so.0.4002.0
7f97ef6cb000-7f97ef6cc000 rw-p 00001000 08:01 6300183                    /usr/lib/x86_64-linux-gnu/libgthread-2.0.so.0.4002.0
7f97ef6cc000-7f97ef6cf000 r-xp 00000000 08:01 6300060                    /usr/lib/x86_64-linux-gnu/libgmodule-2.0.so.0.4002.0
7f97ef6cf000-7f97ef8ce000 ---p 00003000 08:01 6300060                    /usr/lib/x86_64-linux-gnu/libgmodule-2.0.so.0.4002.0
7f97ef8ce000-7f97ef8cf000 r--p 00002000 08:01 6300060                    /usr/lib/x86_64-linux-gnu/libgmodule-2.0.so.0.4002.0
7f97ef8cf000-7f97ef8d0000 rw-p 00003000 08:01 6300060                    /usr/lib/x86_64-linux-gnu/libgmodule-2.0.so.0.4002.0
7f97ef8d0000-7f97ef91f000 r-xp 00000000 08:01 6300076                    /usr/lib/x86_64-linux-gnu/libgobject-2.0.so.0.4002.0
7f97ef91f000-7f97efb1f000 ---p 0004f000 08:01 6300076                    /usr/lib/x86_64-linux-gnu/libgobject-2.0.so.0.4002.0
7f97efb1f000-7f97efb20000 r--p 0004f000 08:01 6300076                    /usr/lib/x86_64-linux-gnu/libgobject-2.0.so.0.4002.0
7f97efb20000-7f97efb21000 rw-p 00050000 08:01 6300076                    /usr/lib/x86_64-linux-gnu/libgobject-2.0.so.0.4002.0
7f97efb21000-7f97efb5b000 r-xp 00000000 08:01 6299961                    /usr/lib/x86_64-linux-gnu/libfontconfig.so.1.8.0
7f97efb5b000-7f97efd5a000 ---p 0003a000 08:01 6299961                    /usr/lib/x86_64-linux-gnu/libfontconfig.so.1.8.0
7f97efd5a000-7f97efd5c000 r--p 00039000 08:01 6299961                    /usr/lib/x86_64-linux-gnu/libfontconfig.so.1.8.0
7f97efd5c000-7f97efd5d000 rw-p 0003b000 08:01 6299961                    /usr/lib/x86_64-linux-gnu/libfontconfig.so.1.8.0
7f97efd5d000-7f97efdfa000 r-xp 00000000 08:01 6299102                    /usr/lib/x86_64-linux-gnu/libfreetype.so.6.11.1
7f97efdfa000-7f97efff9000 ---p 0009d000 08:01 6299102                    /usr/lib/x86_64-linux-gnu/libfreetype.so.6.11.1
7f97efff9000-7f97effff000 r--p 0009c000 08:01 6299102                    /usr/lib/x86_64-linux-gnu/libfreetype.so.6.11.1
7f97effff000-7f97f0000000 rw-p 000a2000 08:01 6299102                    /usr/lib/x86_64-linux-gnu/libfreetype.so.6.11.1
7f97f0000000-7f97f0021000 rw-p 00000000 00:00 0 
7f97f0021000-7f97f4000000 ---p 00000000 00:00 0 
7f97f4000000-7f97f40f1000 rw-p 00000000 00:00 0 
7f97f40f1000-7f97f8000000 ---p 00000000 00:00 0 
7f97f8000000-7f97f8021000 rw-p 00000000 00:00 0 
7f97f8021000-7f97fc000000 ---p 00000000 00:00 0 
7f97fc000000-7f97fc021000 rw-p 00000000 00:00 0 
7f97fc021000-7f9800000000 ---p 00000000 00:00 0 
7f9800000000-7f980017a000 rw-p 00000000 00:00 0 
7f980017a000-7f9804000000 ---p 00000000 00:00 0 
7f9804000000-7f98042b9000 rw-p 00000000 00:00 0 
7f98042b9000-7f9808000000 ---p 00000000 00:00 0 
7f9808000000-7f9808021000 rw-p 00000000 00:00 0 
7f9808021000-7f980c000000 ---p 00000000 00:00 0 
7f980c000000-7f980c17f000 rw-p 00000000 00:00 0 
7f980c17f000-7f9810000000 ---p 00000000 00:00 0 
7f9810000000-7f9810021000 rw-p 00000000 00:00 0 
7f9810021000-7f9814000000 ---p 00000000 00:00 0 
7f9814000000-7f9814021000 rw-p 00000000 00:00 0 
7f9814021000-7f9818000000 ---p 00000000 00:00 0 
7f9818000000-7f9818021000 rw-p 00000000 00:00 0 
7f9818021000-7f981c000000 ---p 00000000 00:00 0 
7f981c000000-7f981c021000 rw-p 00000000 00:00 0 
7f981c021000-7f9820000000 ---p 00000000 00:00 0 
7f9820000000-7f9820021000 rw-p 00000000 00:00 0 
7f9820021000-7f9824000000 ---p 00000000 00:00 0 
7f9824000000-7f9824001000 r--s 00000000 08:01 2097495                    /var/cache/fontconfig/c05880de57d1f5e948fdfacc138775d9-le64.cache-4
7f9824001000-7f9824002000 r--s 00000000 08:01 2097505                    /var/cache/fontconfig/e7071f4a29fa870f4323321c154eba04-le64.cache-4
7f9824002000-7f9824003000 r--s 00000000 08:01 2097472                    /var/cache/fontconfig/0d8c3b2ac0904cb8a57a757ad11a4a08-le64.cache-4
7f9824003000-7f9824017000 r--s 00000000 08:01 2097470                    /var/cache/fontconfig/04aabc0a78ac019cf9454389977116d2-le64.cache-4
7f9824017000-7f9824018000 r--s 00000000 08:01 2097474                    /var/cache/fontconfig/1ac9eb803944fde146138c791f5cc56a-le64.cache-4
7f9824018000-7f982401c000 r--s 00000000 08:01 2097478                    /var/cache/fontconfig/385c0604a188198f04d133e54aba7fe7-le64.cache-4
7f982401c000-7f982401d000 r--s 00000000 08:01 2097502                    /var/cache/fontconfig/dc05db6664285cc2f12bf69c139ae4c3-le64.cache-4
7f982401d000-7f9824022000 r--s 00000000 08:01 2097488                    /var/cache/fontconfig/8801497958630a81b71ace7c5f9b32a8-le64.cache-4
7f9824022000-7f9824029000 r--s 00000000 08:01 2097476                    /var/cache/fontconfig/3047814df9a2f067bd2d96a2b9c36e5a-le64.cache-4
7f9824029000-7f982402f000 r--s 00000000 08:01 2097493                    /var/cache/fontconfig/b47c4e1ecd0709278f4910c18777a504-le64.cache-4
7f982402f000-7f9824042000 r--s 00000000 08:01 2097499                    /var/cache/fontconfig/d52a8644073d54c13679302ca1180695-le64.cache-4
7f9824042000-7f9824082000 r--p 00000000 08:01 134867                     /usr/share/glib-2.0/schemas/gschemas.compiled
7f9824082000-7f98240cc000 r-xp 00000000 08:01 6300400                    /usr/lib/x86_64-linux-gnu/libpango-1.0.so.0.3600.3
7f98240cc000-7f98242cc000 ---p 0004a000 08:01 6300400                    /usr/lib/x86_64-linux-gnu/libpango-1.0.so.0.3600.3
7f98242cc000-7f98242ce000 r--p 0004a000 08:01 6300400                    /usr/lib/x86_64-linux-gnu/libpango-1.0.so.0.3600.3
7f98242ce000-7f98242cf000 rw-p 0004c000 08:01 6300400                    /usr/lib/x86_64-linux-gnu/libpango-1.0.so.0.3600.3
7f98242cf000-7f98243d5000 r-xp 00000000 08:01 6299796                    /usr/lib/x86_64-linux-gnu/libcairo.so.2.11301.0
7f98243d5000-7f98245d4000 ---p 00106000 08:01 6299796                    /usr/lib/x86_64-linux-gnu/libcairo.so.2.11301.0
7f98245d4000-7f98245d7000 r--p 00105000 08:01 6299796                    /usr/lib/x86_64-linux-gnu/libcairo.so.2.11301.0
7f98245d7000-7f98245d8000 rw-p 00108000 08:01 6299796                    /usr/lib/x86_64-linux-gnu/libcairo.so.2.11301.0
7f98245d8000-7f98245da000 rw-p 00000000 00:00 0 
7f98245da000-7f98245e5000 r-xp 00000000 08:01 6300402                    /usr/lib/x86_64-linux-gnu/libpangocairo-1.0.so.0.3600.3
7f98245e5000-7f98247e5000 ---p 0000b000 08:01 6300402                    /usr/lib/x86_64-linux-gnu/libpangocairo-1.0.so.0.3600.3
7f98247e5000-7f98247e6000 r--p 0000b000 08:01 6300402                    /usr/lib/x86_64-linux-gnu/libpangocairo-1.0.so.0.3600.3
7f98247e6000-7f98247e7000 rw-p 0000c000 08:01 6300402                    /usr/lib/x86_64-linux-gnu/libpangocairo-1.0.so.0.3600.3
7f98247e7000-7f9824807000 r-xp 00000000 08:01 6292383                    /usr/lib/x86_64-linux-gnu/libgdk_pixbuf-2.0.so.0.3000.7
7f9824807000-7f9824a06000 ---p 00020000 08:01 6292383                    /usr/lib/x86_64-linux-gnu/libgdk_pixbuf-2.0.so.0.3000.7
7f9824a06000-7f9824a07000 r--p 0001f000 08:01 6292383                    /usr/lib/x86_64-linux-gnu/libgdk_pixbuf-2.0.so.0.3000.7
7f9824a07000-7f9824a08000 rw-p 00020000 08:01 6292383                    /usr/lib/x86_64-linux-gnu/libgdk_pixbuf-2.0.so.0.3000.7
7f9824a08000-7f9824a1c000 r-xp 00000000 08:01 6300404                    /usr/lib/x86_64-linux-gnu/libpangoft2-1.0.so.0.3600.3
7f9824a1c000-7f9824c1b000 ---p 00014000 08:01 6300404                    /usr/lib/x86_64-linux-gnu/libpangoft2-1.0.so.0.3600.3
7f9824c1b000-7f9824c1c000 r--p 00013000 08:01 6300404                    /usr/lib/x86_64-linux-gnu/libpangoft2-1.0.so.0.3600.3
7f9824c1c000-7f9824c1d000 rw-p 00014000 08:01 6300404                    /usr/lib/x86_64-linux-gnu/libpangoft2-1.0.so.0.3600.3
7f9824c1d000-7f9824d89000 r-xp 00000000 08:01 6300048                    /usr/lib/x86_64-linux-gnu/libgio-2.0.so.0.4002.0
7f9824d89000-7f9824f88000 ---p 0016c000 08:01 6300048                    /usr/lib/x86_64-linux-gnu/libgio-2.0.so.0.4002.0
7f9824f88000-7f9824f8c000 r--p 0016b000 08:01 6300048                    /usr/lib/x86_64-linux-gnu/libgio-2.0.so.0.4002.0
7f9824f8c000-7f9824f8e000 rw-p 0016f000 08:01 6300048                    /usr/lib/x86_64-linux-gnu/libgio-2.0.so.0.4002.0
7f9824f8e000-7f9824f90000 rw-p 00000000 00:00 0 
7f9824f90000-7f9824faf000 r-xp 00000000 08:01 6299757                    /usr/lib/x86_64-linux-gnu/libatk-1.0.so.0.21009.1
7f9824faf000-7f98251af000 ---p 0001f000 08:01 6299757                    /usr/lib/x86_64-linux-gnu/libatk-1.0.so.0.21009.1
7f98251af000-7f98251b1000 r--p 0001f000 08:01 6299757                    /usr/lib/x86_64-linux-gnu/libatk-1.0.so.0.21009.1
7f98251b1000-7f98251b2000 rw-p 00021000 08:01 6299757                    /usr/lib/x86_64-linux-gnu/libatk-1.0.so.0.21009.1
7f98251b2000-7f982525f000 r-xp 00000000 08:01 6291938                    /usr/lib/x86_64-linux-gnu/libgdk-x11-2.0.so.0.2400.23
7f982525f000-7f982545f000 ---p 000ad000 08:01 6291938                    /usr/lib/x86_64-linux-gnu/libgdk-x11-2.0.so.0.2400.23
7f982545f000-7f9825463000 r--p 000ad000 08:01 6291938                    /usr/lib/x86_64-linux-gnu/libgdk-x11-2.0.so.0.2400.23
7f9825463000-7f9825465000 rw-p 000b1000 08:01 6291938                    /usr/lib/x86_64-linux-gnu/libgdk-x11-2.0.so.0.2400.23
7f9825465000-7f9825895000 r-xp 00000000 08:01 6295168                    /usr/lib/x86_64-linux-gnu/libgtk-x11-2.0.so.0.2400.23
7f9825895000-7f9825a94000 ---p 00430000 08:01 6295168                    /usr/lib/x86_64-linux-gnu/libgtk-x11-2.0.so.0.2400.23
7f9825a94000-7f9825a9b000 r--p 0042f000 08:01 6295168                    /usr/lib/x86_64-linux-gnu/libgtk-x11-2.0.so.0.2400.23
7f9825a9b000-7f9825a9f000 rw-p 00436000 08:01 6295168                    /usr/lib/x86_64-linux-gnu/libgtk-x11-2.0.so.0.2400.23
7f9825a9f000-7f9825aa2000 rw-p 00000000 00:00 0 
7f9825aa2000-7f9825aa4000 r--s 00000000 08:01 2097486                    /var/cache/fontconfig/767a8244fc0220cfb567a839d0392e0b-le64.cache-4
7f9825aa4000-7f9825aa5000 r--s 00000000 08:01 2100549                    /var/cache/fontconfig/4794a0821666d79190d59a36cb4f44b5-le64.cache-4
7f9825aa5000-7f9825aa6000 r--s 00000000 08:01 2097482                    /var/cache/fontconfig/56cf4f4769d0f4abc89a4895d7bd3ae1-le64.cache-4
7f9825aa6000-7f9825aaf000 r--s 00000000 08:01 2097479                    /var/cache/fontconfig/3f7329c5293ffd510edef78f73874cfd-le64.cache-4
7f9825aaf000-7f9825aba000 r--s 00000000 08:01 2107718                    /var/cache/fontconfig/d589a48862398ed80a3d6066f4f56f4c-le64.cache-4
7f9825aba000-7f9825ac6000 r-xp 00000000 08:01 6304629                    /usr/lib/jvm/java-8-oracle/jre/lib/amd64/libprism_es2.so
7f9825ac6000-7f9825cc5000 ---p 0000c000 08:01 6304629                    /usr/lib/jvm/java-8-oracle/jre/lib/amd64/libprism_es2.so
7f9825cc5000-7f9825cc6000 rw-p 0000b000 08:01 6304629                    /usr/lib/jvm/java-8-oracle/jre/lib/amd64/libprism_es2.so
7f9825cc6000-7f9825cc9000 ---p 00000000 00:00 0 
7f9825cc9000-7f9825dc7000 rw-p 00000000 00:00 0                          [stack:2741]
7f9825dc7000-7f9825dca000 ---p 00000000 00:00 0 
7f9825dca000-7f9825ec8000 rw-p 00000000 00:00 0                          [stack:2740]
7f9825ec8000-7f9825f5e000 r--s 01102000 08:01 6303489                    /usr/lib/jvm/java-8-oracle/jre/lib/ext/jfxrt.jar
7f9825f5e000-7f9825f8f000 rw-p 00000000 00:00 0 
7f9825f8f000-7f9825fa5000 r-xp 00000000 08:01 6304571                    /usr/lib/jvm/java-8-oracle/jre/lib/amd64/libnet.so
7f9825fa5000-7f98261a5000 ---p 00016000 08:01 6304571                    /usr/lib/jvm/java-8-oracle/jre/lib/amd64/libnet.so
7f98261a5000-7f98261a6000 rw-p 00016000 08:01 6304571                    /usr/lib/jvm/java-8-oracle/jre/lib/amd64/libnet.so
7f98261a6000-7f98261a9000 ---p 00000000 00:00 0 
7f98261a9000-7f98262a7000 rw-p 00000000 00:00 0                          [stack:2727]
7f98262a7000-7f98262a8000 r-xp 00000000 08:01 7085931                    /home/augustus/appDev/tools/idea-IU-143.1184.17/bin/libbreakgen64.so
7f98262a8000-7f98264a7000 ---p 00001000 08:01 7085931                    /home/augustus/appDev/tools/idea-IU-143.1184.17/bin/libbreakgen64.so
7f98264a7000-7f98264a8000 r--p 00000000 08:01 7085931                    /home/augustus/appDev/tools/idea-IU-143.1184.17/bin/libbreakgen64.so
7f98264a8000-7f98264a9000 rw-p 00001000 08:01 7085931                    /home/augustus/appDev/tools/idea-IU-143.1184.17/bin/libbreakgen64.so
7f98264a9000-7f98264bb000 r--s 00345000 08:01 6312107                    /usr/lib/jvm/java-8-oracle/jre/lib/resources.jar
7f98264bb000-7f98264ce000 r--s 000d6000 08:01 6303533                    /usr/lib/jvm/java-8-oracle/jre/lib/plugin.jar
7f98264ce000-7f98264e9000 r--s 00208000 08:01 6312138                    /usr/lib/jvm/java-8-oracle/jre/lib/deploy.jar
7f98264e9000-7f98264ea000 ---p 00000000 00:00 0 
7f98264ea000-7f98265ea000 rw-p 00000000 00:00 0                          [stack:2723]
7f98265ea000-7f98265ed000 ---p 00000000 00:00 0 
7f98265ed000-7f98266eb000 rw-p 00000000 00:00 0                          [stack:2722]
7f98266eb000-7f98266ee000 ---p 00000000 00:00 0 
7f98266ee000-7f98267ec000 rw-p 00000000 00:00 0                          [stack:2721]
7f98267ec000-7f98267ef000 ---p 00000000 00:00 0 
7f98267ef000-7f98268ed000 rw-p 00000000 00:00 0                          [stack:2720]
7f98268ed000-7f98268f0000 ---p 00000000 00:00 0 
7f98268f0000-7f98269ee000 rw-p 00000000 00:00 0                          [stack:2719]
7f98269ee000-7f98269f1000 ---p 00000000 00:00 0 
7f98269f1000-7f9826aef000 rw-p 00000000 00:00 0                          [stack:2718]
7f9826aef000-7f98271d1000 r--p 00000000 08:01 6298603                    /usr/lib/locale/locale-archive
7f98271d1000-7f98271d4000 ---p 00000000 00:00 0 
7f98271d4000-7f98272d2000 rw-p 00000000 00:00 0                          [stack:2717]
7f98272d2000-7f98272d5000 ---p 00000000 00:00 0 
7f98272d5000-7f98273d3000 rw-p 00000000 00:00 0                          [stack:2716]
7f98273d3000-7f98273d4000 ---p 00000000 00:00 0 
7f98273d4000-7f9828000000 rw-p 00000000 00:00 0                          [stack:2715]
7f9828000000-7f9828021000 rw-p 00000000 00:00 0 
7f9828021000-7f982c000000 ---p 00000000 00:00 0 
7f982c000000-7f982c00d000 r--s 00000000 08:01 2098635                    /var/cache/fontconfig/e13b20fdb08344e0e664864cc2ede53d-le64.cache-4
7f982c00d000-7f9830000000 rw-p 00000000 00:00 0 
7f9830000000-7f9830021000 rw-p 00000000 00:00 0 
7f9830021000-7f9834000000 ---p 00000000 00:00 0 
7f9834000000-7f9834003000 r--s 00000000 08:01 2104701                    /var/cache/fontconfig/e49e89034d371f0f9de17aab02136486-le64.cache-4
7f9834003000-7f9834007000 r--s 00000000 08:01 2104429                    /var/cache/fontconfig/7ef2298fde41cc6eeb7af42e48b7d293-le64.cache-4
7f9834007000-7f983424b000 rw-p 00000000 00:00 0 
7f983424b000-7f9834423000 r--s 03d1e000 08:01 6312108                    /usr/lib/jvm/java-8-oracle/jre/lib/rt.jar
7f9834423000-7f9835000000 rw-p 00000000 00:00 0 
7f9835000000-7f9835420000 rwxp 00000000 00:00 0 
7f9835420000-7f9844000000 ---p 00000000 00:00 0 
7f9844000000-7f984440d000 rw-p 00000000 00:00 0 
7f984440d000-7f9848000000 ---p 00000000 00:00 0 
7f9848000000-7f9848002000 r--s 00000000 08:01 2104679                    /var/cache/fontconfig/4b14b093aebc79c320de5e86ae1d3314-le64.cache-4
7f9848002000-7f9848007000 r--p 00000000 08:01 6834628                    /home/augustus/.config/dconf/user
7f9848007000-7f98480cc000 rw-p 00000000 00:00 0 
7f98480cc000-7f98480cd000 ---p 00000000 00:00 0 
7f98480cd000-7f98481cd000 rw-p 00000000 00:00 0                          [stack:2714]
7f98481cd000-7f98481ce000 ---p 00000000 00:00 0 
7f98481ce000-7f98482ce000 rw-p 00000000 00:00 0                          [stack:2713]
7f98482ce000-7f98482cf000 ---p 00000000 00:00 0 
7f98482cf000-7f98483cf000 rw-p 00000000 00:00 0                          [stack:2712]
7f98483cf000-7f98483d0000 ---p 00000000 00:00 0 
7f98483d0000-7f98484fa000 rw-p 00000000 00:00 0                          [stack:2711]
7f98484fa000-7f9848764000 ---p 00000000 00:00 0 
7f9848764000-7f984878e000 rw-p 00000000 00:00 0 
7f984878e000-7f98489f7000 ---p 00000000 00:00 0 
7f98489f7000-7f9848a0c000 rw-p 00000000 00:00 0 
7f9848a0c000-7f9848b41000 ---p 00000000 00:00 0 
7f9848b41000-7f9848b53000 rw-p 00000000 00:00 0 
7f9848b53000-7f9848f02000 ---p 00000000 00:00 0 
7f9848f02000-7f9848f1c000 r-xp 00000000 08:01 6304607                    /usr/lib/jvm/java-8-oracle/jre/lib/amd64/libzip.so
7f9848f1c000-7f984911c000 ---p 0001a000 08:01 6304607                    /usr/lib/jvm/java-8-oracle/jre/lib/amd64/libzip.so
7f984911c000-7f984911d000 rw-p 0001a000 08:01 6304607                    /usr/lib/jvm/java-8-oracle/jre/lib/amd64/libzip.so
7f984911d000-7f9849128000 r-xp 00000000 08:01 5780436                    /lib/x86_64-linux-gnu/libnss_files-2.19.so
7f9849128000-7f9849327000 ---p 0000b000 08:01 5780436                    /lib/x86_64-linux-gnu/libnss_files-2.19.so
7f9849327000-7f9849328000 r--p 0000a000 08:01 5780436                    /lib/x86_64-linux-gnu/libnss_files-2.19.so
7f9849328000-7f9849329000 rw-p 0000b000 08:01 5780436                    /lib/x86_64-linux-gnu/libnss_files-2.19.so
7f9849329000-7f9849334000 r-xp 00000000 08:01 5771678                    /lib/x86_64-linux-gnu/libnss_nis-2.19.so
7f9849334000-7f9849533000 ---p 0000b000 08:01 5771678                    /lib/x86_64-linux-gnu/libnss_nis-2.19.so
7f9849533000-7f9849534000 r--p 0000a000 08:01 5771678                    /lib/x86_64-linux-gnu/libnss_nis-2.19.so
7f9849534000-7f9849535000 rw-p 0000b000 08:01 5771678                    /lib/x86_64-linux-gnu/libnss_nis-2.19.so
7f9849535000-7f984954c000 r-xp 00000000 08:01 5771642                    /lib/x86_64-linux-gnu/libnsl-2.19.so
7f984954c000-7f984974b000 ---p 00017000 08:01 5771642                    /lib/x86_64-linux-gnu/libnsl-2.19.so
7f984974b000-7f984974c000 r--p 00016000 08:01 5771642                    /lib/x86_64-linux-gnu/libnsl-2.19.so
7f984974c000-7f984974d000 rw-p 00017000 08:01 5771642                    /lib/x86_64-linux-gnu/libnsl-2.19.so
7f984974d000-7f984974f000 rw-p 00000000 00:00 0 
7f984974f000-7f9849758000 r-xp 00000000 08:01 5771597                    /lib/x86_64-linux-gnu/libnss_compat-2.19.so
7f9849758000-7f9849957000 ---p 00009000 08:01 5771597                    /lib/x86_64-linux-gnu/libnss_compat-2.19.so
7f9849957000-7f9849958000 r--p 00008000 08:01 5771597                    /lib/x86_64-linux-gnu/libnss_compat-2.19.so
7f9849958000-7f9849959000 rw-p 00009000 08:01 5771597                    /lib/x86_64-linux-gnu/libnss_compat-2.19.so
7f9849959000-7f9849983000 r-xp 00000000 08:01 6304634                    /usr/lib/jvm/java-8-oracle/jre/lib/amd64/libjava.so
7f9849983000-7f9849b83000 ---p 0002a000 08:01 6304634                    /usr/lib/jvm/java-8-oracle/jre/lib/amd64/libjava.so
7f9849b83000-7f9849b85000 rw-p 0002a000 08:01 6304634                    /usr/lib/jvm/java-8-oracle/jre/lib/amd64/libjava.so
7f9849b85000-7f9849b92000 r-xp 00000000 08:01 6304585                    /usr/lib/jvm/java-8-oracle/jre/lib/amd64/libverify.so
7f9849b92000-7f9849d92000 ---p 0000d000 08:01 6304585                    /usr/lib/jvm/java-8-oracle/jre/lib/amd64/libverify.so
7f9849d92000-7f9849d94000 rw-p 0000d000 08:01 6304585                    /usr/lib/jvm/java-8-oracle/jre/lib/amd64/libverify.so
7f9849d94000-7f9849d9b000 r-xp 00000000 08:01 5772790                    /lib/x86_64-linux-gnu/librt-2.19.so
7f9849d9b000-7f9849f9a000 ---p 00007000 08:01 5772790                    /lib/x86_64-linux-gnu/librt-2.19.so
7f9849f9a000-7f9849f9b000 r--p 00006000 08:01 5772790                    /lib/x86_64-linux-gnu/librt-2.19.so
7f9849f9b000-7f9849f9c000 rw-p 00007000 08:01 5772790                    /lib/x86_64-linux-gnu/librt-2.19.so
7f9849f9c000-7f984a0a1000 r-xp 00000000 08:01 5771566                    /lib/x86_64-linux-gnu/libm-2.19.so
7f984a0a1000-7f984a2a0000 ---p 00105000 08:01 5771566                    /lib/x86_64-linux-gnu/libm-2.19.so
7f984a2a0000-7f984a2a1000 r--p 00104000 08:01 5771566                    /lib/x86_64-linux-gnu/libm-2.19.so
7f984a2a1000-7f984a2a2000 rw-p 00105000 08:01 5771566                    /lib/x86_64-linux-gnu/libm-2.19.so
7f984a2a2000-7f984af61000 r-xp 00000000 08:01 6304618                    /usr/lib/jvm/java-8-oracle/jre/lib/amd64/server/libjvm.so
7f984af61000-7f984b160000 ---p 00cbf000 08:01 6304618                    /usr/lib/jvm/java-8-oracle/jre/lib/amd64/server/libjvm.so
7f984b160000-7f984b239000 rw-p 00cbe000 08:01 6304618                    /usr/lib/jvm/java-8-oracle/jre/lib/amd64/server/libjvm.so
7f984b239000-7f984b282000 rw-p 00000000 00:00 0 
7f984b282000-7f984b43d000 r-xp 00000000 08:01 5772791                    /lib/x86_64-linux-gnu/libc-2.19.so
7f984b43d000-7f984b63c000 ---p 001bb000 08:01 5772791                    /lib/x86_64-linux-gnu/libc-2.19.so
7f984b63c000-7f984b640000 r--p 001ba000 08:01 5772791                    /lib/x86_64-linux-gnu/libc-2.19.so
7f984b640000-7f984b642000 rw-p 001be000 08:01 5772791                    /lib/x86_64-linux-gnu/libc-2.19.so
7f984b642000-7f984b647000 rw-p 00000000 00:00 0 
7f984b647000-7f984b64a000 r-xp 00000000 08:01 5771571                    /lib/x86_64-linux-gnu/libdl-2.19.so
7f984b64a000-7f984b849000 ---p 00003000 08:01 5771571                    /lib/x86_64-linux-gnu/libdl-2.19.so
7f984b849000-7f984b84a000 r--p 00002000 08:01 5771571                    /lib/x86_64-linux-gnu/libdl-2.19.so
7f984b84a000-7f984b84b000 rw-p 00003000 08:01 5771571                    /lib/x86_64-linux-gnu/libdl-2.19.so
7f984b84b000-7f984b860000 r-xp 00000000 08:01 6302219                    /usr/lib/jvm/java-8-oracle/lib/amd64/jli/libjli.so
7f984b860000-7f984ba60000 ---p 00015000 08:01 6302219                    /usr/lib/jvm/java-8-oracle/lib/amd64/jli/libjli.so
7f984ba60000-7f984ba61000 rw-p 00015000 08:01 6302219                    /usr/lib/jvm/java-8-oracle/lib/amd64/jli/libjli.so
7f984ba61000-7f984ba7a000 r-xp 00000000 08:01 5771643                    /lib/x86_64-linux-gnu/libpthread-2.19.so
7f984ba7a000-7f984bc79000 ---p 00019000 08:01 5771643                    /lib/x86_64-linux-gnu/libpthread-2.19.so
7f984bc79000-7f984bc7a000 r--p 00018000 08:01 5771643                    /lib/x86_64-linux-gnu/libpthread-2.19.so
7f984bc7a000-7f984bc7b000 rw-p 00019000 08:01 5771643                    /lib/x86_64-linux-gnu/libpthread-2.19.so
7f984bc7b000-7f984bc7f000 rw-p 00000000 00:00 0 
7f984bc7f000-7f984bca2000 r-xp 00000000 08:01 5771657                    /lib/x86_64-linux-gnu/ld-2.19.so
7f984bca2000-7f984bca3000 r--s 00000000 08:01 2097494                    /var/cache/fontconfig/b9d506c9ac06c20b433354fa67a72993-le64.cache-4
7f984bca3000-7f984bca4000 r--s 00000000 08:01 2097471                    /var/cache/fontconfig/0c9eb80ebd1c36541ebe2852d3bb0c49-le64.cache-4
7f984bca4000-7f984bca5000 r--s 00000000 00:16 17801                      /run/user/1000/dconf/user
7f984bca5000-7f984bca7000 r--s 0001e000 08:01 7085876                    /home/augustus/appDev/tools/idea-IU-143.1184.17/lib/idea_rt.jar
7f984bca7000-7f984bca8000 r--s 00000000 08:01 6312097                    /usr/lib/jvm/java-8-oracle/jre/lib/management-agent.jar
7f984bca8000-7f984bcac000 r--s 00097000 08:01 6303534                    /usr/lib/jvm/java-8-oracle/jre/lib/jsse.jar
7f984bcac000-7f984bcae000 r--s 00007000 08:01 6304762                    /usr/lib/jvm/java-8-oracle/jre/lib/jfxswt.jar
7f984bcae000-7f984bcb7000 r--s 0006c000 08:01 6312131                    /usr/lib/jvm/java-8-oracle/jre/lib/javaws.jar
7f984bcb7000-7f984bd82000 rw-p 00000000 00:00 0 
7f984bd82000-7f984bd85000 ---p 00000000 00:00 0 
7f984bd85000-7f984be87000 rw-p 00000000 00:00 0                          [stack:2710]
7f984be87000-7f984be8c000 r--s 00084000 08:01 6312109                    /usr/lib/jvm/java-8-oracle/jre/lib/jfr.jar
7f984be8c000-7f984be8f000 r--s 0001a000 08:01 6312134                    /usr/lib/jvm/java-8-oracle/jre/lib/jce.jar
7f984be8f000-7f984be95000 r--s 002f8000 08:01 6304651                    /usr/lib/jvm/java-8-oracle/jre/lib/charsets.jar
7f984be95000-7f984be9d000 rw-s 00000000 08:01 2370993                    /tmp/hsperfdata_augustus/2709
7f984be9d000-7f984be9e000 rw-p 00000000 00:00 0 
7f984be9e000-7f984be9f000 ---p 00000000 00:00 0 
7f984be9f000-7f984bea1000 rw-p 00000000 00:00 0 
7f984bea1000-7f984bea2000 r--p 00022000 08:01 5771657                    /lib/x86_64-linux-gnu/ld-2.19.so
7f984bea2000-7f984bea3000 rw-p 00023000 08:01 5771657                    /lib/x86_64-linux-gnu/ld-2.19.so
7f984bea3000-7f984bea4000 rw-p 00000000 00:00 0 
7fffd3503000-7fffd3524000 rw-p 00000000 00:00 0                          [stack]
7fffd35ac000-7fffd35ae000 r--p 00000000 00:00 0                          [vvar]
7fffd35ae000-7fffd35b0000 r-xp 00000000 00:00 0                          [vdso]
ffffffffff600000-ffffffffff601000 r-xp 00000000 00:00 0                  [vsyscall]

VM Arguments:
jvm_args: -Didea.launcher.port=7532 -Didea.launcher.bin.path=/home/augustus/appDev/tools/idea-IU-143.1184.17/bin -Dfile.encoding=UTF-8 
java_command: com.intellij.rt.execution.application.AppMain server.Main
java_class_path (initial): /usr/lib/jvm/java-8-oracle/jre/lib/charsets.jar:/usr/lib/jvm/java-8-oracle/jre/lib/deploy.jar:/usr/lib/jvm/java-8-oracle/jre/lib/ext/cldrdata.jar:/usr/lib/jvm/java-8-oracle/jre/lib/ext/dnsns.jar:/usr/lib/jvm/java-8-oracle/jre/lib/ext/jaccess.jar:/usr/lib/jvm/java-8-oracle/jre/lib/ext/jfxrt.jar:/usr/lib/jvm/java-8-oracle/jre/lib/ext/localedata.jar:/usr/lib/jvm/java-8-oracle/jre/lib/ext/nashorn.jar:/usr/lib/jvm/java-8-oracle/jre/lib/ext/sunec.jar:/usr/lib/jvm/java-8-oracle/jre/lib/ext/sunjce_provider.jar:/usr/lib/jvm/java-8-oracle/jre/lib/ext/sunpkcs11.jar:/usr/lib/jvm/java-8-oracle/jre/lib/ext/zipfs.jar:/usr/lib/jvm/java-8-oracle/jre/lib/javaws.jar:/usr/lib/jvm/java-8-oracle/jre/lib/jce.jar:/usr/lib/jvm/java-8-oracle/jre/lib/jfr.jar:/usr/lib/jvm/java-8-oracle/jre/lib/jfxswt.jar:/usr/lib/jvm/java-8-oracle/jre/lib/jsse.jar:/usr/lib/jvm/java-8-oracle/jre/lib/management-agent.jar:/usr/lib/jvm/java-8-oracle/jre/lib/plugin.jar:/usr/lib/jvm/java-8-oracle/jre/lib/resources.jar:/usr/lib/jvm/java-8-oracle/jre/lib/rt.jar:/home/augustus/IdeaProjects/PlayGamesServer/out/production/PlayGamesServer:/home/augustus/appDev/tools/idea-IU-143.1184.17/lib/idea_rt.jar
Launcher Type: SUN_STANDARD

Environment Variables:
JAVA_HOME=/usr/lib/jvm/java-8-oracle
PATH=/usr/local/sbin:/usr/local/bin:/usr/sbin:/usr/bin:/sbin:/bin:/usr/games:/usr/local/games:/usr/lib/jvm/java-8-oracle/bin:/usr/lib/jvm/java-8-oracle/db/bin:/usr/lib/jvm/java-8-oracle/jre/bin
LD_LIBRARY_PATH=/home/augustus/appDev/tools/idea-IU-143.1184.17/bin:
SHELL=/bin/bash
DISPLAY=:0

Signal Handlers:
SIGSEGV: [libjvm.so+0xabb070], sa_mask[0]=11111111011111111101111111111110, sa_flags=SA_RESTART|SA_SIGINFO
SIGBUS: [libjvm.so+0xabb070], sa_mask[0]=11111111011111111101111111111110, sa_flags=SA_RESTART|SA_SIGINFO
SIGFPE: [libjvm.so+0x918480], sa_mask[0]=11111111011111111101111111111110, sa_flags=SA_RESTART|SA_SIGINFO
SIGPIPE: SIG_IGN, sa_mask[0]=00000000000010000000000000000000, sa_flags=SA_RESTART
SIGXFSZ: [libjvm.so+0x918480], sa_mask[0]=11111111011111111101111111111110, sa_flags=SA_RESTART|SA_SIGINFO
SIGILL: [libjvm.so+0x918480], sa_mask[0]=11111111011111111101111111111110, sa_flags=SA_RESTART|SA_SIGINFO
SIGUSR1: SIG_DFL, sa_mask[0]=00000000000000000000000000000000, sa_flags=none
SIGUSR2: [libjvm.so+0x919ab0], sa_mask[0]=00100000000000000000000000000000, sa_flags=SA_RESTART|SA_SIGINFO
SIGHUP: [libjvm.so+0x91aeb0], sa_mask[0]=11111111011111111101111111111110, sa_flags=SA_RESTART|SA_SIGINFO
SIGINT: [libjvm.so+0x91aeb0], sa_mask[0]=11111111011111111101111111111110, sa_flags=SA_RESTART|SA_SIGINFO
SIGTERM: [libjvm.so+0x91aeb0], sa_mask[0]=11111111011111111101111111111110, sa_flags=SA_RESTART|SA_SIGINFO
SIGQUIT: [libjvm.so+0x91aeb0], sa_mask[0]=11111111011111111101111111111110, sa_flags=SA_RESTART|SA_SIGINFO


---------------  S Y S T E M  ---------------

OS:DISTRIB_ID=Ubuntu
DISTRIB_RELEASE=14.04
DISTRIB_CODENAME=trusty
DISTRIB_DESCRIPTION="Ubuntu 14.04.4 LTS"

uname:Linux 3.19.0-58-generic #64~14.04.1-Ubuntu SMP Fri Mar 18 19:05:43 UTC 2016 x86_64
libc:glibc 2.19 NPTL 2.19 
rlimit: STACK 8192k, CORE 0k, NPROC 31557, NOFILE 4096, AS infinity
load average:2.93 0.82 0.28

/proc/meminfo:
MemTotal:        8100080 kB
MemFree:         5702404 kB
MemAvailable:    6515456 kB
Buffers:           68812 kB
Cached:          1120344 kB
SwapCached:            0 kB
Active:          1366796 kB
Inactive:         889360 kB
Active(anon):    1068628 kB
Inactive(anon):   225128 kB
Active(file):     298168 kB
Inactive(file):   664232 kB
Unevictable:           0 kB
Mlocked:               0 kB
SwapTotal:       8311804 kB
SwapFree:        8311804 kB
Dirty:              7820 kB
Writeback:             0 kB
AnonPages:       1067072 kB
Mapped:           208000 kB
Shmem:            226760 kB
Slab:              65180 kB
SReclaimable:      39176 kB
SUnreclaim:        26004 kB
KernelStack:        7648 kB
PageTables:        25976 kB
NFS_Unstable:          0 kB
Bounce:                0 kB
WritebackTmp:          0 kB
CommitLimit:    12361844 kB
Committed_AS:    3958148 kB
VmallocTotal:   34359738367 kB
VmallocUsed:      362140 kB
VmallocChunk:   34359362136 kB
HardwareCorrupted:     0 kB
AnonHugePages:    364544 kB
CmaTotal:              0 kB
CmaFree:               0 kB
HugePages_Total:       0
HugePages_Free:        0
HugePages_Rsvd:        0
HugePages_Surp:        0
Hugepagesize:       2048 kB
DirectMap4k:       88444 kB
DirectMap2M:     8224768 kB


CPU:total 4 (2 cores per cpu, 2 threads per core) family 6 model 37 stepping 2, cmov, cx8, fxsr, mmx, sse, sse2, sse3, ssse3, sse4.1, sse4.2, popcnt, aes, clmul, ht, tsc, tscinvbit

/proc/cpuinfo:
processor	: 0
vendor_id	: GenuineIntel
cpu family	: 6
model		: 37
model name	: Intel(R) Core(TM) i5 CPU       M 520  @ 2.40GHz
stepping	: 2
microcode	: 0x9
cpu MHz		: 2400.000
cache size	: 3072 KB
physical id	: 0
siblings	: 4
core id		: 0
cpu cores	: 2
apicid		: 0
initial apicid	: 0
fpu		: yes
fpu_exception	: yes
cpuid level	: 11
wp		: yes
flags		: fpu vme de pse tsc msr pae mce cx8 apic sep mtrr pge mca cmov pat pse36 clflush dts acpi mmx fxsr sse sse2 ss ht tm pbe syscall nx rdtscp lm constant_tsc arch_perfmon pebs bts rep_good nopl xtopology nonstop_tsc aperfmperf pni pclmulqdq dtes64 monitor ds_cpl vmx smx est tm2 ssse3 cx16 xtpr pdcm sse4_1 sse4_2 popcnt aes lahf_lm ida arat dtherm tpr_shadow vnmi flexpriority ept vpid
bugs		:
bogomips	: 4788.15
clflush size	: 64
cache_alignment	: 64
address sizes	: 36 bits physical, 48 bits virtual
power management:

processor	: 1
vendor_id	: GenuineIntel
cpu family	: 6
model		: 37
model name	: Intel(R) Core(TM) i5 CPU       M 520  @ 2.40GHz
stepping	: 2
microcode	: 0x9
cpu MHz		: 2400.000
cache size	: 3072 KB
physical id	: 0
siblings	: 4
core id		: 2
cpu cores	: 2
apicid		: 4
initial apicid	: 4
fpu		: yes
fpu_exception	: yes
cpuid level	: 11
wp		: yes
flags		: fpu vme de pse tsc msr pae mce cx8 apic sep mtrr pge mca cmov pat pse36 clflush dts acpi mmx fxsr sse sse2 ss ht tm pbe syscall nx rdtscp lm constant_tsc arch_perfmon pebs bts rep_good nopl xtopology nonstop_tsc aperfmperf pni pclmulqdq dtes64 monitor ds_cpl vmx smx est tm2 ssse3 cx16 xtpr pdcm sse4_1 sse4_2 popcnt aes lahf_lm ida arat dtherm tpr_shadow vnmi flexpriority ept vpid
bugs		:
bogomips	: 4788.15
clflush size	: 64
cache_alignment	: 64
address sizes	: 36 bits physical, 48 bits virtual
power management:

processor	: 2
vendor_id	: GenuineIntel
cpu family	: 6
model		: 37
model name	: Intel(R) Core(TM) i5 CPU       M 520  @ 2.40GHz
stepping	: 2
microcode	: 0x9
cpu MHz		: 2400.000
cache size	: 3072 KB
physical id	: 0
siblings	: 4
core id		: 0
cpu cores	: 2
apicid		: 1
initial apicid	: 1
fpu		: yes
fpu_exception	: yes
cpuid level	: 11
wp		: yes
flags		: fpu vme de pse tsc msr pae mce cx8 apic sep mtrr pge mca cmov pat pse36 clflush dts acpi mmx fxsr sse sse2 ss ht tm pbe syscall nx rdtscp lm constant_tsc arch_perfmon pebs bts rep_good nopl xtopology nonstop_tsc aperfmperf pni pclmulqdq dtes64 monitor ds_cpl vmx smx est tm2 ssse3 cx16 xtpr pdcm sse4_1 sse4_2 popcnt aes lahf_lm ida arat dtherm tpr_shadow vnmi flexpriority ept vpid
bugs		:
bogomips	: 4788.15
clflush size	: 64
cache_alignment	: 64
address sizes	: 36 bits physical, 48 bits virtual
power management:

processor	: 3
vendor_id	: GenuineIntel
cpu family	: 6
model		: 37
model name	: Intel(R) Core(TM) i5 CPU       M 520  @ 2.40GHz
stepping	: 2
microcode	: 0x9
cpu MHz		: 2400.000
cache size	: 3072 KB
physical id	: 0
siblings	: 4
core id		: 2
cpu cores	: 2
apicid		: 5
initial apicid	: 5
fpu		: yes
fpu_exception	: yes
cpuid level	: 11
wp		: yes
flags		: fpu vme de pse tsc msr pae mce cx8 apic sep mtrr pge mca cmov pat pse36 clflush dts acpi mmx fxsr sse sse2 ss ht tm pbe syscall nx rdtscp lm constant_tsc arch_perfmon pebs bts rep_good nopl xtopology nonstop_tsc aperfmperf pni pclmulqdq dtes64 monitor ds_cpl vmx smx est tm2 ssse3 cx16 xtpr pdcm sse4_1 sse4_2 popcnt aes lahf_lm ida arat dtherm tpr_shadow vnmi flexpriority ept vpid
bugs		:
bogomips	: 4788.15
clflush size	: 64
cache_alignment	: 64
address sizes	: 36 bits physical, 48 bits virtual
power management:



Memory: 4k page, physical 8100080k(5702404k free), swap 8311804k(8311804k free)

vm_info: Java HotSpot(TM) 64-Bit Server VM (25.77-b03) for linux-amd64 JRE (1.8.0_77-b03), built on Mar 20 2016 22:00:46 by "java_re" with gcc 4.3.0 20080428 (Red Hat 4.3.0-8)

time: Wed Apr 13 14:41:24 2016
elapsed time: 5 seconds (0d 0h 0m 5s)

